#
# There is insufficient memory for the Java Runtime Environment to continue.
# Native memory allocation (mmap) failed to map 65536 bytes for Failed to commit metaspace.
# Possible reasons:
#   The system is out of physical RAM or swap space
#   The process is running with CompressedOops enabled, and the Java Heap may be blocking the growth of the native heap
# Possible solutions:
#   Reduce memory load on the system
#   Increase physical memory or swap space
#   Check if swap backing store is full
#   Decrease Java heap size (-Xmx/-Xms)
#   Decrease number of Java threads
#   Decrease Java thread stack sizes (-Xss)
#   Set larger code cache with -XX:ReservedCodeCacheSize=
#   JVM is running with Unscaled Compressed Oops mode in which the Java heap is
#     placed in the first 4GB address space. The Java Heap base address is the
#     maximum limit for the native heap growth. Please use -XX:HeapBaseMinAddress
#     to set the Java Heap base and to place the Java Heap above 4GB virtual address.
# This output file may be truncated or incomplete.
#
#  Out of Memory Error (virtualSpaceNode.cpp:110), pid=38076, tid=38892
#
# JRE version: Java(TM) SE Runtime Environment (17.0.12+8) (build 17.0.12+8-LTS-286)
# Java VM: Java HotSpot(TM) 64-Bit Server VM (17.0.12+8-LTS-286, mixed mode, sharing, tiered, compressed oops, compressed class ptrs, g1 gc, windows-amd64)
# No core dump will be written. Minidumps are not enabled by default on client versions of Windows
#

---------------  S U M M A R Y ------------

Command Line: -Xmx64m -Xms64m -Dorg.gradle.appname=gradlew org.gradle.wrapper.GradleWrapperMain app:installDebug -PreactNativeDevServerPort=8081

Host: Intel(R) Core(TM) i7-10750H CPU @ 2.60GHz, 12 cores, 15G,  Windows 11 , 64 bit Build 22621 (10.0.22621.4391)
Time: Mon Dec  2 10:50:54 2024 Eastern Standard Time elapsed time: 11.832672 seconds (0d 0h 0m 11s)

---------------  T H R E A D  ---------------

Current thread (0x00000187a5c4e5f0):  JavaThread "main" [_thread_in_vm, id=38892, stack(0x00000035d2e00000,0x00000035d2f00000)]

Stack: [0x00000035d2e00000,0x00000035d2f00000]
Native frames: (J=compiled Java code, j=interpreted, Vv=VM code, C=native code)
V  [jvm.dll+0x67a04a]
V  [jvm.dll+0x7da4ed]
V  [jvm.dll+0x7dbe33]
V  [jvm.dll+0x7dc4a3]
V  [jvm.dll+0x24508f]
V  [jvm.dll+0x7d60bb]
V  [jvm.dll+0x6206c6]
V  [jvm.dll+0x62072a]
V  [jvm.dll+0x622f4d]
V  [jvm.dll+0x621086]
V  [jvm.dll+0x2429bc]
V  [jvm.dll+0x6d0a9d]
V  [jvm.dll+0x6d146f]
V  [jvm.dll+0x36e355]
V  [jvm.dll+0x36e1c6]
V  [jvm.dll+0x36d404]
V  [jvm.dll+0x36d3a8]
V  [jvm.dll+0x561be5]
V  [jvm.dll+0x560b6c]
V  [jvm.dll+0x380f73]
V  [jvm.dll+0x3805df]
C  0x00000187b4a2a48a

Java frames: (J=compiled Java code, j=interpreted, Vv=VM code)
j  java.lang.Class.getGenericInfo()Lsun/reflect/generics/repository/ClassRepository;+30 java.base@17.0.12
j  java.lang.Class.getGenericInterfaces()[Ljava/lang/reflect/Type;+1 java.base@17.0.12
j  org.gradle.internal.service.DefaultServiceRegistry$SingletonService.findFactoryElementType(Ljava/lang/reflect/Type;)Ljava/lang/Class;+64
j  org.gradle.internal.service.DefaultServiceRegistry$SingletonService.findFactoryElementType(Ljava/util/List;)Ljava/lang/Class;+27
j  org.gradle.internal.service.DefaultServiceRegistry$SingletonService.isFactoryFor(Ljava/lang/Class;)Z+11
j  org.gradle.internal.service.DefaultServiceRegistry$SingletonService.getFactory(Ljava/lang/Class;Lorg/gradle/internal/service/ServiceAccessToken;)Lorg/gradle/internal/service/Service;+17
j  org.gradle.internal.service.DefaultServiceRegistry$OwnServices.getFactory(Ljava/lang/Class;Lorg/gradle/internal/service/ServiceAccessToken;)Lorg/gradle/internal/service/Service;+40
j  org.gradle.internal.service.DefaultServiceRegistry.getFactoryService(Ljava/lang/Class;)Lorg/gradle/internal/service/Service;+10
j  org.gradle.internal.service.DefaultServiceRegistry.getFactory(Ljava/lang/Class;)Lorg/gradle/internal/Factory;+6
j  org.gradle.launcher.cli.DefaultCommandLineActionFactory$WithLogging.execute(Lorg/gradle/launcher/bootstrap/ExecutionListener;)V+210
j  org.gradle.launcher.Main.doAction([Ljava/lang/String;Lorg/gradle/launcher/bootstrap/ExecutionListener;)V+14
j  org.gradle.launcher.bootstrap.EntryPoint.run([Ljava/lang/String;)V+12
v  ~StubRoutines::call_stub
j  jdk.internal.reflect.NativeMethodAccessorImpl.invoke0(Ljava/lang/reflect/Method;Ljava/lang/Object;[Ljava/lang/Object;)Ljava/lang/Object;+0 java.base@17.0.12
j  jdk.internal.reflect.NativeMethodAccessorImpl.invoke(Ljava/lang/Object;[Ljava/lang/Object;)Ljava/lang/Object;+133 java.base@17.0.12
j  jdk.internal.reflect.DelegatingMethodAccessorImpl.invoke(Ljava/lang/Object;[Ljava/lang/Object;)Ljava/lang/Object;+6 java.base@17.0.12
j  java.lang.reflect.Method.invoke(Ljava/lang/Object;[Ljava/lang/Object;)Ljava/lang/Object;+59 java.base@17.0.12
j  org.gradle.launcher.bootstrap.ProcessBootstrap.runNoExit(Ljava/lang/String;Ljava/lang/String;Ljava/lang/String;[Ljava/lang/String;)V+205
j  org.gradle.launcher.bootstrap.ProcessBootstrap.run(Ljava/lang/String;Ljava/lang/String;Ljava/lang/String;[Ljava/lang/String;)V+4
j  org.gradle.launcher.GradleMain.main([Ljava/lang/String;)V+68
v  ~StubRoutines::call_stub
j  jdk.internal.reflect.NativeMethodAccessorImpl.invoke0(Ljava/lang/reflect/Method;Ljava/lang/Object;[Ljava/lang/Object;)Ljava/lang/Object;+0 java.base@17.0.12
j  jdk.internal.reflect.NativeMethodAccessorImpl.invoke(Ljava/lang/Object;[Ljava/lang/Object;)Ljava/lang/Object;+133 java.base@17.0.12
j  jdk.internal.reflect.DelegatingMethodAccessorImpl.invoke(Ljava/lang/Object;[Ljava/lang/Object;)Ljava/lang/Object;+6 java.base@17.0.12
j  java.lang.reflect.Method.invoke(Ljava/lang/Object;[Ljava/lang/Object;)Ljava/lang/Object;+59 java.base@17.0.12
j  org.gradle.wrapper.GradleWrapperMain.main([Ljava/lang/String;)V+1826
v  ~StubRoutines::call_stub

---------------  P R O C E S S  ---------------

Threads class SMR info:
_java_thread_list=0x00000187bf914250, length=12, elements={
0x00000187a5c4e5f0, 0x00000187bf851170, 0x00000187bf852750, 0x00000187bf86b8e0,
0x00000187bf8716e0, 0x00000187bf871fb0, 0x00000187bf872880, 0x00000187bf873890,
0x00000187bf874640, 0x00000187bf8770b0, 0x00000187bfa771d0, 0x00000187bfa7a160
}

Java Threads: ( => current thread )
=>0x00000187a5c4e5f0 JavaThread "main" [_thread_in_vm, id=38892, stack(0x00000035d2e00000,0x00000035d2f00000)]
  0x00000187bf851170 JavaThread "Reference Handler" daemon [_thread_blocked, id=45968, stack(0x00000035d3500000,0x00000035d3600000)]
  0x00000187bf852750 JavaThread "Finalizer" daemon [_thread_blocked, id=50204, stack(0x00000035d3600000,0x00000035d3700000)]
  0x00000187bf86b8e0 JavaThread "Signal Dispatcher" daemon [_thread_blocked, id=36628, stack(0x00000035d3700000,0x00000035d3800000)]
  0x00000187bf8716e0 JavaThread "Attach Listener" daemon [_thread_blocked, id=6012, stack(0x00000035d3800000,0x00000035d3900000)]
  0x00000187bf871fb0 JavaThread "Service Thread" daemon [_thread_blocked, id=47640, stack(0x00000035d3900000,0x00000035d3a00000)]
  0x00000187bf872880 JavaThread "Monitor Deflation Thread" daemon [_thread_blocked, id=38792, stack(0x00000035d3a00000,0x00000035d3b00000)]
  0x00000187bf873890 JavaThread "C2 CompilerThread0" daemon [_thread_blocked, id=21344, stack(0x00000035d3b00000,0x00000035d3c00000)]
  0x00000187bf874640 JavaThread "C1 CompilerThread0" daemon [_thread_blocked, id=40496, stack(0x00000035d3c00000,0x00000035d3d00000)]
  0x00000187bf8770b0 JavaThread "Sweeper thread" daemon [_thread_blocked, id=28680, stack(0x00000035d3d00000,0x00000035d3e00000)]
  0x00000187bfa771d0 JavaThread "Notification Thread" daemon [_thread_blocked, id=45364, stack(0x00000035d3e00000,0x00000035d3f00000)]
  0x00000187bfa7a160 JavaThread "Common-Cleaner" daemon [_thread_blocked, id=35576, stack(0x00000035d4000000,0x00000035d4100000)]

Other Threads:
  0x00000187bf84cc50 VMThread "VM Thread" [stack: 0x00000035d3400000,0x00000035d3500000] [id=41548] _threads_hazard_ptr=0x00000187bf914250
  0x00000187bfa796c0 WatcherThread [stack: 0x00000035d3f00000,0x00000035d4000000] [id=35572]
  0x00000187a5c6eb60 GCTaskThread "GC Thread#0" [stack: 0x00000035d2f00000,0x00000035d3000000] [id=30468]
  0x00000188052fbd20 GCTaskThread "GC Thread#1" [stack: 0x00000035d4100000,0x00000035d4200000] [id=52428]
  0x00000188052f2760 GCTaskThread "GC Thread#2" [stack: 0x00000035d4200000,0x00000035d4300000] [id=52484]
  0x00000188052f2a20 GCTaskThread "GC Thread#3" [stack: 0x00000035d4300000,0x00000035d4400000] [id=52488]
  0x00000187a5c702b0 ConcurrentGCThread "G1 Main Marker" [stack: 0x00000035d3000000,0x00000035d3100000] [id=30880]
  0x00000187a5c70cc0 ConcurrentGCThread "G1 Conc#0" [stack: 0x00000035d3100000,0x00000035d3200000] [id=29904]
  0x00000187a5cd9260 ConcurrentGCThread "G1 Refine#0" [stack: 0x00000035d3200000,0x00000035d3300000] [id=13996]
  0x00000187a5cd9c90 ConcurrentGCThread "G1 Service" [stack: 0x00000035d3300000,0x00000035d3400000] [id=33868]

Threads with active compile tasks:

VM state: synchronizing (normal execution)

VM Mutex/Monitor currently owned by a thread:  ([mutex/lock_event])
[0x00000187a5c48930] Metaspace_lock - owner thread: 0x00000187a5c4e5f0
[0x00000187a5c49280] Threads_lock - owner thread: 0x00000187bf84cc50

Heap address: 0x00000000fc000000, size: 64 MB, Compressed Oops mode: 32-bit

CDS archive(s) mapped at: [0x00000187c0000000-0x00000187c0bd0000-0x00000187c0bd0000), size 12386304, SharedBaseAddress: 0x00000187c0000000, ArchiveRelocationMode: 1.
Compressed class space mapped at: 0x00000187c1000000-0x0000018801000000, reserved size: 1073741824
Narrow klass base: 0x00000187c0000000, Narrow klass shift: 0, Narrow klass range: 0x100000000

GC Precious Log:
 CPUs: 12 total, 12 available
 Memory: 16129M
 Large Page Support: Disabled
 NUMA Support: Disabled
 Compressed Oops: Enabled (32-bit)
 Heap Region Size: 1M
 Heap Min Capacity: 64M
 Heap Initial Capacity: 64M
 Heap Max Capacity: 64M
 Pre-touch: Disabled
 Parallel Workers: 10
 Concurrent Workers: 3
 Concurrent Refinement Workers: 10
 Periodic GC: Disabled

Heap:
 garbage-first heap   total 65536K, used 18432K [0x00000000fc000000, 0x0000000100000000)
  region size 1024K, 14 young (14336K), 3 survivors (3072K)
 Metaspace       used 3521K, committed 3648K, reserved 1114112K
  class space    used 423K, committed 512K, reserved 1048576K

Heap Regions: E=young(eden), S=young(survivor), O=old, HS=humongous(starts), HC=humongous(continues), CS=collection set, F=free, OA=open archive, CA=closed archive, TAMS=top-at-mark-start (previous, next)
|   0|0x00000000fc000000, 0x00000000fc100000, 0x00000000fc100000|100%| O|  |TAMS 0x00000000fc000000, 0x00000000fc000000| Untracked 
|   1|0x00000000fc100000, 0x00000000fc200000, 0x00000000fc200000|100%|HS|  |TAMS 0x00000000fc100000, 0x00000000fc100000| Complete 
|   2|0x00000000fc200000, 0x00000000fc300000, 0x00000000fc300000|100%|HC|  |TAMS 0x00000000fc200000, 0x00000000fc200000| Complete 
|   3|0x00000000fc300000, 0x00000000fc400000, 0x00000000fc400000|100%|HC|  |TAMS 0x00000000fc300000, 0x00000000fc300000| Complete 
|   4|0x00000000fc400000, 0x00000000fc500000, 0x00000000fc500000|100%|HC|  |TAMS 0x00000000fc400000, 0x00000000fc400000| Complete 
|   5|0x00000000fc500000, 0x00000000fc500000, 0x00000000fc600000|  0%| F|  |TAMS 0x00000000fc500000, 0x00000000fc500000| Untracked 
|   6|0x00000000fc600000, 0x00000000fc600000, 0x00000000fc700000|  0%| F|  |TAMS 0x00000000fc600000, 0x00000000fc600000| Untracked 
|   7|0x00000000fc700000, 0x00000000fc700000, 0x00000000fc800000|  0%| F|  |TAMS 0x00000000fc700000, 0x00000000fc700000| Untracked 
|   8|0x00000000fc800000, 0x00000000fc800000, 0x00000000fc900000|  0%| F|  |TAMS 0x00000000fc800000, 0x00000000fc800000| Untracked 
|   9|0x00000000fc900000, 0x00000000fc900000, 0x00000000fca00000|  0%| F|  |TAMS 0x00000000fc900000, 0x00000000fc900000| Untracked 
|  10|0x00000000fca00000, 0x00000000fca00000, 0x00000000fcb00000|  0%| F|  |TAMS 0x00000000fca00000, 0x00000000fca00000| Untracked 
|  11|0x00000000fcb00000, 0x00000000fcb00000, 0x00000000fcc00000|  0%| F|  |TAMS 0x00000000fcb00000, 0x00000000fcb00000| Untracked 
|  12|0x00000000fcc00000, 0x00000000fcc00000, 0x00000000fcd00000|  0%| F|  |TAMS 0x00000000fcc00000, 0x00000000fcc00000| Untracked 
|  13|0x00000000fcd00000, 0x00000000fcd00000, 0x00000000fce00000|  0%| F|  |TAMS 0x00000000fcd00000, 0x00000000fcd00000| Untracked 
|  14|0x00000000fce00000, 0x00000000fce00000, 0x00000000fcf00000|  0%| F|  |TAMS 0x00000000fce00000, 0x00000000fce00000| Untracked 
|  15|0x00000000fcf00000, 0x00000000fcf00000, 0x00000000fd000000|  0%| F|  |TAMS 0x00000000fcf00000, 0x00000000fcf00000| Untracked 
|  16|0x00000000fd000000, 0x00000000fd000000, 0x00000000fd100000|  0%| F|  |TAMS 0x00000000fd000000, 0x00000000fd000000| Untracked 
|  17|0x00000000fd100000, 0x00000000fd100000, 0x00000000fd200000|  0%| F|  |TAMS 0x00000000fd100000, 0x00000000fd100000| Untracked 
|  18|0x00000000fd200000, 0x00000000fd200000, 0x00000000fd300000|  0%| F|  |TAMS 0x00000000fd200000, 0x00000000fd200000| Untracked 
|  19|0x00000000fd300000, 0x00000000fd300000, 0x00000000fd400000|  0%| F|  |TAMS 0x00000000fd300000, 0x00000000fd300000| Untracked 
|  20|0x00000000fd400000, 0x00000000fd400000, 0x00000000fd500000|  0%| F|  |TAMS 0x00000000fd400000, 0x00000000fd400000| Untracked 
|  21|0x00000000fd500000, 0x00000000fd500000, 0x00000000fd600000|  0%| F|  |TAMS 0x00000000fd500000, 0x00000000fd500000| Untracked 
|  22|0x00000000fd600000, 0x00000000fd600000, 0x00000000fd700000|  0%| F|  |TAMS 0x00000000fd600000, 0x00000000fd600000| Untracked 
|  23|0x00000000fd700000, 0x00000000fd700000, 0x00000000fd800000|  0%| F|  |TAMS 0x00000000fd700000, 0x00000000fd700000| Untracked 
|  24|0x00000000fd800000, 0x00000000fd800000, 0x00000000fd900000|  0%| F|  |TAMS 0x00000000fd800000, 0x00000000fd800000| Untracked 
|  25|0x00000000fd900000, 0x00000000fd900000, 0x00000000fda00000|  0%| F|  |TAMS 0x00000000fd900000, 0x00000000fd900000| Untracked 
|  26|0x00000000fda00000, 0x00000000fda00000, 0x00000000fdb00000|  0%| F|  |TAMS 0x00000000fda00000, 0x00000000fda00000| Untracked 
|  27|0x00000000fdb00000, 0x00000000fdb00000, 0x00000000fdc00000|  0%| F|  |TAMS 0x00000000fdb00000, 0x00000000fdb00000| Untracked 
|  28|0x00000000fdc00000, 0x00000000fdc00000, 0x00000000fdd00000|  0%| F|  |TAMS 0x00000000fdc00000, 0x00000000fdc00000| Untracked 
|  29|0x00000000fdd00000, 0x00000000fdd00000, 0x00000000fde00000|  0%| F|  |TAMS 0x00000000fdd00000, 0x00000000fdd00000| Untracked 
|  30|0x00000000fde00000, 0x00000000fde00000, 0x00000000fdf00000|  0%| F|  |TAMS 0x00000000fde00000, 0x00000000fde00000| Untracked 
|  31|0x00000000fdf00000, 0x00000000fdf00000, 0x00000000fe000000|  0%| F|  |TAMS 0x00000000fdf00000, 0x00000000fdf00000| Untracked 
|  32|0x00000000fe000000, 0x00000000fe000000, 0x00000000fe100000|  0%| F|  |TAMS 0x00000000fe000000, 0x00000000fe000000| Untracked 
|  33|0x00000000fe100000, 0x00000000fe100000, 0x00000000fe200000|  0%| F|  |TAMS 0x00000000fe100000, 0x00000000fe100000| Untracked 
|  34|0x00000000fe200000, 0x00000000fe200000, 0x00000000fe300000|  0%| F|  |TAMS 0x00000000fe200000, 0x00000000fe200000| Untracked 
|  35|0x00000000fe300000, 0x00000000fe300000, 0x00000000fe400000|  0%| F|  |TAMS 0x00000000fe300000, 0x00000000fe300000| Untracked 
|  36|0x00000000fe400000, 0x00000000fe400000, 0x00000000fe500000|  0%| F|  |TAMS 0x00000000fe400000, 0x00000000fe400000| Untracked 
|  37|0x00000000fe500000, 0x00000000fe500000, 0x00000000fe600000|  0%| F|  |TAMS 0x00000000fe500000, 0x00000000fe500000| Untracked 
|  38|0x00000000fe600000, 0x00000000fe700000, 0x00000000fe700000|100%| S|CS|TAMS 0x00000000fe600000, 0x00000000fe600000| Complete 
|  39|0x00000000fe700000, 0x00000000fe800000, 0x00000000fe800000|100%| S|CS|TAMS 0x00000000fe700000, 0x00000000fe700000| Complete 
|  40|0x00000000fe800000, 0x00000000fe900000, 0x00000000fe900000|100%| S|CS|TAMS 0x00000000fe800000, 0x00000000fe800000| Complete 
|  41|0x00000000fe900000, 0x00000000fe900000, 0x00000000fea00000|  0%| F|  |TAMS 0x00000000fe900000, 0x00000000fe900000| Untracked 
|  42|0x00000000fea00000, 0x00000000fea00000, 0x00000000feb00000|  0%| F|  |TAMS 0x00000000fea00000, 0x00000000fea00000| Untracked 
|  43|0x00000000feb00000, 0x00000000feb00000, 0x00000000fec00000|  0%| F|  |TAMS 0x00000000feb00000, 0x00000000feb00000| Untracked 
|  44|0x00000000fec00000, 0x00000000fec00000, 0x00000000fed00000|  0%| F|  |TAMS 0x00000000fec00000, 0x00000000fec00000| Untracked 
|  45|0x00000000fed00000, 0x00000000fed00000, 0x00000000fee00000|  0%| F|  |TAMS 0x00000000fed00000, 0x00000000fed00000| Untracked 
|  46|0x00000000fee00000, 0x00000000fee00000, 0x00000000fef00000|  0%| F|  |TAMS 0x00000000fee00000, 0x00000000fee00000| Untracked 
|  47|0x00000000fef00000, 0x00000000fef00000, 0x00000000ff000000|  0%| F|  |TAMS 0x00000000fef00000, 0x00000000fef00000| Untracked 
|  48|0x00000000ff000000, 0x00000000ff000000, 0x00000000ff100000|  0%| F|  |TAMS 0x00000000ff000000, 0x00000000ff000000| Untracked 
|  49|0x00000000ff100000, 0x00000000ff100000, 0x00000000ff200000|  0%| F|  |TAMS 0x00000000ff100000, 0x00000000ff100000| Untracked 
|  50|0x00000000ff200000, 0x00000000ff200000, 0x00000000ff300000|  0%| F|  |TAMS 0x00000000ff200000, 0x00000000ff200000| Untracked 
|  51|0x00000000ff300000, 0x00000000ff300000, 0x00000000ff400000|  0%| F|  |TAMS 0x00000000ff300000, 0x00000000ff300000| Untracked 
|  52|0x00000000ff400000, 0x00000000ff400000, 0x00000000ff500000|  0%| F|  |TAMS 0x00000000ff400000, 0x00000000ff400000| Untracked 
|  53|0x00000000ff500000, 0x00000000ff580800, 0x00000000ff600000| 50%| E|  |TAMS 0x00000000ff500000, 0x00000000ff500000| Complete 
|  54|0x00000000ff600000, 0x00000000ff700000, 0x00000000ff700000|100%| E|CS|TAMS 0x00000000ff600000, 0x00000000ff600000| Complete 
|  55|0x00000000ff700000, 0x00000000ff800000, 0x00000000ff800000|100%| E|CS|TAMS 0x00000000ff700000, 0x00000000ff700000| Complete 
|  56|0x00000000ff800000, 0x00000000ff900000, 0x00000000ff900000|100%| E|CS|TAMS 0x00000000ff800000, 0x00000000ff800000| Complete 
|  57|0x00000000ff900000, 0x00000000ffa00000, 0x00000000ffa00000|100%| E|CS|TAMS 0x00000000ff900000, 0x00000000ff900000| Complete 
|  58|0x00000000ffa00000, 0x00000000ffb00000, 0x00000000ffb00000|100%| E|CS|TAMS 0x00000000ffa00000, 0x00000000ffa00000| Complete 
|  59|0x00000000ffb00000, 0x00000000ffc00000, 0x00000000ffc00000|100%| E|CS|TAMS 0x00000000ffb00000, 0x00000000ffb00000| Complete 
|  60|0x00000000ffc00000, 0x00000000ffd00000, 0x00000000ffd00000|100%| E|CS|TAMS 0x00000000ffc00000, 0x00000000ffc00000| Complete 
|  61|0x00000000ffd00000, 0x00000000ffe00000, 0x00000000ffe00000|100%| E|CS|TAMS 0x00000000ffd00000, 0x00000000ffd00000| Complete 
|  62|0x00000000ffe00000, 0x00000000fff00000, 0x00000000fff00000|100%| E|CS|TAMS 0x00000000ffe00000, 0x00000000ffe00000| Complete 
|  63|0x00000000fff00000, 0x0000000100000000, 0x0000000100000000|100%| E|CS|TAMS 0x00000000fff00000, 0x00000000fff00000| Complete 

Card table byte_map: [0x00000187a5b80000,0x00000187a5ba0000] _byte_map_base: 0x00000187a53a0000

Marking Bits (Prev, Next): (CMBitMap*) 0x00000187a5c6f180, (CMBitMap*) 0x00000187a5c6f1c0
 Prev Bits: [0x00000187bca50000, 0x00000187bcb50000)
 Next Bits: [0x00000187bcb50000, 0x00000187bcc50000)

Polling page: 0x00000187a53f0000

Metaspace:

Usage:
  Non-class:      3.03 MB used.
      Class:    423.05 KB used.
       Both:      3.44 MB used.

Virtual space:
  Non-class space:       64.00 MB reserved,       3.06 MB (  5%) committed,  1 nodes.
      Class space:        1.00 GB reserved,     512.00 KB ( <1%) committed,  1 nodes.
             Both:        1.06 GB reserved,       3.56 MB ( <1%) committed. 

Chunk freelists:
   Non-Class:  10.78 MB
       Class:  15.47 MB
        Both:  26.25 MB

MaxMetaspaceSize: unlimited
CompressedClassSpaceSize: 1.00 GB
Initial GC threshold: 21.00 MB
Current GC threshold: 21.00 MB
CDS: on
MetaspaceReclaimPolicy: balanced
 - commit_granule_bytes: 65536.
 - commit_granule_words: 8192.
 - virtual_space_node_default_size: 8388608.
 - enlarge_chunks_in_place: 1.
 - new_chunks_are_fully_committed: 0.
 - uncommit_free_chunks: 1.
 - use_allocation_guard: 0.
 - handle_deallocations: 1.


Internal statistics:

num_allocs_failed_limit: 0.
num_arena_births: 18.
num_arena_deaths: 0.
num_vsnodes_births: 2.
num_vsnodes_deaths: 0.
num_space_committed: 57.
num_space_uncommitted: 0.
num_chunks_returned_to_freelist: 0.
num_chunks_taken_from_freelist: 98.
num_chunk_merges: 0.
num_chunk_splits: 63.
num_chunks_enlarged: 56.
num_inconsistent_stats: 0.

CodeHeap 'non-profiled nmethods': size=120000Kb used=429Kb max_used=429Kb free=119570Kb
 bounds [0x00000187b4fb0000, 0x00000187b5220000, 0x00000187bc4e0000]
CodeHeap 'profiled nmethods': size=120000Kb used=1718Kb max_used=1718Kb free=118281Kb
 bounds [0x00000187ad4e0000, 0x00000187ad750000, 0x00000187b4a10000]
CodeHeap 'non-nmethods': size=5760Kb used=1128Kb max_used=1173Kb free=4631Kb
 bounds [0x00000187b4a10000, 0x00000187b4c80000, 0x00000187b4fb0000]
 total_blobs=1301 nmethods=889 adapters=325
 compilation: enabled
              stopped_count=0, restarted_count=0
 full_count=0

Compilation events (20 events):
Event: 11.792 Thread 0x00000187bf874640 nmethod 878 0x00000187ad684b90 code [0x00000187ad684d60, 0x00000187ad685178]
Event: 11.792 Thread 0x00000187bf874640  875       3       org.gradle.internal.installation.GradleInstallation$1::accept (5 bytes)
Event: 11.796 Thread 0x00000187bf874640 nmethod 875 0x00000187ad685310 code [0x00000187ad685500, 0x00000187ad685a88]
Event: 11.800 Thread 0x00000187bf874640  879       3       java.util.ArrayList::<init> (12 bytes)
Event: 11.800 Thread 0x00000187bf873890  880       4       java.util.regex.Matcher::match (154 bytes)
Event: 11.802 Thread 0x00000187bf874640 nmethod 879 0x00000187ad685c90 code [0x00000187ad685e40, 0x00000187ad6860d8]
Event: 11.804 Thread 0x00000187bf874640  881       3       java.lang.ClassLoader::getDefinedPackage (36 bytes)
Event: 11.804 Thread 0x00000187bf874640 nmethod 881 0x00000187ad686210 code [0x00000187ad686400, 0x00000187ad686988]
Event: 11.814 Thread 0x00000187bf873890 nmethod 880 0x00000187b501a010 code [0x00000187b501a1e0, 0x00000187b501a748]
Event: 11.814 Thread 0x00000187bf874640  883       3       java.util.Properties$LineReader::readLine (584 bytes)
Event: 11.817 Thread 0x00000187bf874640 nmethod 883 0x00000187ad686b90 code [0x00000187ad686f60, 0x00000187ad689ad8]
Event: 11.817 Thread 0x00000187bf874640  886       1       org.gradle.internal.buildoption.AbstractBuildOption::getProperty (5 bytes)
Event: 11.817 Thread 0x00000187bf874640 nmethod 886 0x00000187b501ae90 code [0x00000187b501b020, 0x00000187b501b0f8]
Event: 11.817 Thread 0x00000187bf874640  887       1       org.gradle.internal.buildoption.AbstractBuildOption::getDeprecatedProperty (5 bytes)
Event: 11.817 Thread 0x00000187bf874640 nmethod 887 0x00000187b501b190 code [0x00000187b501b320, 0x00000187b501b3f8]
Event: 11.817 Thread 0x00000187bf874640  888       1       java.util.concurrent.ConcurrentHashMap$MapEntry::getKey (5 bytes)
Event: 11.817 Thread 0x00000187bf874640 nmethod 888 0x00000187b501b490 code [0x00000187b501b620, 0x00000187b501b6f8]
Event: 11.817 Thread 0x00000187bf874640  885       3       jdk.internal.org.objectweb.asm.ByteVector::put122 (93 bytes)
Event: 11.817 Thread 0x00000187bf874640 nmethod 885 0x00000187ad68a810 code [0x00000187ad68a9c0, 0x00000187ad68ac48]
Event: 11.818 Thread 0x00000187bf874640  889       3       java.net.URLClassLoader::isSealed (72 bytes)

GC Heap History (2 events):
Event: 4.764 GC heap before
{Heap before GC invocations=0 (full 0):
 garbage-first heap   total 65536K, used 22528K [0x00000000fc000000, 0x0000000100000000)
  region size 1024K, 23 young (23552K), 0 survivors (0K)
 Metaspace       used 1809K, committed 1920K, reserved 1114112K
  class space    used 158K, committed 192K, reserved 1048576K
}
Event: 4.917 GC heap after
{Heap after GC invocations=1 (full 0):
 garbage-first heap   total 65536K, used 4096K [0x00000000fc000000, 0x0000000100000000)
  region size 1024K, 3 young (3072K), 3 survivors (3072K)
 Metaspace       used 1809K, committed 1920K, reserved 1114112K
  class space    used 158K, committed 192K, reserved 1048576K
}

Deoptimization events (20 events):
Event: 11.790 Thread 0x00000187a5c4e5f0 Uncommon trap: trap_request=0xffffff45 fr.pc=0x00000187b4fcdddc relative=0x00000000000001bc
Event: 11.790 Thread 0x00000187a5c4e5f0 Uncommon trap: reason=unstable_if action=reinterpret pc=0x00000187b4fcdddc method=java.util.regex.Matcher.reset()Ljava/util/regex/Matcher; @ 47 c2
Event: 11.790 Thread 0x00000187a5c4e5f0 DEOPT PACKING pc=0x00000187b4fcdddc sp=0x00000035d2efd820
Event: 11.790 Thread 0x00000187a5c4e5f0 DEOPT UNPACKING pc=0x00000187b4a623a3 sp=0x00000035d2efd7a8 mode 2
Event: 11.790 Thread 0x00000187a5c4e5f0 Uncommon trap: trap_request=0xffffffde fr.pc=0x00000187b4fce5ac relative=0x00000000000003cc
Event: 11.790 Thread 0x00000187a5c4e5f0 Uncommon trap: reason=class_check action=maybe_recompile pc=0x00000187b4fce5ac method=java.util.regex.Matcher.match(II)Z @ 121 c2
Event: 11.790 Thread 0x00000187a5c4e5f0 DEOPT PACKING pc=0x00000187b4fce5ac sp=0x00000035d2efd870
Event: 11.790 Thread 0x00000187a5c4e5f0 DEOPT UNPACKING pc=0x00000187b4a623a3 sp=0x00000035d2efd818 mode 2
Event: 11.790 Thread 0x00000187a5c4e5f0 Uncommon trap: trap_request=0xffffffde fr.pc=0x00000187b4fce5ac relative=0x00000000000003cc
Event: 11.790 Thread 0x00000187a5c4e5f0 Uncommon trap: reason=class_check action=maybe_recompile pc=0x00000187b4fce5ac method=java.util.regex.Matcher.match(II)Z @ 121 c2
Event: 11.790 Thread 0x00000187a5c4e5f0 DEOPT PACKING pc=0x00000187b4fce5ac sp=0x00000035d2efd870
Event: 11.790 Thread 0x00000187a5c4e5f0 DEOPT UNPACKING pc=0x00000187b4a623a3 sp=0x00000035d2efd818 mode 2
Event: 11.791 Thread 0x00000187a5c4e5f0 Uncommon trap: trap_request=0xffffffde fr.pc=0x00000187b4fce5ac relative=0x00000000000003cc
Event: 11.791 Thread 0x00000187a5c4e5f0 Uncommon trap: reason=class_check action=maybe_recompile pc=0x00000187b4fce5ac method=java.util.regex.Matcher.match(II)Z @ 121 c2
Event: 11.791 Thread 0x00000187a5c4e5f0 DEOPT PACKING pc=0x00000187b4fce5ac sp=0x00000035d2efd6f0
Event: 11.791 Thread 0x00000187a5c4e5f0 DEOPT UNPACKING pc=0x00000187b4a623a3 sp=0x00000035d2efd698 mode 2
Event: 11.791 Thread 0x00000187a5c4e5f0 Uncommon trap: trap_request=0xffffffde fr.pc=0x00000187b4fce5ac relative=0x00000000000003cc
Event: 11.791 Thread 0x00000187a5c4e5f0 Uncommon trap: reason=class_check action=maybe_recompile pc=0x00000187b4fce5ac method=java.util.regex.Matcher.match(II)Z @ 121 c2
Event: 11.791 Thread 0x00000187a5c4e5f0 DEOPT PACKING pc=0x00000187b4fce5ac sp=0x00000035d2efd6f0
Event: 11.791 Thread 0x00000187a5c4e5f0 DEOPT UNPACKING pc=0x00000187b4a623a3 sp=0x00000035d2efd698 mode 2

Classes unloaded (0 events):
No events

Classes redefined (0 events):
No events

Internal exceptions (2 events):
Event: 2.630 Thread 0x00000187a5c4e5f0 Exception <a 'java/lang/NoSuchMethodError'{0x00000000ffc4ce68}: 'int java.lang.invoke.DirectMethodHandle$Holder.invokeStaticInit(java.lang.Object, java.lang.Object)'> (0x00000000ffc4ce68) 
thrown [s\open\src\hotspot\share\interpreter\linkResolver.cpp, line 759]
Event: 11.809 Thread 0x00000187a5c4e5f0 Exception <a 'java/lang/NoSuchMethodError'{0x00000000ff6f99a8}: 'void java.lang.invoke.DirectMethodHandle$Holder.invokeStatic(java.lang.Object, java.lang.Object)'> (0x00000000ff6f99a8) 
thrown [s\open\src\hotspot\share\interpreter\linkResolver.cpp, line 759]

VM Operations (14 events):
Event: 2.230 Executing VM operation: HandshakeAllThreads
Event: 2.230 Executing VM operation: HandshakeAllThreads done
Event: 3.243 Executing VM operation: Cleanup
Event: 3.243 Executing VM operation: Cleanup done
Event: 4.247 Executing VM operation: Cleanup
Event: 4.247 Executing VM operation: Cleanup done
Event: 4.764 Executing VM operation: G1CollectForAllocation
Event: 4.917 Executing VM operation: G1CollectForAllocation done
Event: 5.926 Executing VM operation: Cleanup
Event: 5.926 Executing VM operation: Cleanup done
Event: 10.993 Executing VM operation: Cleanup
Event: 11.009 Executing VM operation: Cleanup done
Event: 11.303 Executing VM operation: HandshakeAllThreads
Event: 11.303 Executing VM operation: HandshakeAllThreads done

Events (20 events):
Event: 11.256 loading class java/util/AbstractQueue done
Event: 11.256 loading class java/util/concurrent/ConcurrentLinkedQueue done
Event: 11.256 loading class java/util/concurrent/ConcurrentLinkedQueue$Node
Event: 11.264 loading class java/util/concurrent/ConcurrentLinkedQueue$Node done
Event: 11.266 loading class java/util/NoSuchElementException
Event: 11.295 loading class java/util/NoSuchElementException done
Event: 11.296 loading class java/lang/reflect/ParameterizedType
Event: 11.300 loading class java/lang/reflect/ParameterizedType done
Event: 11.441 loading class java/io/InvalidObjectException
Event: 11.443 loading class java/io/ObjectStreamException
Event: 11.450 loading class java/io/ObjectStreamException done
Event: 11.450 loading class java/io/InvalidObjectException done
Event: 11.496 loading class java/lang/NumberFormatException
Event: 11.498 loading class java/lang/NumberFormatException done
Event: 11.818 loading class sun/reflect/generics/repository/ClassRepository
Event: 11.818 loading class sun/reflect/generics/repository/GenericDeclRepository
Event: 11.818 loading class sun/reflect/generics/repository/AbstractRepository
Event: 11.819 loading class sun/reflect/generics/repository/AbstractRepository done
Event: 11.819 loading class sun/reflect/generics/repository/GenericDeclRepository done
Event: 11.819 loading class sun/reflect/generics/repository/ClassRepository done


Dynamic libraries:
0x00007ff7296f0000 - 0x00007ff729700000 	C:\Program Files\Java\jdk-17\bin\java.exe
0x00007ff994010000 - 0x00007ff994227000 	C:\WINDOWS\SYSTEM32\ntdll.dll
0x00007ff992450000 - 0x00007ff992514000 	C:\WINDOWS\System32\KERNEL32.DLL
0x00007ff991440000 - 0x00007ff9917f9000 	C:\WINDOWS\System32\KERNELBASE.dll
0x0000000067740000 - 0x0000000067a6e000 	C:\Program Files\Norton Security\NortonData\22.20.5.39\Definitions\IPSDefs\20241129.064\IPSEng64.dll
0x00007ff9938f0000 - 0x00007ff9939a2000 	C:\WINDOWS\System32\ADVAPI32.dll
0x00007ff992cf0000 - 0x00007ff992d97000 	C:\WINDOWS\System32\msvcrt.dll
0x00007ff993b00000 - 0x00007ff993ba7000 	C:\WINDOWS\System32\sechost.dll
0x00007ff991d00000 - 0x00007ff991d28000 	C:\WINDOWS\System32\bcrypt.dll
0x00007ff991db0000 - 0x00007ff991ec4000 	C:\WINDOWS\System32\RPCRT4.dll
0x00007ff993720000 - 0x00007ff993728000 	C:\WINDOWS\System32\PSAPI.DLL
0x00007ff9918a0000 - 0x00007ff9919b1000 	C:\WINDOWS\System32\ucrtbase.dll
0x00007ff976310000 - 0x00007ff976329000 	C:\Program Files\Java\jdk-17\bin\jli.dll
0x00007ff993bb0000 - 0x00007ff993d5e000 	C:\WINDOWS\System32\USER32.dll
0x00007ff991cd0000 - 0x00007ff991cf6000 	C:\WINDOWS\System32\win32u.dll
0x00007ff993fa0000 - 0x00007ff993fc9000 	C:\WINDOWS\System32\GDI32.dll
0x00007ff9919c0000 - 0x00007ff991adb000 	C:\WINDOWS\System32\gdi32full.dll
0x00007ff991800000 - 0x00007ff99189a000 	C:\WINDOWS\System32\msvcp_win.dll
0x00007ff976260000 - 0x00007ff97627b000 	C:\Program Files\Java\jdk-17\bin\VCRUNTIME140.dll
0x00007ff96b7b0000 - 0x00007ff96ba42000 	C:\WINDOWS\WinSxS\amd64_microsoft.windows.common-controls_6595b64144ccf1df_6.0.22621.4391_none_2715d37f73803e96\COMCTL32.dll
0x00007ff97e8d0000 - 0x00007ff97e8da000 	C:\WINDOWS\SYSTEM32\VERSION.dll
0x00007ff993ac0000 - 0x00007ff993af1000 	C:\WINDOWS\System32\IMM32.DLL
0x00007ff97d800000 - 0x00007ff97d80c000 	C:\Program Files\Java\jdk-17\bin\vcruntime140_1.dll
0x00007ff939a70000 - 0x00007ff939afe000 	C:\Program Files\Java\jdk-17\bin\msvcp140.dll
0x00007ff926b40000 - 0x00007ff927720000 	C:\Program Files\Java\jdk-17\bin\server\jvm.dll
0x00007ff97c450000 - 0x00007ff97c459000 	C:\WINDOWS\SYSTEM32\WSOCK32.dll
0x00007ff9928e0000 - 0x00007ff992951000 	C:\WINDOWS\System32\WS2_32.dll
0x00007ff98ecc0000 - 0x00007ff98ecf4000 	C:\WINDOWS\SYSTEM32\WINMM.dll
0x00007ff990380000 - 0x00007ff990398000 	C:\WINDOWS\SYSTEM32\kernel.appcore.dll
0x00007ff966970000 - 0x00007ff96697a000 	C:\Program Files\Java\jdk-17\bin\jimage.dll
0x00007ff98ea80000 - 0x00007ff98ecb2000 	C:\WINDOWS\SYSTEM32\DBGHELP.DLL
0x00007ff992960000 - 0x00007ff992cef000 	C:\WINDOWS\System32\combase.dll
0x00007ff993e60000 - 0x00007ff993f37000 	C:\WINDOWS\System32\OLEAUT32.dll
0x00007ff98ea40000 - 0x00007ff98ea72000 	C:\WINDOWS\SYSTEM32\dbgcore.DLL
0x00007ff991c50000 - 0x00007ff991ccb000 	C:\WINDOWS\System32\bcryptPrimitives.dll
0x00007ff9662f0000 - 0x00007ff966315000 	C:\Program Files\Java\jdk-17\bin\java.dll
0x00007ff933de0000 - 0x00007ff933eb7000 	C:\Program Files\Java\jdk-17\bin\jsvml.dll
0x00007ff992da0000 - 0x00007ff993616000 	C:\WINDOWS\System32\SHELL32.dll
0x00007ff98f0a0000 - 0x00007ff98f9a3000 	C:\WINDOWS\SYSTEM32\windows.storage.dll
0x00007ff98f9f0000 - 0x00007ff98fb2f000 	C:\WINDOWS\SYSTEM32\wintypes.dll
0x00007ff9939c0000 - 0x00007ff993ab9000 	C:\WINDOWS\System32\SHCORE.dll
0x00007ff991ed0000 - 0x00007ff991f2e000 	C:\WINDOWS\System32\shlwapi.dll
0x00007ff991240000 - 0x00007ff99126b000 	C:\WINDOWS\SYSTEM32\profapi.dll
0x00007ff966280000 - 0x00007ff966299000 	C:\Program Files\Java\jdk-17\bin\net.dll
0x00007ff986310000 - 0x00007ff986446000 	C:\WINDOWS\SYSTEM32\WINHTTP.dll
0x00007ff990880000 - 0x00007ff9908e9000 	C:\WINDOWS\system32\mswsock.dll
0x00007ff9613d0000 - 0x00007ff9613e6000 	C:\Program Files\Java\jdk-17\bin\nio.dll
0x00007ff95d990000 - 0x00007ff95d9a8000 	C:\Program Files\Java\jdk-17\bin\zip.dll
0x00007ff966960000 - 0x00007ff966970000 	C:\Program Files\Java\jdk-17\bin\verify.dll

dbghelp: loaded successfully - version: 4.0.5 - missing functions: none
symbol engine: initialized successfully - sym options: 0x614 - pdb path: .;C:\Program Files\Java\jdk-17\bin;C:\WINDOWS\SYSTEM32;C:\Program Files\Norton Security\NortonData\22.20.5.39\Definitions\IPSDefs\20241129.064;C:\WINDOWS\WinSxS\amd64_microsoft.windows.common-controls_6595b64144ccf1df_6.0.22621.4391_none_2715d37f73803e96;C:\Program Files\Java\jdk-17\bin\server

VM Arguments:
jvm_args: -Xmx64m -Xms64m -Dorg.gradle.appname=gradlew 
java_command: org.gradle.wrapper.GradleWrapperMain app:installDebug -PreactNativeDevServerPort=8081
java_class_path (initial): C:\Users\mahco\PhoneProjects\FlyerDraft3CLI\android\\gradle\wrapper\gradle-wrapper.jar
Launcher Type: SUN_STANDARD

[Global flags]
     intx CICompilerCount                          = 4                                         {product} {ergonomic}
     uint ConcGCThreads                            = 3                                         {product} {ergonomic}
     uint G1ConcRefinementThreads                  = 10                                        {product} {ergonomic}
   size_t G1HeapRegionSize                         = 1048576                                   {product} {ergonomic}
    uintx GCDrainStackTargetSize                   = 64                                        {product} {ergonomic}
   size_t InitialHeapSize                          = 67108864                                  {product} {command line}
   size_t MarkStackSize                            = 4194304                                   {product} {ergonomic}
   size_t MaxHeapSize                              = 67108864                                  {product} {command line}
   size_t MaxNewSize                               = 39845888                                  {product} {ergonomic}
   size_t MinHeapDeltaBytes                        = 1048576                                   {product} {ergonomic}
   size_t MinHeapSize                              = 67108864                                  {product} {command line}
    uintx NonNMethodCodeHeapSize                   = 5839372                                {pd product} {ergonomic}
    uintx NonProfiledCodeHeapSize                  = 122909434                              {pd product} {ergonomic}
    uintx ProfiledCodeHeapSize                     = 122909434                              {pd product} {ergonomic}
    uintx ReservedCodeCacheSize                    = 251658240                              {pd product} {ergonomic}
     bool SegmentedCodeCache                       = true                                      {product} {ergonomic}
   size_t SoftMaxHeapSize                          = 67108864                               {manageable} {ergonomic}
     bool UseCompressedClassPointers               = true                           {product lp64_product} {ergonomic}
     bool UseCompressedOops                        = true                           {product lp64_product} {ergonomic}
     bool UseG1GC                                  = true                                      {product} {ergonomic}
     bool UseLargePagesIndividualAllocation        = false                                  {pd product} {ergonomic}

Logging:
Log output configuration:
 #0: stdout all=warning uptime,level,tags
 #1: stderr all=off uptime,level,tags

Environment Variables:
JAVA_HOME=C:\Program Files\Java\jdk-17
CLASSPATH=C:\Users\mahco\PhoneProjects\FlyerDraft3CLI\android\\gradle\wrapper\gradle-wrapper.jar
PATH=C:\Users\mahco\PhoneProjects\FlyerDraft3CLI\node_modules\.bin;C:\Users\mahco\PhoneProjects\FlyerDraft3CLI\node_modules\.bin;C:\Users\mahco\PhoneProjects\node_modules\.bin;C:\Users\mahco\node_modules\.bin;C:\Users\node_modules\.bin;C:\node_modules\.bin;C:\Users\mahco\AppData\Roaming\npm\node_modules\npm\node_modules\@npmcli\run-script\lib\node-gyp-bin;C:\Users\mahco\PhoneProjects\FlyerDraft3CLI\node_modules\.bin;C:\Users\mahco\PhoneProjects\FlyerDraft3CLI\node_modules\.bin;C:\Users\mahco\PhoneProjects\node_modules\.bin;C:\Users\mahco\node_modules\.bin;C:\Users\node_modules\.bin;C:\node_modules\.bin;C:\Users\mahco\AppData\Roaming\npm\node_modules\npm\node_modules\@npmcli\run-script\lib\node-gyp-bin;C:\Program Files\Eclipse Adoptium\jdk-17.0.13.11-hotspot\bin;C:\Python312\Scripts\;C:\Python312\;C:\Program Files\Common Files\Oracle\Java\javapath;C:\Program Files\Microsoft\jdk-11.0.16.101-hotspot\bin;C:\Windows\system32;C:\Windows;C:\Windows\System32\Wbem;C:\Windows\System32\WindowsPowerShell\v1.0\;C:\Windows\System32\OpenSSH\;C:\Program Files (x86)\NVIDIA Corporation\PhysX\Common;C:\Program Files\NVIDIA Corporation\NVIDIA NvDLISR;C:\WINDOWS\system32;C:\WINDOWS;C:\WINDOWS\System32\Wbem;C:\WINDOWS\System32\WindowsPowerShell\v1.0\;C:\WINDOWS\System32\OpenSSH\;C:\Program Files\dotnet\;C:\Program Files\Microsoft SQL Server\150\Tools\Binn\;C:\Program Files\Microsoft SQL Server\Client SDK\ODBC\170\Tools\Binn\;C:\Program Files (x86)\dotnet\;C:\WINDOWS\system32;C:\WINDOWS;C:\WINDOWS\System32\Wbem;C:\WINDOWS\System32\WindowsPowerShell\v1.0\;C:\WINDOWS\System32\OpenSSH\;C:\Program Files\Git\cmd;C:\Program Files (x86)\Microsoft SQL Server\160\Tools\Binn\;C:\Program Files\Microsoft SQL Server\160\Tools\Binn\;C:\Program Files\Microsoft SQL Server\160\DTS\Binn\;C:\Program Files (x86)\Microsoft SQL Server\160\DTS\Binn\;C:\Program Files\Azure Data Studio\bin;C:\Program Files\nodejs\;C:\ProgramData\chocolatey\bin;C:\Program Files\Java\jdk-17\bin;C:\Users\mahco\AppData\Local\Microsoft\W
USERNAME=mahco
OS=Windows_NT
PROCESSOR_IDENTIFIER=Intel64 Family 6 Model 165 Stepping 2, GenuineIntel



---------------  S Y S T E M  ---------------

OS:
 Windows 11 , 64 bit Build 22621 (10.0.22621.4391)
OS uptime: 0 days 13:46 hours
Hyper-V role detected

CPU: total 12 (initial active 12) (6 cores per cpu, 2 threads per core) family 6 model 165 stepping 2 microcode 0xf4, cx8, cmov, fxsr, ht, mmx, 3dnowpref, sse, sse2, sse3, ssse3, sse4.1, sse4.2, popcnt, lzcnt, tsc, tscinvbit, avx, avx2, aes, erms, clmul, bmi1, bmi2, adx, fma, vzeroupper, clflush, clflushopt, hv

Memory: 4k page, system-wide physical 16129M (576M free)
TotalPageFile size 44428M (AvailPageFile size 401M)
current process WorkingSet (physical memory assigned to process): 82M, peak: 82M
current process commit charge ("private bytes"): 169M, peak: 170M

vm_info: Java HotSpot(TM) 64-Bit Server VM (17.0.12+8-LTS-286) for windows-amd64 JRE (17.0.12+8-LTS-286), built on Jun  5 2024 06:46:59 by "mach5one" with MS VC++ 17.6 (VS2022)

END.
