#
# There is insufficient memory for the Java Runtime Environment to continue.
# Native memory allocation (malloc) failed to allocate 32744 bytes for ChunkPool::allocate
# Possible reasons:
#   The system is out of physical RAM or swap space
#   The process is running with CompressedOops enabled, and the Java Heap may be blocking the growth of the native heap
# Possible solutions:
#   Reduce memory load on the system
#   Increase physical memory or swap space
#   Check if swap backing store is full
#   Decrease Java heap size (-Xmx/-Xms)
#   Decrease number of Java threads
#   Decrease Java thread stack sizes (-Xss)
#   Set larger code cache with -XX:ReservedCodeCacheSize=
#   JVM is running with Unscaled Compressed Oops mode in which the Java heap is
#     placed in the first 4GB address space. The Java Heap base address is the
#     maximum limit for the native heap growth. Please use -XX:HeapBaseMinAddress
#     to set the Java Heap base and to place the Java Heap above 4GB virtual address.
# This output file may be truncated or incomplete.
#
#  Out of Memory Error (arena.cpp:78), pid=35596, tid=51984
#
# JRE version: Java(TM) SE Runtime Environment (17.0.12+8) (build 17.0.12+8-LTS-286)
# Java VM: Java HotSpot(TM) 64-Bit Server VM (17.0.12+8-LTS-286, mixed mode, sharing, tiered, compressed oops, compressed class ptrs, g1 gc, windows-amd64)
# No core dump will be written. Minidumps are not enabled by default on client versions of Windows
#

---------------  S U M M A R Y ------------

Command Line: -Xmx64m -Xms64m -Dorg.gradle.appname=gradlew org.gradle.wrapper.GradleWrapperMain app:installDebug -PreactNativeDevServerPort=8081

Host: Intel(R) Core(TM) i7-10750H CPU @ 2.60GHz, 12 cores, 15G,  Windows 11 , 64 bit Build 22621 (10.0.22621.4391)
Time: Mon Dec  2 10:50:52 2024 Eastern Standard Time elapsed time: 8.889399 seconds (0d 0h 0m 8s)

---------------  T H R E A D  ---------------

Current thread (0x0000017849350b20):  JavaThread "C1 CompilerThread0" daemon [_thread_in_native, id=51984, stack(0x000000085bc00000,0x000000085bd00000)]


Current CompileTask:
C1:   8901  659       3       java.io.WinNTFileSystem::normalizePrefix (132 bytes)

Stack: [0x000000085bc00000,0x000000085bd00000]
Native frames: (J=compiled Java code, j=interpreted, Vv=VM code, C=native code)
V  [jvm.dll+0x67a04a]
V  [jvm.dll+0x7da4ed]
V  [jvm.dll+0x7dbe33]
V  [jvm.dll+0x7dc4a3]
V  [jvm.dll+0x24508f]
V  [jvm.dll+0xab9a4]
V  [jvm.dll+0xabd3c]
V  [jvm.dll+0x143e2f]
V  [jvm.dll+0x13ebe3]
V  [jvm.dll+0x140c91]
V  [jvm.dll+0x13f295]
V  [jvm.dll+0x14781a]
V  [jvm.dll+0x146d35]
V  [jvm.dll+0x13ea01]
V  [jvm.dll+0x140c91]
V  [jvm.dll+0x13f295]
V  [jvm.dll+0x14781a]
V  [jvm.dll+0x146d35]
V  [jvm.dll+0x13ea01]
V  [jvm.dll+0x140c91]
V  [jvm.dll+0x13f295]
V  [jvm.dll+0x139333]
V  [jvm.dll+0x148996]
V  [jvm.dll+0x134b10]
V  [jvm.dll+0x134e70]
V  [jvm.dll+0x135148]
V  [jvm.dll+0x1345d1]
V  [jvm.dll+0x1362bd]
V  [jvm.dll+0x22610b]
V  [jvm.dll+0x2242ab]
V  [jvm.dll+0x79075c]
V  [jvm.dll+0x78abea]
V  [jvm.dll+0x678f35]
C  [ucrtbase.dll+0x29333]
C  [KERNEL32.DLL+0x1259d]
C  [ntdll.dll+0x5af38]


---------------  P R O C E S S  ---------------

Threads class SMR info:
_java_thread_list=0x00000178494e7fc0, length=12, elements={
0x000001782f6de860, 0x00000178492c1b80, 0x00000178492c42c0, 0x00000178492da980,
0x00000178492dd260, 0x00000178492ddd30, 0x00000178492e2620, 0x00000178492e36e0,
0x0000017849350b20, 0x0000017849357750, 0x0000017849523eb0, 0x0000017849525a50
}

Java Threads: ( => current thread )
  0x000001782f6de860 JavaThread "main" [_thread_blocked, id=23568, stack(0x000000085ae00000,0x000000085af00000)]
  0x00000178492c1b80 JavaThread "Reference Handler" daemon [_thread_blocked, id=51576, stack(0x000000085b500000,0x000000085b600000)]
  0x00000178492c42c0 JavaThread "Finalizer" daemon [_thread_blocked, id=51584, stack(0x000000085b600000,0x000000085b700000)]
  0x00000178492da980 JavaThread "Signal Dispatcher" daemon [_thread_blocked, id=51928, stack(0x000000085b700000,0x000000085b800000)]
  0x00000178492dd260 JavaThread "Attach Listener" daemon [_thread_blocked, id=51932, stack(0x000000085b800000,0x000000085b900000)]
  0x00000178492ddd30 JavaThread "Service Thread" daemon [_thread_blocked, id=51940, stack(0x000000085b900000,0x000000085ba00000)]
  0x00000178492e2620 JavaThread "Monitor Deflation Thread" daemon [_thread_blocked, id=51944, stack(0x000000085ba00000,0x000000085bb00000)]
  0x00000178492e36e0 JavaThread "C2 CompilerThread0" daemon [_thread_in_native, id=51948, stack(0x000000085bb00000,0x000000085bc00000)]
=>0x0000017849350b20 JavaThread "C1 CompilerThread0" daemon [_thread_in_native, id=51984, stack(0x000000085bc00000,0x000000085bd00000)]
  0x0000017849357750 JavaThread "Sweeper thread" daemon [_thread_blocked, id=51992, stack(0x000000085bd00000,0x000000085be00000)]
  0x0000017849523eb0 JavaThread "Notification Thread" daemon [_thread_blocked, id=52028, stack(0x000000085be00000,0x000000085bf00000)]
  0x0000017849525a50 JavaThread "Common-Cleaner" daemon [_thread_blocked, id=52044, stack(0x000000085c000000,0x000000085c100000)]

Other Threads:
  0x00000178492bd570 VMThread "VM Thread" [stack: 0x000000085b400000,0x000000085b500000] [id=28616]
  0x0000017849524ba0 WatcherThread [stack: 0x000000085bf00000,0x000000085c000000] [id=52032]
  0x000001782f6fece0 GCTaskThread "GC Thread#0" [stack: 0x000000085af00000,0x000000085b000000] [id=7280]
  0x000001788f25a3a0 GCTaskThread "GC Thread#1" [stack: 0x000000085c100000,0x000000085c200000] [id=53420]
  0x000001788f3be8b0 GCTaskThread "GC Thread#2" [stack: 0x000000085c200000,0x000000085c300000] [id=54284]
  0x000001788f398690 GCTaskThread "GC Thread#3" [stack: 0x000000085c300000,0x000000085c400000] [id=54288]
  0x000001782f700430 ConcurrentGCThread "G1 Main Marker" [stack: 0x000000085b000000,0x000000085b100000] [id=11392]
  0x000001782f700e40 ConcurrentGCThread "G1 Conc#0" [stack: 0x000000085b100000,0x000000085b200000] [id=31848]
  0x000001782f76a5b0 ConcurrentGCThread "G1 Refine#0" [stack: 0x000000085b200000,0x000000085b300000] [id=25636]
  0x000001782f76be90 ConcurrentGCThread "G1 Service" [stack: 0x000000085b300000,0x000000085b400000] [id=26348]

Threads with active compile tasks:
C2 CompilerThread0     9709  654       4       java.util.HashMap::put (13 bytes)
C1 CompilerThread0     9709  659       3       java.io.WinNTFileSystem::normalizePrefix (132 bytes)

VM state: not at safepoint (normal execution)

VM Mutex/Monitor currently owned by a thread: None

OutOfMemory and StackOverflow Exception counts:
OutOfMemoryError java_heap_errors=1
LinkageErrors=1

Heap address: 0x00000000fc000000, size: 64 MB, Compressed Oops mode: 32-bit

CDS archive(s) mapped at: [0x000001784a000000-0x000001784abd0000-0x000001784abd0000), size 12386304, SharedBaseAddress: 0x000001784a000000, ArchiveRelocationMode: 1.
Compressed class space mapped at: 0x000001784b000000-0x000001788b000000, reserved size: 1073741824
Narrow klass base: 0x000001784a000000, Narrow klass shift: 0, Narrow klass range: 0x100000000

GC Precious Log:
 CPUs: 12 total, 12 available
 Memory: 16129M
 Large Page Support: Disabled
 NUMA Support: Disabled
 Compressed Oops: Enabled (32-bit)
 Heap Region Size: 1M
 Heap Min Capacity: 64M
 Heap Initial Capacity: 64M
 Heap Max Capacity: 64M
 Pre-touch: Disabled
 Parallel Workers: 10
 Concurrent Workers: 3
 Concurrent Refinement Workers: 10
 Periodic GC: Disabled

Heap:
 garbage-first heap   total 65536K, used 5404K [0x00000000fc000000, 0x0000000100000000)
  region size 1024K, 5 young (5120K), 3 survivors (3072K)
 Metaspace       used 1925K, committed 2112K, reserved 1114112K
  class space    used 175K, committed 256K, reserved 1048576K

Heap Regions: E=young(eden), S=young(survivor), O=old, HS=humongous(starts), HC=humongous(continues), CS=collection set, F=free, OA=open archive, CA=closed archive, TAMS=top-at-mark-start (previous, next)
|   0|0x00000000fc000000, 0x00000000fc100000, 0x00000000fc100000|100%| O|  |TAMS 0x00000000fc000000, 0x00000000fc000000| Untracked 
|   1|0x00000000fc100000, 0x00000000fc147200, 0x00000000fc200000| 27%| O|  |TAMS 0x00000000fc100000, 0x00000000fc100000| Untracked 
|   2|0x00000000fc200000, 0x00000000fc200000, 0x00000000fc300000|  0%| F|  |TAMS 0x00000000fc200000, 0x00000000fc200000| Untracked 
|   3|0x00000000fc300000, 0x00000000fc300000, 0x00000000fc400000|  0%| F|  |TAMS 0x00000000fc300000, 0x00000000fc300000| Untracked 
|   4|0x00000000fc400000, 0x00000000fc400000, 0x00000000fc500000|  0%| F|  |TAMS 0x00000000fc400000, 0x00000000fc400000| Untracked 
|   5|0x00000000fc500000, 0x00000000fc500000, 0x00000000fc600000|  0%| F|  |TAMS 0x00000000fc500000, 0x00000000fc500000| Untracked 
|   6|0x00000000fc600000, 0x00000000fc600000, 0x00000000fc700000|  0%| F|  |TAMS 0x00000000fc600000, 0x00000000fc600000| Untracked 
|   7|0x00000000fc700000, 0x00000000fc700000, 0x00000000fc800000|  0%| F|  |TAMS 0x00000000fc700000, 0x00000000fc700000| Untracked 
|   8|0x00000000fc800000, 0x00000000fc800000, 0x00000000fc900000|  0%| F|  |TAMS 0x00000000fc800000, 0x00000000fc800000| Untracked 
|   9|0x00000000fc900000, 0x00000000fc900000, 0x00000000fca00000|  0%| F|  |TAMS 0x00000000fc900000, 0x00000000fc900000| Untracked 
|  10|0x00000000fca00000, 0x00000000fca00000, 0x00000000fcb00000|  0%| F|  |TAMS 0x00000000fca00000, 0x00000000fca00000| Untracked 
|  11|0x00000000fcb00000, 0x00000000fcb00000, 0x00000000fcc00000|  0%| F|  |TAMS 0x00000000fcb00000, 0x00000000fcb00000| Untracked 
|  12|0x00000000fcc00000, 0x00000000fcc00000, 0x00000000fcd00000|  0%| F|  |TAMS 0x00000000fcc00000, 0x00000000fcc00000| Untracked 
|  13|0x00000000fcd00000, 0x00000000fcd00000, 0x00000000fce00000|  0%| F|  |TAMS 0x00000000fcd00000, 0x00000000fcd00000| Untracked 
|  14|0x00000000fce00000, 0x00000000fce00000, 0x00000000fcf00000|  0%| F|  |TAMS 0x00000000fce00000, 0x00000000fce00000| Untracked 
|  15|0x00000000fcf00000, 0x00000000fcf00000, 0x00000000fd000000|  0%| F|  |TAMS 0x00000000fcf00000, 0x00000000fcf00000| Untracked 
|  16|0x00000000fd000000, 0x00000000fd000000, 0x00000000fd100000|  0%| F|  |TAMS 0x00000000fd000000, 0x00000000fd000000| Untracked 
|  17|0x00000000fd100000, 0x00000000fd100000, 0x00000000fd200000|  0%| F|  |TAMS 0x00000000fd100000, 0x00000000fd100000| Untracked 
|  18|0x00000000fd200000, 0x00000000fd200000, 0x00000000fd300000|  0%| F|  |TAMS 0x00000000fd200000, 0x00000000fd200000| Untracked 
|  19|0x00000000fd300000, 0x00000000fd300000, 0x00000000fd400000|  0%| F|  |TAMS 0x00000000fd300000, 0x00000000fd300000| Untracked 
|  20|0x00000000fd400000, 0x00000000fd400000, 0x00000000fd500000|  0%| F|  |TAMS 0x00000000fd400000, 0x00000000fd400000| Untracked 
|  21|0x00000000fd500000, 0x00000000fd500000, 0x00000000fd600000|  0%| F|  |TAMS 0x00000000fd500000, 0x00000000fd500000| Untracked 
|  22|0x00000000fd600000, 0x00000000fd600000, 0x00000000fd700000|  0%| F|  |TAMS 0x00000000fd600000, 0x00000000fd600000| Untracked 
|  23|0x00000000fd700000, 0x00000000fd700000, 0x00000000fd800000|  0%| F|  |TAMS 0x00000000fd700000, 0x00000000fd700000| Untracked 
|  24|0x00000000fd800000, 0x00000000fd800000, 0x00000000fd900000|  0%| F|  |TAMS 0x00000000fd800000, 0x00000000fd800000| Untracked 
|  25|0x00000000fd900000, 0x00000000fd900000, 0x00000000fda00000|  0%| F|  |TAMS 0x00000000fd900000, 0x00000000fd900000| Untracked 
|  26|0x00000000fda00000, 0x00000000fda00000, 0x00000000fdb00000|  0%| F|  |TAMS 0x00000000fda00000, 0x00000000fda00000| Untracked 
|  27|0x00000000fdb00000, 0x00000000fdb00000, 0x00000000fdc00000|  0%| F|  |TAMS 0x00000000fdb00000, 0x00000000fdb00000| Untracked 
|  28|0x00000000fdc00000, 0x00000000fdc00000, 0x00000000fdd00000|  0%| F|  |TAMS 0x00000000fdc00000, 0x00000000fdc00000| Untracked 
|  29|0x00000000fdd00000, 0x00000000fdd00000, 0x00000000fde00000|  0%| F|  |TAMS 0x00000000fdd00000, 0x00000000fdd00000| Untracked 
|  30|0x00000000fde00000, 0x00000000fde00000, 0x00000000fdf00000|  0%| F|  |TAMS 0x00000000fde00000, 0x00000000fde00000| Untracked 
|  31|0x00000000fdf00000, 0x00000000fdf00000, 0x00000000fe000000|  0%| F|  |TAMS 0x00000000fdf00000, 0x00000000fdf00000| Untracked 
|  32|0x00000000fe000000, 0x00000000fe000000, 0x00000000fe100000|  0%| F|  |TAMS 0x00000000fe000000, 0x00000000fe000000| Untracked 
|  33|0x00000000fe100000, 0x00000000fe100000, 0x00000000fe200000|  0%| F|  |TAMS 0x00000000fe100000, 0x00000000fe100000| Untracked 
|  34|0x00000000fe200000, 0x00000000fe200000, 0x00000000fe300000|  0%| F|  |TAMS 0x00000000fe200000, 0x00000000fe200000| Untracked 
|  35|0x00000000fe300000, 0x00000000fe300000, 0x00000000fe400000|  0%| F|  |TAMS 0x00000000fe300000, 0x00000000fe300000| Untracked 
|  36|0x00000000fe400000, 0x00000000fe400000, 0x00000000fe500000|  0%| F|  |TAMS 0x00000000fe400000, 0x00000000fe400000| Untracked 
|  37|0x00000000fe500000, 0x00000000fe500000, 0x00000000fe600000|  0%| F|  |TAMS 0x00000000fe500000, 0x00000000fe500000| Untracked 
|  38|0x00000000fe600000, 0x00000000fe700000, 0x00000000fe700000|100%| S|CS|TAMS 0x00000000fe600000, 0x00000000fe600000| Complete 
|  39|0x00000000fe700000, 0x00000000fe800000, 0x00000000fe800000|100%| S|CS|TAMS 0x00000000fe700000, 0x00000000fe700000| Complete 
|  40|0x00000000fe800000, 0x00000000fe900000, 0x00000000fe900000|100%| S|CS|TAMS 0x00000000fe800000, 0x00000000fe800000| Complete 
|  41|0x00000000fe900000, 0x00000000fe900000, 0x00000000fea00000|  0%| F|  |TAMS 0x00000000fe900000, 0x00000000fe900000| Untracked 
|  42|0x00000000fea00000, 0x00000000fea00000, 0x00000000feb00000|  0%| F|  |TAMS 0x00000000fea00000, 0x00000000fea00000| Untracked 
|  43|0x00000000feb00000, 0x00000000feb00000, 0x00000000fec00000|  0%| F|  |TAMS 0x00000000feb00000, 0x00000000feb00000| Untracked 
|  44|0x00000000fec00000, 0x00000000fec00000, 0x00000000fed00000|  0%| F|  |TAMS 0x00000000fec00000, 0x00000000fec00000| Untracked 
|  45|0x00000000fed00000, 0x00000000fed00000, 0x00000000fee00000|  0%| F|  |TAMS 0x00000000fed00000, 0x00000000fed00000| Untracked 
|  46|0x00000000fee00000, 0x00000000fee00000, 0x00000000fef00000|  0%| F|  |TAMS 0x00000000fee00000, 0x00000000fee00000| Untracked 
|  47|0x00000000fef00000, 0x00000000fef00000, 0x00000000ff000000|  0%| F|  |TAMS 0x00000000fef00000, 0x00000000fef00000| Untracked 
|  48|0x00000000ff000000, 0x00000000ff000000, 0x00000000ff100000|  0%| F|  |TAMS 0x00000000ff000000, 0x00000000ff000000| Untracked 
|  49|0x00000000ff100000, 0x00000000ff100000, 0x00000000ff200000|  0%| F|  |TAMS 0x00000000ff100000, 0x00000000ff100000| Untracked 
|  50|0x00000000ff200000, 0x00000000ff200000, 0x00000000ff300000|  0%| F|  |TAMS 0x00000000ff200000, 0x00000000ff200000| Untracked 
|  51|0x00000000ff300000, 0x00000000ff300000, 0x00000000ff400000|  0%| F|  |TAMS 0x00000000ff300000, 0x00000000ff300000| Untracked 
|  52|0x00000000ff400000, 0x00000000ff400000, 0x00000000ff500000|  0%| F|  |TAMS 0x00000000ff400000, 0x00000000ff400000| Untracked 
|  53|0x00000000ff500000, 0x00000000ff500000, 0x00000000ff600000|  0%| F|  |TAMS 0x00000000ff500000, 0x00000000ff500000| Untracked 
|  54|0x00000000ff600000, 0x00000000ff600000, 0x00000000ff700000|  0%| F|  |TAMS 0x00000000ff600000, 0x00000000ff600000| Untracked 
|  55|0x00000000ff700000, 0x00000000ff700000, 0x00000000ff800000|  0%| F|  |TAMS 0x00000000ff700000, 0x00000000ff700000| Untracked 
|  56|0x00000000ff800000, 0x00000000ff800000, 0x00000000ff900000|  0%| F|  |TAMS 0x00000000ff800000, 0x00000000ff800000| Untracked 
|  57|0x00000000ff900000, 0x00000000ff900000, 0x00000000ffa00000|  0%| F|  |TAMS 0x00000000ff900000, 0x00000000ff900000| Untracked 
|  58|0x00000000ffa00000, 0x00000000ffa00000, 0x00000000ffb00000|  0%| F|  |TAMS 0x00000000ffa00000, 0x00000000ffa00000| Untracked 
|  59|0x00000000ffb00000, 0x00000000ffb00000, 0x00000000ffc00000|  0%| F|  |TAMS 0x00000000ffb00000, 0x00000000ffb00000| Untracked 
|  60|0x00000000ffc00000, 0x00000000ffc00000, 0x00000000ffd00000|  0%| F|  |TAMS 0x00000000ffc00000, 0x00000000ffc00000| Untracked 
|  61|0x00000000ffd00000, 0x00000000ffd00000, 0x00000000ffe00000|  0%| F|  |TAMS 0x00000000ffd00000, 0x00000000ffd00000| Untracked 
|  62|0x00000000ffe00000, 0x00000000ffe71278, 0x00000000fff00000| 44%| E|  |TAMS 0x00000000ffe00000, 0x00000000ffe00000| Complete 
|  63|0x00000000fff00000, 0x0000000100000000, 0x0000000100000000|100%| E|CS|TAMS 0x00000000fff00000, 0x00000000fff00000| Complete 

Card table byte_map: [0x000001782f5b0000,0x000001782f5d0000] _byte_map_base: 0x000001782edd0000

Marking Bits (Prev, Next): (CMBitMap*) 0x000001782f6ff300, (CMBitMap*) 0x000001782f6ff340
 Prev Bits: [0x00000178464d0000, 0x00000178465d0000)
 Next Bits: [0x00000178465d0000, 0x00000178466d0000)

Polling page: 0x000001782d670000

Metaspace:

Usage:
  Non-class:      1.71 MB used.
      Class:    175.44 KB used.
       Both:      1.88 MB used.

Virtual space:
  Non-class space:       64.00 MB reserved,       1.81 MB (  3%) committed,  1 nodes.
      Class space:        1.00 GB reserved,     256.00 KB ( <1%) committed,  1 nodes.
             Both:        1.06 GB reserved,       2.06 MB ( <1%) committed. 

Chunk freelists:
   Non-Class:  11.67 MB
       Class:  15.67 MB
        Both:  27.34 MB

MaxMetaspaceSize: unlimited
CompressedClassSpaceSize: 1.00 GB
Initial GC threshold: 21.00 MB
Current GC threshold: 21.00 MB
CDS: on
MetaspaceReclaimPolicy: balanced
 - commit_granule_bytes: 65536.
 - commit_granule_words: 8192.
 - virtual_space_node_default_size: 8388608.
 - enlarge_chunks_in_place: 1.
 - new_chunks_are_fully_committed: 0.
 - uncommit_free_chunks: 1.
 - use_allocation_guard: 0.
 - handle_deallocations: 1.


Internal statistics:

num_allocs_failed_limit: 0.
num_arena_births: 14.
num_arena_deaths: 0.
num_vsnodes_births: 2.
num_vsnodes_deaths: 0.
num_space_committed: 33.
num_space_uncommitted: 0.
num_chunks_returned_to_freelist: 0.
num_chunks_taken_from_freelist: 49.
num_chunk_merges: 0.
num_chunk_splits: 23.
num_chunks_enlarged: 14.
num_inconsistent_stats: 0.

CodeHeap 'non-profiled nmethods': size=120000Kb used=256Kb max_used=256Kb free=119743Kb
 bounds [0x000001783ea40000, 0x000001783ecb0000, 0x0000017845f70000]
CodeHeap 'profiled nmethods': size=120000Kb used=1178Kb max_used=1178Kb free=118821Kb
 bounds [0x0000017836f70000, 0x00000178371e0000, 0x000001783e4a0000]
CodeHeap 'non-nmethods': size=5760Kb used=1120Kb max_used=1140Kb free=4639Kb
 bounds [0x000001783e4a0000, 0x000001783e710000, 0x000001783ea40000]
 total_blobs=1057 nmethods=654 adapters=316
 compilation: enabled
              stopped_count=0, restarted_count=0
 full_count=0

Compilation events (20 events):
Event: 8.270 Thread 0x0000017849350b20 nmethod 649 0x0000017837093810 code [0x00000178370939c0, 0x0000017837093c68]
Event: 8.271 Thread 0x0000017849350b20  650       3       java.nio.ByteBuffer::position (8 bytes)
Event: 8.271 Thread 0x0000017849350b20 nmethod 650 0x0000017837093d10 code [0x0000017837093ea0, 0x0000017837093fe8]
Event: 8.271 Thread 0x0000017849350b20  651       3       java.security.AccessController::executePrivileged (65 bytes)
Event: 8.271 Thread 0x0000017849350b20 nmethod 651 0x0000017837094090 code [0x0000017837094260, 0x0000017837094558]
Event: 8.272 Thread 0x0000017849350b20  652       3       java.io.BufferedReader::readLine (7 bytes)
Event: 8.272 Thread 0x0000017849350b20 nmethod 652 0x0000017837094690 code [0x0000017837094840, 0x00000178370949a8]
Event: 8.272 Thread 0x0000017849350b20  653       3       java.security.AccessController::checkContext (49 bytes)
Event: 8.272 Thread 0x0000017849350b20 nmethod 653 0x0000017837094a90 code [0x0000017837094ca0, 0x00000178370952f8]
Event: 8.274 Thread 0x0000017849350b20  656       3       java.util.zip.ZipFile$Source::isManifestName (165 bytes)
Event: 8.274 Thread 0x00000178492e36e0 nmethod 624 0x000001783ea7db90 code [0x000001783ea7ddc0, 0x000001783ea7ee20]
Event: 8.274 Thread 0x0000017849350b20 nmethod 656 0x0000017837095510 code [0x00000178370956e0, 0x0000017837095c78]
Event: 8.274 Thread 0x00000178492e36e0  627       4       java.util.zip.ZipFile$Source::isMetaName (141 bytes)
Event: 8.528 Thread 0x00000178492e36e0 nmethod 627 0x000001783ea7fb90 code [0x000001783ea7fd20, 0x000001783ea7ff98]
Event: 8.528 Thread 0x00000178492e36e0  654       4       java.util.HashMap::put (13 bytes)
Event: 8.530 Thread 0x0000017849350b20  657       3       jdk.internal.util.jar.JarIndex::addMapping (21 bytes)
Event: 8.530 Thread 0x0000017849350b20 nmethod 657 0x0000017837095e10 code [0x0000017837095fc0, 0x0000017837096158]
Event: 8.531 Thread 0x0000017849350b20  658   !   3       java.util.zip.Inflater::needsInput (55 bytes)
Event: 8.531 Thread 0x0000017849350b20 nmethod 658 0x0000017837096210 code [0x00000178370963c0, 0x0000017837096778]
Event: 8.532 Thread 0x0000017849350b20  659       3       java.io.WinNTFileSystem::normalizePrefix (132 bytes)

GC Heap History (2 events):
Event: 8.275 GC heap before
{Heap before GC invocations=0 (full 0):
 garbage-first heap   total 65536K, used 22528K [0x00000000fc000000, 0x0000000100000000)
  region size 1024K, 23 young (23552K), 0 survivors (0K)
 Metaspace       used 1837K, committed 1984K, reserved 1114112K
  class space    used 158K, committed 192K, reserved 1048576K
}
Event: 8.528 GC heap after
{Heap after GC invocations=1 (full 0):
 garbage-first heap   total 65536K, used 4380K [0x00000000fc000000, 0x0000000100000000)
  region size 1024K, 3 young (3072K), 3 survivors (3072K)
 Metaspace       used 1837K, committed 1984K, reserved 1114112K
  class space    used 158K, committed 192K, reserved 1048576K
}

Deoptimization events (20 events):
Event: 8.095 Thread 0x000001782f6de860 Uncommon trap: trap_request=0xffffffde fr.pc=0x000001783ea6fc64 relative=0x00000000000007c4
Event: 8.095 Thread 0x000001782f6de860 Uncommon trap: reason=class_check action=maybe_recompile pc=0x000001783ea6fc64 method=java.util.HashMap.putVal(ILjava/lang/Object;Ljava/lang/Object;ZZ)Ljava/lang/Object; @ 91 c2
Event: 8.095 Thread 0x000001782f6de860 DEOPT PACKING pc=0x000001783ea6fc64 sp=0x000000085aefcad0
Event: 8.095 Thread 0x000001782f6de860 DEOPT UNPACKING pc=0x000001783e4f23a3 sp=0x000000085aefc9e0 mode 2
Event: 8.096 Thread 0x000001782f6de860 Uncommon trap: trap_request=0xffffffde fr.pc=0x000001783ea6fc64 relative=0x00000000000007c4
Event: 8.096 Thread 0x000001782f6de860 Uncommon trap: reason=class_check action=maybe_recompile pc=0x000001783ea6fc64 method=java.util.HashMap.putVal(ILjava/lang/Object;Ljava/lang/Object;ZZ)Ljava/lang/Object; @ 91 c2
Event: 8.096 Thread 0x000001782f6de860 DEOPT PACKING pc=0x000001783ea6fc64 sp=0x000000085aefcad0
Event: 8.096 Thread 0x000001782f6de860 DEOPT UNPACKING pc=0x000001783e4f23a3 sp=0x000000085aefc9e0 mode 2
Event: 8.166 Thread 0x000001782f6de860 Uncommon trap: trap_request=0xffffff45 fr.pc=0x000001783ea63130 relative=0x0000000000000190
Event: 8.166 Thread 0x000001782f6de860 Uncommon trap: reason=unstable_if action=reinterpret pc=0x000001783ea63130 method=java.util.zip.ZipFile$Source.isMetaName([BII)Z @ 43 c2
Event: 8.166 Thread 0x000001782f6de860 DEOPT PACKING pc=0x000001783ea63130 sp=0x000000085aefc070
Event: 8.166 Thread 0x000001782f6de860 DEOPT UNPACKING pc=0x000001783e4f23a3 sp=0x000000085aefc000 mode 2
Event: 8.269 Thread 0x000001782f6de860 Uncommon trap: trap_request=0xffffffde fr.pc=0x000001783ea7cc7c relative=0x0000000000000a5c
Event: 8.269 Thread 0x000001782f6de860 Uncommon trap: reason=class_check action=maybe_recompile pc=0x000001783ea7cc7c method=java.util.HashMap.putVal(ILjava/lang/Object;Ljava/lang/Object;ZZ)Ljava/lang/Object; @ 203 c2
Event: 8.269 Thread 0x000001782f6de860 DEOPT PACKING pc=0x000001783ea7cc7c sp=0x000000085aefcac0
Event: 8.269 Thread 0x000001782f6de860 DEOPT UNPACKING pc=0x000001783e4f23a3 sp=0x000000085aefc9e0 mode 2
Event: 8.270 Thread 0x000001782f6de860 Uncommon trap: trap_request=0xffffffde fr.pc=0x000001783ea7cc7c relative=0x0000000000000a5c
Event: 8.270 Thread 0x000001782f6de860 Uncommon trap: reason=class_check action=maybe_recompile pc=0x000001783ea7cc7c method=java.util.HashMap.putVal(ILjava/lang/Object;Ljava/lang/Object;ZZ)Ljava/lang/Object; @ 203 c2
Event: 8.270 Thread 0x000001782f6de860 DEOPT PACKING pc=0x000001783ea7cc7c sp=0x000000085aefcac0
Event: 8.270 Thread 0x000001782f6de860 DEOPT UNPACKING pc=0x000001783e4f23a3 sp=0x000000085aefc9e0 mode 2

Classes unloaded (0 events):
No events

Classes redefined (0 events):
No events

Internal exceptions (2 events):
Event: 5.539 Thread 0x000001782f6de860 Exception <a 'java/lang/NoSuchMethodError'{0x00000000ffde9358}: 'int java.lang.invoke.DirectMethodHandle$Holder.invokeStaticInit(java.lang.Object, java.lang.Object)'> (0x00000000ffde9358) 
thrown [s\open\src\hotspot\share\interpreter\linkResolver.cpp, line 759]
Event: 8.564 Thread 0x000001782f6de860 Exception <a 'java/lang/OutOfMemoryError'{0x00000000ffffcf38}> (0x00000000ffffcf38) 
thrown [s\open\src\hotspot\share\prims\jni.cpp, line 535]

VM Operations (14 events):
Event: 3.494 Executing VM operation: Cleanup
Event: 3.494 Executing VM operation: Cleanup done
Event: 3.877 Executing VM operation: HandshakeAllThreads
Event: 3.877 Executing VM operation: HandshakeAllThreads done
Event: 4.879 Executing VM operation: Cleanup
Event: 4.880 Executing VM operation: Cleanup done
Event: 5.888 Executing VM operation: Cleanup
Event: 5.888 Executing VM operation: Cleanup done
Event: 6.903 Executing VM operation: Cleanup
Event: 6.903 Executing VM operation: Cleanup done
Event: 7.915 Executing VM operation: Cleanup
Event: 7.938 Executing VM operation: Cleanup done
Event: 8.275 Executing VM operation: G1CollectForAllocation
Event: 8.528 Executing VM operation: G1CollectForAllocation done

Events (20 events):
Event: 5.528 loading class java/io/FilePermissionCollection$1
Event: 5.528 loading class java/io/FilePermissionCollection$1 done
Event: 5.543 loading class java/net/MalformedURLException
Event: 5.544 loading class java/net/MalformedURLException done
Event: 5.554 loading class java/io/FileFilter
Event: 5.554 loading class java/io/FileFilter done
Event: 5.840 loading class java/util/AbstractList$Itr
Event: 5.840 loading class java/util/AbstractList$Itr done
Event: 5.853 loading class java/lang/invoke/DirectMethodHandle$Special
Event: 5.853 loading class java/lang/invoke/DirectMethodHandle$Special done
Event: 7.285 Loaded shared library C:\Program Files\Java\jdk-17\bin\jimage.dll
Event: 7.891 loading class java/io/BufferedReader
Event: 7.931 loading class java/io/BufferedReader done
Event: 7.938 loading class sun/nio/cs/StreamDecoder
Event: 7.964 loading class sun/nio/cs/StreamDecoder done
Event: 7.964 loading class sun/nio/cs/UTF_8$Decoder
Event: 7.976 loading class sun/nio/cs/UTF_8$Decoder done
Event: 8.564 loading class java/util/zip/DataFormatException
Event: 8.604 loading class java/util/zip/DataFormatException done
Event: 8.604 loading class java/security/PrivilegedActionException


Dynamic libraries:
0x00007ff7296f0000 - 0x00007ff729700000 	C:\Program Files\Java\jdk-17\bin\java.exe
0x00007ff994010000 - 0x00007ff994227000 	C:\WINDOWS\SYSTEM32\ntdll.dll
0x00007ff992450000 - 0x00007ff992514000 	C:\WINDOWS\System32\KERNEL32.DLL
0x00007ff991440000 - 0x00007ff9917f9000 	C:\WINDOWS\System32\KERNELBASE.dll
0x0000000067740000 - 0x0000000067a6e000 	C:\Program Files\Norton Security\NortonData\22.20.5.39\Definitions\IPSDefs\20241129.064\IPSEng64.dll
0x00007ff9938f0000 - 0x00007ff9939a2000 	C:\WINDOWS\System32\ADVAPI32.dll
0x00007ff992cf0000 - 0x00007ff992d97000 	C:\WINDOWS\System32\msvcrt.dll
0x00007ff993b00000 - 0x00007ff993ba7000 	C:\WINDOWS\System32\sechost.dll
0x00007ff991d00000 - 0x00007ff991d28000 	C:\WINDOWS\System32\bcrypt.dll
0x00007ff991db0000 - 0x00007ff991ec4000 	C:\WINDOWS\System32\RPCRT4.dll
0x00007ff993720000 - 0x00007ff993728000 	C:\WINDOWS\System32\PSAPI.DLL
0x00007ff9918a0000 - 0x00007ff9919b1000 	C:\WINDOWS\System32\ucrtbase.dll
0x00007ff976260000 - 0x00007ff97627b000 	C:\Program Files\Java\jdk-17\bin\VCRUNTIME140.dll
0x00007ff976310000 - 0x00007ff976329000 	C:\Program Files\Java\jdk-17\bin\jli.dll
0x00007ff993bb0000 - 0x00007ff993d5e000 	C:\WINDOWS\System32\USER32.dll
0x00007ff991cd0000 - 0x00007ff991cf6000 	C:\WINDOWS\System32\win32u.dll
0x00007ff96b7b0000 - 0x00007ff96ba42000 	C:\WINDOWS\WinSxS\amd64_microsoft.windows.common-controls_6595b64144ccf1df_6.0.22621.4391_none_2715d37f73803e96\COMCTL32.dll
0x00007ff993fa0000 - 0x00007ff993fc9000 	C:\WINDOWS\System32\GDI32.dll
0x00007ff9919c0000 - 0x00007ff991adb000 	C:\WINDOWS\System32\gdi32full.dll
0x00007ff991800000 - 0x00007ff99189a000 	C:\WINDOWS\System32\msvcp_win.dll
0x00007ff97e8d0000 - 0x00007ff97e8da000 	C:\WINDOWS\SYSTEM32\VERSION.dll
0x00007ff993ac0000 - 0x00007ff993af1000 	C:\WINDOWS\System32\IMM32.DLL
0x00007ff97d800000 - 0x00007ff97d80c000 	C:\Program Files\Java\jdk-17\bin\vcruntime140_1.dll
0x00007ff939a70000 - 0x00007ff939afe000 	C:\Program Files\Java\jdk-17\bin\msvcp140.dll
0x00007ff926b40000 - 0x00007ff927720000 	C:\Program Files\Java\jdk-17\bin\server\jvm.dll
0x00007ff97c450000 - 0x00007ff97c459000 	C:\WINDOWS\SYSTEM32\WSOCK32.dll
0x00007ff9928e0000 - 0x00007ff992951000 	C:\WINDOWS\System32\WS2_32.dll
0x00007ff98ecc0000 - 0x00007ff98ecf4000 	C:\WINDOWS\SYSTEM32\WINMM.dll
0x00007ff990380000 - 0x00007ff990398000 	C:\WINDOWS\SYSTEM32\kernel.appcore.dll
0x00007ff966970000 - 0x00007ff96697a000 	C:\Program Files\Java\jdk-17\bin\jimage.dll
0x00007ff98ea80000 - 0x00007ff98ecb2000 	C:\WINDOWS\SYSTEM32\DBGHELP.DLL
0x00007ff992960000 - 0x00007ff992cef000 	C:\WINDOWS\System32\combase.dll
0x00007ff993e60000 - 0x00007ff993f37000 	C:\WINDOWS\System32\OLEAUT32.dll
0x00007ff98ea40000 - 0x00007ff98ea72000 	C:\WINDOWS\SYSTEM32\dbgcore.DLL
0x00007ff991c50000 - 0x00007ff991ccb000 	C:\WINDOWS\System32\bcryptPrimitives.dll
0x00007ff9662f0000 - 0x00007ff966315000 	C:\Program Files\Java\jdk-17\bin\java.dll
0x00007ff933de0000 - 0x00007ff933eb7000 	C:\Program Files\Java\jdk-17\bin\jsvml.dll
0x00007ff992da0000 - 0x00007ff993616000 	C:\WINDOWS\System32\SHELL32.dll
0x00007ff98f0a0000 - 0x00007ff98f9a3000 	C:\WINDOWS\SYSTEM32\windows.storage.dll
0x00007ff98f9f0000 - 0x00007ff98fb2f000 	C:\WINDOWS\SYSTEM32\wintypes.dll
0x00007ff9939c0000 - 0x00007ff993ab9000 	C:\WINDOWS\System32\SHCORE.dll
0x00007ff991ed0000 - 0x00007ff991f2e000 	C:\WINDOWS\System32\shlwapi.dll
0x00007ff991240000 - 0x00007ff99126b000 	C:\WINDOWS\SYSTEM32\profapi.dll
0x00007ff966280000 - 0x00007ff966299000 	C:\Program Files\Java\jdk-17\bin\net.dll
0x00007ff986310000 - 0x00007ff986446000 	C:\WINDOWS\SYSTEM32\WINHTTP.dll
0x00007ff990880000 - 0x00007ff9908e9000 	C:\WINDOWS\system32\mswsock.dll
0x00007ff9613d0000 - 0x00007ff9613e6000 	C:\Program Files\Java\jdk-17\bin\nio.dll
0x00007ff95d990000 - 0x00007ff95d9a8000 	C:\Program Files\Java\jdk-17\bin\zip.dll
0x00007ff966960000 - 0x00007ff966970000 	C:\Program Files\Java\jdk-17\bin\verify.dll

dbghelp: loaded successfully - version: 4.0.5 - missing functions: none
symbol engine: initialized successfully - sym options: 0x614 - pdb path: .;C:\Program Files\Java\jdk-17\bin;C:\WINDOWS\SYSTEM32;C:\Program Files\Norton Security\NortonData\22.20.5.39\Definitions\IPSDefs\20241129.064;C:\WINDOWS\WinSxS\amd64_microsoft.windows.common-controls_6595b64144ccf1df_6.0.22621.4391_none_2715d37f73803e96;C:\Program Files\Java\jdk-17\bin\server

VM Arguments:
jvm_args: -Xmx64m -Xms64m -Dorg.gradle.appname=gradlew 
java_command: org.gradle.wrapper.GradleWrapperMain app:installDebug -PreactNativeDevServerPort=8081
java_class_path (initial): C:\Users\mahco\PhoneProjects\FlyerDraft3CLI\android\\gradle\wrapper\gradle-wrapper.jar
Launcher Type: SUN_STANDARD

[Global flags]
     intx CICompilerCount                          = 4                                         {product} {ergonomic}
     uint ConcGCThreads                            = 3                                         {product} {ergonomic}
     uint G1ConcRefinementThreads                  = 10                                        {product} {ergonomic}
   size_t G1HeapRegionSize                         = 1048576                                   {product} {ergonomic}
    uintx GCDrainStackTargetSize                   = 64                                        {product} {ergonomic}
   size_t InitialHeapSize                          = 67108864                                  {product} {command line}
   size_t MarkStackSize                            = 4194304                                   {product} {ergonomic}
   size_t MaxHeapSize                              = 67108864                                  {product} {command line}
   size_t MaxNewSize                               = 39845888                                  {product} {ergonomic}
   size_t MinHeapDeltaBytes                        = 1048576                                   {product} {ergonomic}
   size_t MinHeapSize                              = 67108864                                  {product} {command line}
    uintx NonNMethodCodeHeapSize                   = 5839372                                {pd product} {ergonomic}
    uintx NonProfiledCodeHeapSize                  = 122909434                              {pd product} {ergonomic}
    uintx ProfiledCodeHeapSize                     = 122909434                              {pd product} {ergonomic}
    uintx ReservedCodeCacheSize                    = 251658240                              {pd product} {ergonomic}
     bool SegmentedCodeCache                       = true                                      {product} {ergonomic}
   size_t SoftMaxHeapSize                          = 67108864                               {manageable} {ergonomic}
     bool UseCompressedClassPointers               = true                           {product lp64_product} {ergonomic}
     bool UseCompressedOops                        = true                           {product lp64_product} {ergonomic}
     bool UseG1GC                                  = true                                      {product} {ergonomic}
     bool UseLargePagesIndividualAllocation        = false                                  {pd product} {ergonomic}

Logging:
Log output configuration:
 #0: stdout all=warning uptime,level,tags
 #1: stderr all=off uptime,level,tags

Environment Variables:
JAVA_HOME=C:\Program Files\Java\jdk-17
CLASSPATH=C:\Users\mahco\PhoneProjects\FlyerDraft3CLI\android\\gradle\wrapper\gradle-wrapper.jar
PATH=C:\Users\mahco\PhoneProjects\FlyerDraft3CLI\node_modules\.bin;C:\Users\mahco\PhoneProjects\FlyerDraft3CLI\node_modules\.bin;C:\Users\mahco\PhoneProjects\node_modules\.bin;C:\Users\mahco\node_modules\.bin;C:\Users\node_modules\.bin;C:\node_modules\.bin;C:\Users\mahco\AppData\Roaming\npm\node_modules\npm\node_modules\@npmcli\run-script\lib\node-gyp-bin;C:\Users\mahco\PhoneProjects\FlyerDraft3CLI\node_modules\.bin;C:\Users\mahco\PhoneProjects\FlyerDraft3CLI\node_modules\.bin;C:\Users\mahco\PhoneProjects\node_modules\.bin;C:\Users\mahco\node_modules\.bin;C:\Users\node_modules\.bin;C:\node_modules\.bin;C:\Users\mahco\AppData\Roaming\npm\node_modules\npm\node_modules\@npmcli\run-script\lib\node-gyp-bin;C:\Program Files\Eclipse Adoptium\jdk-17.0.13.11-hotspot\bin;C:\Python312\Scripts\;C:\Python312\;C:\Program Files\Common Files\Oracle\Java\javapath;C:\Program Files\Microsoft\jdk-11.0.16.101-hotspot\bin;C:\Windows\system32;C:\Windows;C:\Windows\System32\Wbem;C:\Windows\System32\WindowsPowerShell\v1.0\;C:\Windows\System32\OpenSSH\;C:\Program Files (x86)\NVIDIA Corporation\PhysX\Common;C:\Program Files\NVIDIA Corporation\NVIDIA NvDLISR;C:\WINDOWS\system32;C:\WINDOWS;C:\WINDOWS\System32\Wbem;C:\WINDOWS\System32\WindowsPowerShell\v1.0\;C:\WINDOWS\System32\OpenSSH\;C:\Program Files\dotnet\;C:\Program Files\Microsoft SQL Server\150\Tools\Binn\;C:\Program Files\Microsoft SQL Server\Client SDK\ODBC\170\Tools\Binn\;C:\Program Files (x86)\dotnet\;C:\WINDOWS\system32;C:\WINDOWS;C:\WINDOWS\System32\Wbem;C:\WINDOWS\System32\WindowsPowerShell\v1.0\;C:\WINDOWS\System32\OpenSSH\;C:\Program Files\Git\cmd;C:\Program Files (x86)\Microsoft SQL Server\160\Tools\Binn\;C:\Program Files\Microsoft SQL Server\160\Tools\Binn\;C:\Program Files\Microsoft SQL Server\160\DTS\Binn\;C:\Program Files (x86)\Microsoft SQL Server\160\DTS\Binn\;C:\Program Files\Azure Data Studio\bin;C:\Program Files\nodejs\;C:\ProgramData\chocolatey\bin;C:\Program Files\Java\jdk-17\bin;C:\Users\mahco\AppData\Local\Microsoft\W
USERNAME=mahco
OS=Windows_NT
PROCESSOR_IDENTIFIER=Intel64 Family 6 Model 165 Stepping 2, GenuineIntel



---------------  S Y S T E M  ---------------

OS:
 Windows 11 , 64 bit Build 22621 (10.0.22621.4391)
OS uptime: 0 days 13:46 hours
Hyper-V role detected

CPU: total 12 (initial active 12) (6 cores per cpu, 2 threads per core) family 6 model 165 stepping 2 microcode 0xf4, cx8, cmov, fxsr, ht, mmx, 3dnowpref, sse, sse2, sse3, ssse3, sse4.1, sse4.2, popcnt, lzcnt, tsc, tscinvbit, avx, avx2, aes, erms, clmul, bmi1, bmi2, adx, fma, vzeroupper, clflush, clflushopt, hv

Memory: 4k page, system-wide physical 16129M (365M free)
TotalPageFile size 44428M (AvailPageFile size 696M)
current process WorkingSet (physical memory assigned to process): 62M, peak: 67M
current process commit charge ("private bytes"): 151M, peak: 156M

vm_info: Java HotSpot(TM) 64-Bit Server VM (17.0.12+8-LTS-286) for windows-amd64 JRE (17.0.12+8-LTS-286), built on Jun  5 2024 06:46:59 by "mach5one" with MS VC++ 17.6 (VS2022)

END.
