#
# There is insufficient memory for the Java Runtime Environment to continue.
# Native memory allocation (mmap) failed to map 65536 bytes for Failed to commit metaspace.
# Possible reasons:
#   The system is out of physical RAM or swap space
#   The process is running with CompressedOops enabled, and the Java Heap may be blocking the growth of the native heap
# Possible solutions:
#   Reduce memory load on the system
#   Increase physical memory or swap space
#   Check if swap backing store is full
#   Decrease Java heap size (-Xmx/-Xms)
#   Decrease number of Java threads
#   Decrease Java thread stack sizes (-Xss)
#   Set larger code cache with -XX:ReservedCodeCacheSize=
#   JVM is running with Unscaled Compressed Oops mode in which the Java heap is
#     placed in the first 4GB address space. The Java Heap base address is the
#     maximum limit for the native heap growth. Please use -XX:HeapBaseMinAddress
#     to set the Java Heap base and to place the Java Heap above 4GB virtual address.
# This output file may be truncated or incomplete.
#
#  Out of Memory Error (virtualSpaceNode.cpp:110), pid=12620, tid=44156
#
# JRE version: Java(TM) SE Runtime Environment (17.0.12+8) (build 17.0.12+8-LTS-286)
# Java VM: Java HotSpot(TM) 64-Bit Server VM (17.0.12+8-LTS-286, mixed mode, sharing, tiered, compressed oops, compressed class ptrs, g1 gc, windows-amd64)
# No core dump will be written. Minidumps are not enabled by default on client versions of Windows
#

---------------  S U M M A R Y ------------

Command Line: -Xmx64m -Xms64m -Dorg.gradle.appname=gradlew org.gradle.wrapper.GradleWrapperMain app:installDebug -PreactNativeDevServerPort=8081

Host: Intel(R) Core(TM) i7-10750H CPU @ 2.60GHz, 12 cores, 15G,  Windows 11 , 64 bit Build 22621 (10.0.22621.4391)
Time: Mon Dec  2 10:50:54 2024 Eastern Standard Time elapsed time: 11.834245 seconds (0d 0h 0m 11s)

---------------  T H R E A D  ---------------

Current thread (0x0000019ff61fe680):  JavaThread "main" [_thread_in_vm, id=44156, stack(0x00000097abc00000,0x00000097abd00000)]

Stack: [0x00000097abc00000,0x00000097abd00000]
Native frames: (J=compiled Java code, j=interpreted, Vv=VM code, C=native code)
V  [jvm.dll+0x67a04a]
V  [jvm.dll+0x7da4ed]
V  [jvm.dll+0x7dbe33]
V  [jvm.dll+0x7dc4a3]
V  [jvm.dll+0x24508f]
V  [jvm.dll+0x7d60bb]
V  [jvm.dll+0x6206c6]
V  [jvm.dll+0x1bed07]
V  [jvm.dll+0x623022]
V  [jvm.dll+0x621086]
V  [jvm.dll+0x23936f]
V  [jvm.dll+0x62af35]
V  [jvm.dll+0x1e84b2]
V  [jvm.dll+0x1e89d5]
V  [jvm.dll+0x1e931b]
V  [jvm.dll+0x1dea41]
V  [jvm.dll+0x53f78c]
V  [jvm.dll+0x7553b8]
V  [jvm.dll+0x7554a4]
V  [jvm.dll+0x40d1af]
V  [jvm.dll+0x413c39]
C  [java.dll+0x17ec]

Java frames: (J=compiled Java code, j=interpreted, Vv=VM code)
j  java.lang.ClassLoader.defineClass1(Ljava/lang/ClassLoader;Ljava/lang/String;[BIILjava/security/ProtectionDomain;Ljava/lang/String;)Ljava/lang/Class;+0 java.base@17.0.12
j  java.lang.ClassLoader.defineClass(Ljava/lang/String;[BIILjava/security/ProtectionDomain;)Ljava/lang/Class;+27 java.base@17.0.12
j  java.security.SecureClassLoader.defineClass(Ljava/lang/String;[BIILjava/security/CodeSource;)Ljava/lang/Class;+12 java.base@17.0.12
j  java.net.URLClassLoader.defineClass(Ljava/lang/String;Ljdk/internal/loader/Resource;)Ljava/lang/Class;+220 java.base@17.0.12
j  java.net.URLClassLoader$1.run()Ljava/lang/Class;+43 java.base@17.0.12
j  java.net.URLClassLoader$1.run()Ljava/lang/Object;+1 java.base@17.0.12
J 673 c1 java.security.AccessController.doPrivileged(Ljava/security/PrivilegedExceptionAction;Ljava/security/AccessControlContext;)Ljava/lang/Object; java.base@17.0.12 (26 bytes) @ 0x0000019f801214fc [0x0000019f80121320+0x00000000000001dc]
j  java.net.URLClassLoader.findClass(Ljava/lang/String;)Ljava/lang/Class;+13 java.base@17.0.12
j  java.lang.ClassLoader.loadClass(Ljava/lang/String;Z)Ljava/lang/Class;+69 java.base@17.0.12
J 722 c1 java.lang.ClassLoader.loadClass(Ljava/lang/String;)Ljava/lang/Class; java.base@17.0.12 (7 bytes) @ 0x0000019f80142ccc [0x0000019f80142bc0+0x000000000000010c]
v  ~StubRoutines::call_stub
j  org.gradle.internal.logging.sink.OutputEventListenerManager.<init>(Lorg/gradle/internal/logging/events/OutputEventListener;)V+5
j  org.gradle.internal.logging.services.LoggingServiceRegistry.<init>()V+32
j  org.gradle.internal.logging.services.LoggingServiceRegistry$CommandLineLogging.<init>()V+1
j  org.gradle.internal.logging.services.LoggingServiceRegistry$CommandLineLogging.<init>(Lorg/gradle/internal/logging/services/LoggingServiceRegistry$1;)V+1
j  org.gradle.internal.logging.services.LoggingServiceRegistry.createCommandLineLogging()Lorg/gradle/internal/service/ServiceRegistry;+13
j  org.gradle.internal.logging.services.LoggingServiceRegistry.newCommandLineProcessLogging()Lorg/gradle/internal/service/ServiceRegistry;+0
j  org.gradle.launcher.cli.DefaultCommandLineActionFactory.createLoggingServices()Lorg/gradle/internal/service/ServiceRegistry;+0
j  org.gradle.launcher.cli.DefaultCommandLineActionFactory.convert(Ljava/util/List;)Lorg/gradle/launcher/bootstrap/CommandLineActionFactory$CommandLineExecution;+1
j  org.gradle.launcher.Main.doAction([Ljava/lang/String;Lorg/gradle/launcher/bootstrap/ExecutionListener;)V+8
j  org.gradle.launcher.bootstrap.EntryPoint.run([Ljava/lang/String;)V+12
v  ~StubRoutines::call_stub
j  jdk.internal.reflect.NativeMethodAccessorImpl.invoke0(Ljava/lang/reflect/Method;Ljava/lang/Object;[Ljava/lang/Object;)Ljava/lang/Object;+0 java.base@17.0.12
j  jdk.internal.reflect.NativeMethodAccessorImpl.invoke(Ljava/lang/Object;[Ljava/lang/Object;)Ljava/lang/Object;+133 java.base@17.0.12
j  jdk.internal.reflect.DelegatingMethodAccessorImpl.invoke(Ljava/lang/Object;[Ljava/lang/Object;)Ljava/lang/Object;+6 java.base@17.0.12
j  java.lang.reflect.Method.invoke(Ljava/lang/Object;[Ljava/lang/Object;)Ljava/lang/Object;+59 java.base@17.0.12
j  org.gradle.launcher.bootstrap.ProcessBootstrap.runNoExit(Ljava/lang/String;Ljava/lang/String;Ljava/lang/String;[Ljava/lang/String;)V+205
j  org.gradle.launcher.bootstrap.ProcessBootstrap.run(Ljava/lang/String;Ljava/lang/String;Ljava/lang/String;[Ljava/lang/String;)V+4
j  org.gradle.launcher.GradleMain.main([Ljava/lang/String;)V+68
v  ~StubRoutines::call_stub
j  jdk.internal.reflect.NativeMethodAccessorImpl.invoke0(Ljava/lang/reflect/Method;Ljava/lang/Object;[Ljava/lang/Object;)Ljava/lang/Object;+0 java.base@17.0.12
j  jdk.internal.reflect.NativeMethodAccessorImpl.invoke(Ljava/lang/Object;[Ljava/lang/Object;)Ljava/lang/Object;+133 java.base@17.0.12
j  jdk.internal.reflect.DelegatingMethodAccessorImpl.invoke(Ljava/lang/Object;[Ljava/lang/Object;)Ljava/lang/Object;+6 java.base@17.0.12
j  java.lang.reflect.Method.invoke(Ljava/lang/Object;[Ljava/lang/Object;)Ljava/lang/Object;+59 java.base@17.0.12
j  org.gradle.wrapper.GradleWrapperMain.main([Ljava/lang/String;)V+1826
v  ~StubRoutines::call_stub

---------------  P R O C E S S  ---------------

Threads class SMR info:
_java_thread_list=0x0000019fff284410, length=13, elements={
0x0000019ff61fe680, 0x0000019ffedc01c0, 0x0000019ffedc1040, 0x0000019ffeddad90,
0x0000019ffede0a90, 0x0000019ffede1360, 0x0000019ffede1c30, 0x0000019ffede2c40,
0x0000019ffede5560, 0x0000019ffede7e80, 0x0000019fff01be10, 0x0000019fff01e9a0,
0x0000019fff5cdce0
}

Java Threads: ( => current thread )
=>0x0000019ff61fe680 JavaThread "main" [_thread_in_vm, id=44156, stack(0x00000097abc00000,0x00000097abd00000)]
  0x0000019ffedc01c0 JavaThread "Reference Handler" daemon [_thread_blocked, id=51344, stack(0x00000097ac300000,0x00000097ac400000)]
  0x0000019ffedc1040 JavaThread "Finalizer" daemon [_thread_blocked, id=51348, stack(0x00000097ac400000,0x00000097ac500000)]
  0x0000019ffeddad90 JavaThread "Signal Dispatcher" daemon [_thread_blocked, id=51384, stack(0x00000097ac500000,0x00000097ac600000)]
  0x0000019ffede0a90 JavaThread "Attach Listener" daemon [_thread_blocked, id=51388, stack(0x00000097ac600000,0x00000097ac700000)]
  0x0000019ffede1360 JavaThread "Service Thread" daemon [_thread_blocked, id=51392, stack(0x00000097ac700000,0x00000097ac800000)]
  0x0000019ffede1c30 JavaThread "Monitor Deflation Thread" daemon [_thread_blocked, id=51396, stack(0x00000097ac800000,0x00000097ac900000)]
  0x0000019ffede2c40 JavaThread "C2 CompilerThread0" daemon [_thread_in_native, id=51400, stack(0x00000097ac900000,0x00000097aca00000)]
  0x0000019ffede5560 JavaThread "C1 CompilerThread0" daemon [_thread_blocked, id=51404, stack(0x00000097aca00000,0x00000097acb00000)]
  0x0000019ffede7e80 JavaThread "Sweeper thread" daemon [_thread_blocked, id=51408, stack(0x00000097acb00000,0x00000097acc00000)]
  0x0000019fff01be10 JavaThread "Notification Thread" daemon [_thread_blocked, id=51480, stack(0x00000097acc00000,0x00000097acd00000)]
  0x0000019fff01e9a0 JavaThread "Common-Cleaner" daemon [_thread_blocked, id=51492, stack(0x00000097ace00000,0x00000097acf00000)]
  0x0000019fff5cdce0 JavaThread "C2 CompilerThread1" daemon [_thread_blocked, id=24928, stack(0x00000097ad200000,0x00000097ad300000)]

Other Threads:
  0x0000019ffedbb840 VMThread "VM Thread" [stack: 0x00000097ac200000,0x00000097ac300000] [id=51328] _threads_hazard_ptr=0x0000019fff284410
  0x0000019fff01e300 WatcherThread [stack: 0x00000097acd00000,0x00000097ace00000] [id=51484]
  0x0000019ff621ebf0 GCTaskThread "GC Thread#0" [stack: 0x00000097abd00000,0x00000097abe00000] [id=13408]
  0x0000019fff29ee40 GCTaskThread "GC Thread#1" [stack: 0x00000097acf00000,0x00000097ad000000] [id=54088]
  0x0000019fff5c0160 GCTaskThread "GC Thread#2" [stack: 0x00000097ad000000,0x00000097ad100000] [id=54156]
  0x0000019fff58ea20 GCTaskThread "GC Thread#3" [stack: 0x00000097ad100000,0x00000097ad200000] [id=54168]
  0x0000019ff6220340 ConcurrentGCThread "G1 Main Marker" [stack: 0x00000097abe00000,0x00000097abf00000] [id=20308]
  0x0000019ff6220d50 ConcurrentGCThread "G1 Conc#0" [stack: 0x00000097abf00000,0x00000097ac000000] [id=20956]
  0x0000019ff6288630 ConcurrentGCThread "G1 Refine#0" [stack: 0x00000097ac000000,0x00000097ac100000] [id=17308]
  0x0000019ff6289060 ConcurrentGCThread "G1 Service" [stack: 0x00000097ac100000,0x00000097ac200000] [id=30900]

Threads with active compile tasks:
C2 CompilerThread0    13079  742   !   4       java.util.zip.ZipFile::getEntry (59 bytes)

VM state: synchronizing (normal execution)

VM Mutex/Monitor currently owned by a thread:  ([mutex/lock_event])
[0x0000019ff61f8300] Metaspace_lock - owner thread: 0x0000019ff61fe680
[0x0000019ff61fa360] Threads_lock - owner thread: 0x0000019ffedbb840

Heap address: 0x00000000fc000000, size: 64 MB, Compressed Oops mode: 32-bit

CDS archive(s) mapped at: [0x0000019f91000000-0x0000019f91bd0000-0x0000019f91bd0000), size 12386304, SharedBaseAddress: 0x0000019f91000000, ArchiveRelocationMode: 1.
Compressed class space mapped at: 0x0000019f92000000-0x0000019fd2000000, reserved size: 1073741824
Narrow klass base: 0x0000019f91000000, Narrow klass shift: 0, Narrow klass range: 0x100000000

GC Precious Log:
 CPUs: 12 total, 12 available
 Memory: 16129M
 Large Page Support: Disabled
 NUMA Support: Disabled
 Compressed Oops: Enabled (32-bit)
 Heap Region Size: 1M
 Heap Min Capacity: 64M
 Heap Initial Capacity: 64M
 Heap Max Capacity: 64M
 Pre-touch: Disabled
 Parallel Workers: 10
 Concurrent Workers: 3
 Concurrent Refinement Workers: 10
 Periodic GC: Disabled

Heap:
 garbage-first heap   total 65536K, used 11424K [0x00000000fc000000, 0x0000000100000000)
  region size 1024K, 8 young (8192K), 3 survivors (3072K)
 Metaspace       used 2231K, committed 2304K, reserved 1114112K
  class space    used 219K, committed 256K, reserved 1048576K

Heap Regions: E=young(eden), S=young(survivor), O=old, HS=humongous(starts), HC=humongous(continues), CS=collection set, F=free, OA=open archive, CA=closed archive, TAMS=top-at-mark-start (previous, next)
|   0|0x00000000fc000000, 0x00000000fc100000, 0x00000000fc100000|100%| O|  |TAMS 0x00000000fc000000, 0x00000000fc000000| Untracked 
|   1|0x00000000fc100000, 0x00000000fc128000, 0x00000000fc200000| 15%| O|  |TAMS 0x00000000fc100000, 0x00000000fc100000| Untracked 
|   2|0x00000000fc200000, 0x00000000fc300000, 0x00000000fc300000|100%|HS|  |TAMS 0x00000000fc200000, 0x00000000fc200000| Complete 
|   3|0x00000000fc300000, 0x00000000fc400000, 0x00000000fc400000|100%|HC|  |TAMS 0x00000000fc300000, 0x00000000fc300000| Complete 
|   4|0x00000000fc400000, 0x00000000fc500000, 0x00000000fc500000|100%|HC|  |TAMS 0x00000000fc400000, 0x00000000fc400000| Complete 
|   5|0x00000000fc500000, 0x00000000fc600000, 0x00000000fc600000|100%|HC|  |TAMS 0x00000000fc500000, 0x00000000fc500000| Complete 
|   6|0x00000000fc600000, 0x00000000fc600000, 0x00000000fc700000|  0%| F|  |TAMS 0x00000000fc600000, 0x00000000fc600000| Untracked 
|   7|0x00000000fc700000, 0x00000000fc700000, 0x00000000fc800000|  0%| F|  |TAMS 0x00000000fc700000, 0x00000000fc700000| Untracked 
|   8|0x00000000fc800000, 0x00000000fc800000, 0x00000000fc900000|  0%| F|  |TAMS 0x00000000fc800000, 0x00000000fc800000| Untracked 
|   9|0x00000000fc900000, 0x00000000fc900000, 0x00000000fca00000|  0%| F|  |TAMS 0x00000000fc900000, 0x00000000fc900000| Untracked 
|  10|0x00000000fca00000, 0x00000000fca00000, 0x00000000fcb00000|  0%| F|  |TAMS 0x00000000fca00000, 0x00000000fca00000| Untracked 
|  11|0x00000000fcb00000, 0x00000000fcb00000, 0x00000000fcc00000|  0%| F|  |TAMS 0x00000000fcb00000, 0x00000000fcb00000| Untracked 
|  12|0x00000000fcc00000, 0x00000000fcc00000, 0x00000000fcd00000|  0%| F|  |TAMS 0x00000000fcc00000, 0x00000000fcc00000| Untracked 
|  13|0x00000000fcd00000, 0x00000000fcd00000, 0x00000000fce00000|  0%| F|  |TAMS 0x00000000fcd00000, 0x00000000fcd00000| Untracked 
|  14|0x00000000fce00000, 0x00000000fce00000, 0x00000000fcf00000|  0%| F|  |TAMS 0x00000000fce00000, 0x00000000fce00000| Untracked 
|  15|0x00000000fcf00000, 0x00000000fcf00000, 0x00000000fd000000|  0%| F|  |TAMS 0x00000000fcf00000, 0x00000000fcf00000| Untracked 
|  16|0x00000000fd000000, 0x00000000fd000000, 0x00000000fd100000|  0%| F|  |TAMS 0x00000000fd000000, 0x00000000fd000000| Untracked 
|  17|0x00000000fd100000, 0x00000000fd100000, 0x00000000fd200000|  0%| F|  |TAMS 0x00000000fd100000, 0x00000000fd100000| Untracked 
|  18|0x00000000fd200000, 0x00000000fd200000, 0x00000000fd300000|  0%| F|  |TAMS 0x00000000fd200000, 0x00000000fd200000| Untracked 
|  19|0x00000000fd300000, 0x00000000fd300000, 0x00000000fd400000|  0%| F|  |TAMS 0x00000000fd300000, 0x00000000fd300000| Untracked 
|  20|0x00000000fd400000, 0x00000000fd400000, 0x00000000fd500000|  0%| F|  |TAMS 0x00000000fd400000, 0x00000000fd400000| Untracked 
|  21|0x00000000fd500000, 0x00000000fd500000, 0x00000000fd600000|  0%| F|  |TAMS 0x00000000fd500000, 0x00000000fd500000| Untracked 
|  22|0x00000000fd600000, 0x00000000fd600000, 0x00000000fd700000|  0%| F|  |TAMS 0x00000000fd600000, 0x00000000fd600000| Untracked 
|  23|0x00000000fd700000, 0x00000000fd700000, 0x00000000fd800000|  0%| F|  |TAMS 0x00000000fd700000, 0x00000000fd700000| Untracked 
|  24|0x00000000fd800000, 0x00000000fd800000, 0x00000000fd900000|  0%| F|  |TAMS 0x00000000fd800000, 0x00000000fd800000| Untracked 
|  25|0x00000000fd900000, 0x00000000fd900000, 0x00000000fda00000|  0%| F|  |TAMS 0x00000000fd900000, 0x00000000fd900000| Untracked 
|  26|0x00000000fda00000, 0x00000000fda00000, 0x00000000fdb00000|  0%| F|  |TAMS 0x00000000fda00000, 0x00000000fda00000| Untracked 
|  27|0x00000000fdb00000, 0x00000000fdb00000, 0x00000000fdc00000|  0%| F|  |TAMS 0x00000000fdb00000, 0x00000000fdb00000| Untracked 
|  28|0x00000000fdc00000, 0x00000000fdc00000, 0x00000000fdd00000|  0%| F|  |TAMS 0x00000000fdc00000, 0x00000000fdc00000| Untracked 
|  29|0x00000000fdd00000, 0x00000000fdd00000, 0x00000000fde00000|  0%| F|  |TAMS 0x00000000fdd00000, 0x00000000fdd00000| Untracked 
|  30|0x00000000fde00000, 0x00000000fde00000, 0x00000000fdf00000|  0%| F|  |TAMS 0x00000000fde00000, 0x00000000fde00000| Untracked 
|  31|0x00000000fdf00000, 0x00000000fdf00000, 0x00000000fe000000|  0%| F|  |TAMS 0x00000000fdf00000, 0x00000000fdf00000| Untracked 
|  32|0x00000000fe000000, 0x00000000fe000000, 0x00000000fe100000|  0%| F|  |TAMS 0x00000000fe000000, 0x00000000fe000000| Untracked 
|  33|0x00000000fe100000, 0x00000000fe100000, 0x00000000fe200000|  0%| F|  |TAMS 0x00000000fe100000, 0x00000000fe100000| Untracked 
|  34|0x00000000fe200000, 0x00000000fe200000, 0x00000000fe300000|  0%| F|  |TAMS 0x00000000fe200000, 0x00000000fe200000| Untracked 
|  35|0x00000000fe300000, 0x00000000fe300000, 0x00000000fe400000|  0%| F|  |TAMS 0x00000000fe300000, 0x00000000fe300000| Untracked 
|  36|0x00000000fe400000, 0x00000000fe400000, 0x00000000fe500000|  0%| F|  |TAMS 0x00000000fe400000, 0x00000000fe400000| Untracked 
|  37|0x00000000fe500000, 0x00000000fe500000, 0x00000000fe600000|  0%| F|  |TAMS 0x00000000fe500000, 0x00000000fe500000| Untracked 
|  38|0x00000000fe600000, 0x00000000fe700000, 0x00000000fe700000|100%| S|CS|TAMS 0x00000000fe600000, 0x00000000fe600000| Complete 
|  39|0x00000000fe700000, 0x00000000fe800000, 0x00000000fe800000|100%| S|CS|TAMS 0x00000000fe700000, 0x00000000fe700000| Complete 
|  40|0x00000000fe800000, 0x00000000fe900000, 0x00000000fe900000|100%| S|CS|TAMS 0x00000000fe800000, 0x00000000fe800000| Complete 
|  41|0x00000000fe900000, 0x00000000fe900000, 0x00000000fea00000|  0%| F|  |TAMS 0x00000000fe900000, 0x00000000fe900000| Untracked 
|  42|0x00000000fea00000, 0x00000000fea00000, 0x00000000feb00000|  0%| F|  |TAMS 0x00000000fea00000, 0x00000000fea00000| Untracked 
|  43|0x00000000feb00000, 0x00000000feb00000, 0x00000000fec00000|  0%| F|  |TAMS 0x00000000feb00000, 0x00000000feb00000| Untracked 
|  44|0x00000000fec00000, 0x00000000fec00000, 0x00000000fed00000|  0%| F|  |TAMS 0x00000000fec00000, 0x00000000fec00000| Untracked 
|  45|0x00000000fed00000, 0x00000000fed00000, 0x00000000fee00000|  0%| F|  |TAMS 0x00000000fed00000, 0x00000000fed00000| Untracked 
|  46|0x00000000fee00000, 0x00000000fee00000, 0x00000000fef00000|  0%| F|  |TAMS 0x00000000fee00000, 0x00000000fee00000| Untracked 
|  47|0x00000000fef00000, 0x00000000fef00000, 0x00000000ff000000|  0%| F|  |TAMS 0x00000000fef00000, 0x00000000fef00000| Untracked 
|  48|0x00000000ff000000, 0x00000000ff000000, 0x00000000ff100000|  0%| F|  |TAMS 0x00000000ff000000, 0x00000000ff000000| Untracked 
|  49|0x00000000ff100000, 0x00000000ff100000, 0x00000000ff200000|  0%| F|  |TAMS 0x00000000ff100000, 0x00000000ff100000| Untracked 
|  50|0x00000000ff200000, 0x00000000ff200000, 0x00000000ff300000|  0%| F|  |TAMS 0x00000000ff200000, 0x00000000ff200000| Untracked 
|  51|0x00000000ff300000, 0x00000000ff300000, 0x00000000ff400000|  0%| F|  |TAMS 0x00000000ff300000, 0x00000000ff300000| Untracked 
|  52|0x00000000ff400000, 0x00000000ff400000, 0x00000000ff500000|  0%| F|  |TAMS 0x00000000ff400000, 0x00000000ff400000| Untracked 
|  53|0x00000000ff500000, 0x00000000ff500000, 0x00000000ff600000|  0%| F|  |TAMS 0x00000000ff500000, 0x00000000ff500000| Untracked 
|  54|0x00000000ff600000, 0x00000000ff600000, 0x00000000ff700000|  0%| F|  |TAMS 0x00000000ff600000, 0x00000000ff600000| Untracked 
|  55|0x00000000ff700000, 0x00000000ff700000, 0x00000000ff800000|  0%| F|  |TAMS 0x00000000ff700000, 0x00000000ff700000| Untracked 
|  56|0x00000000ff800000, 0x00000000ff800000, 0x00000000ff900000|  0%| F|  |TAMS 0x00000000ff800000, 0x00000000ff800000| Untracked 
|  57|0x00000000ff900000, 0x00000000ff900000, 0x00000000ffa00000|  0%| F|  |TAMS 0x00000000ff900000, 0x00000000ff900000| Untracked 
|  58|0x00000000ffa00000, 0x00000000ffa00000, 0x00000000ffb00000|  0%| F|  |TAMS 0x00000000ffa00000, 0x00000000ffa00000| Untracked 
|  59|0x00000000ffb00000, 0x00000000ffbdf0c8, 0x00000000ffc00000| 87%| E|  |TAMS 0x00000000ffb00000, 0x00000000ffb00000| Complete 
|  60|0x00000000ffc00000, 0x00000000ffd00000, 0x00000000ffd00000|100%| E|CS|TAMS 0x00000000ffc00000, 0x00000000ffc00000| Complete 
|  61|0x00000000ffd00000, 0x00000000ffe00000, 0x00000000ffe00000|100%| E|CS|TAMS 0x00000000ffd00000, 0x00000000ffd00000| Complete 
|  62|0x00000000ffe00000, 0x00000000fff00000, 0x00000000fff00000|100%| E|  |TAMS 0x00000000ffe00000, 0x00000000ffe00000| Complete 
|  63|0x00000000fff00000, 0x0000000100000000, 0x0000000100000000|100%| E|CS|TAMS 0x00000000fff00000, 0x00000000fff00000| Complete 

Card table byte_map: [0x0000019ff4170000,0x0000019ff4190000] _byte_map_base: 0x0000019ff3990000

Marking Bits (Prev, Next): (CMBitMap*) 0x0000019ff621f210, (CMBitMap*) 0x0000019ff621f250
 Prev Bits: [0x0000019ffdfe0000, 0x0000019ffe0e0000)
 Next Bits: [0x0000019ffe0e0000, 0x0000019ffe1e0000)

Polling page: 0x0000019ff4120000

Metaspace:

Usage:
  Non-class:      1.96 MB used.
      Class:    219.19 KB used.
       Both:      2.18 MB used.

Virtual space:
  Non-class space:       64.00 MB reserved,       2.00 MB (  3%) committed,  1 nodes.
      Class space:        1.00 GB reserved,     256.00 KB ( <1%) committed,  1 nodes.
             Both:        1.06 GB reserved,       2.25 MB ( <1%) committed. 

Chunk freelists:
   Non-Class:  11.55 MB
       Class:  15.64 MB
        Both:  27.19 MB

MaxMetaspaceSize: unlimited
CompressedClassSpaceSize: 1.00 GB
Initial GC threshold: 21.00 MB
Current GC threshold: 21.00 MB
CDS: on
MetaspaceReclaimPolicy: balanced
 - commit_granule_bytes: 65536.
 - commit_granule_words: 8192.
 - virtual_space_node_default_size: 8388608.
 - enlarge_chunks_in_place: 1.
 - new_chunks_are_fully_committed: 0.
 - uncommit_free_chunks: 1.
 - use_allocation_guard: 0.
 - handle_deallocations: 1.


Internal statistics:

num_allocs_failed_limit: 0.
num_arena_births: 14.
num_arena_deaths: 0.
num_vsnodes_births: 2.
num_vsnodes_deaths: 0.
num_space_committed: 36.
num_space_uncommitted: 0.
num_chunks_returned_to_freelist: 0.
num_chunks_taken_from_freelist: 54.
num_chunk_merges: 0.
num_chunk_splits: 32.
num_chunks_enlarged: 26.
num_inconsistent_stats: 0.

CodeHeap 'non-profiled nmethods': size=120000Kb used=315Kb max_used=315Kb free=119684Kb
 bounds [0x0000019f87ad0000, 0x0000019f87d40000, 0x0000019f8f000000]
CodeHeap 'profiled nmethods': size=120000Kb used=1320Kb max_used=1320Kb free=118679Kb
 bounds [0x0000019f80000000, 0x0000019f80270000, 0x0000019f87530000]
CodeHeap 'non-nmethods': size=5760Kb used=1120Kb max_used=1146Kb free=4639Kb
 bounds [0x0000019f87530000, 0x0000019f877a0000, 0x0000019f87ad0000]
 total_blobs=1150 nmethods=747 adapters=316
 compilation: enabled
              stopped_count=0, restarted_count=0
 full_count=0

Compilation events (20 events):
Event: 11.805 Thread 0x0000019ffede5560  748       3       jdk.internal.org.objectweb.asm.SymbolTable::hash (10 bytes)
Event: 11.808 Thread 0x0000019ffede5560 nmethod 748 0x0000019f80148c10 code [0x0000019f80148da0, 0x0000019f80148ec8]
Event: 11.811 Thread 0x0000019ffede5560  749       3       jdk.internal.org.objectweb.asm.ByteVector::putShort (52 bytes)
Event: 11.812 Thread 0x0000019ffede5560 nmethod 749 0x0000019f80148f90 code [0x0000019f80149140, 0x0000019f80149348]
Event: 11.813 Thread 0x0000019ffede5560  741       3       java.util.jar.Attributes::getValue (9 bytes)
Event: 11.819 Thread 0x0000019ffede5560 nmethod 741 0x0000019f80149490 code [0x0000019f80149640, 0x0000019f80149968]
Event: 11.819 Thread 0x0000019ffede5560  733       3       java.lang.Integer::valueOf (32 bytes)
Event: 11.820 Thread 0x0000019ffede5560 nmethod 733 0x0000019f80149a90 code [0x0000019f80149c40, 0x0000019f80149f58]
Event: 11.820 Thread 0x0000019ffede5560  744       1       java.lang.invoke.MethodHandle::type (5 bytes)
Event: 11.820 Thread 0x0000019ffede5560 nmethod 744 0x0000019f87b18210 code [0x0000019f87b183a0, 0x0000019f87b18478]
Event: 11.820 Thread 0x0000019ffede5560  737       1       java.util.zip.ZipEntry::getCrc (5 bytes)
Event: 11.821 Thread 0x0000019ffede5560 nmethod 737 0x0000019f87b18510 code [0x0000019f87b186a0, 0x0000019f87b18778]
Event: 11.822 Thread 0x0000019ffede5560  735       1       jdk.internal.loader.URLClassPath$Loader::getBaseURL (5 bytes)
Event: 11.823 Thread 0x0000019ffede5560 nmethod 735 0x0000019f87b18810 code [0x0000019f87b189a0, 0x0000019f87b18a78]
Event: 11.823 Thread 0x0000019ffede5560  736       1       java.util.jar.Manifest::getEntries (5 bytes)
Event: 11.823 Thread 0x0000019ffede5560 nmethod 736 0x0000019f87b18b10 code [0x0000019f87b18ca0, 0x0000019f87b18d78]
Event: 11.823 Thread 0x0000019ffede5560  746       1       java.lang.invoke.MethodHandles$Lookup::lookupClass (5 bytes)
Event: 11.823 Thread 0x0000019ffede5560 nmethod 746 0x0000019f87b18e10 code [0x0000019f87b18fa0, 0x0000019f87b19078]
Event: 11.823 Thread 0x0000019ffede5560  747       1       sun.invoke.util.Wrapper::basicTypeChar (5 bytes)
Event: 11.823 Thread 0x0000019ffede5560 nmethod 747 0x0000019f87b19110 code [0x0000019f87b192a0, 0x0000019f87b19378]

GC Heap History (2 events):
Event: 7.886 GC heap before
{Heap before GC invocations=0 (full 0):
 garbage-first heap   total 65536K, used 22528K [0x00000000fc000000, 0x0000000100000000)
  region size 1024K, 23 young (23552K), 0 survivors (0K)
 Metaspace       used 1807K, committed 1920K, reserved 1114112K
  class space    used 158K, committed 192K, reserved 1048576K
}
Event: 8.049 GC heap after
{Heap after GC invocations=1 (full 0):
 garbage-first heap   total 65536K, used 4256K [0x00000000fc000000, 0x0000000100000000)
  region size 1024K, 3 young (3072K), 3 survivors (3072K)
 Metaspace       used 1807K, committed 1920K, reserved 1114112K
  class space    used 158K, committed 192K, reserved 1048576K
}

Deoptimization events (20 events):
Event: 7.880 Thread 0x0000019ff61fe680 DEOPT PACKING pc=0x0000019f87b0f09c sp=0x00000097abcfccb0
Event: 7.880 Thread 0x0000019ff61fe680 DEOPT UNPACKING pc=0x0000019f875823a3 sp=0x00000097abcfcbd0 mode 2
Event: 7.881 Thread 0x0000019ff61fe680 Uncommon trap: trap_request=0xffffffde fr.pc=0x0000019f87b0f09c relative=0x0000000000000a7c
Event: 7.881 Thread 0x0000019ff61fe680 Uncommon trap: reason=class_check action=maybe_recompile pc=0x0000019f87b0f09c method=java.util.HashMap.putVal(ILjava/lang/Object;Ljava/lang/Object;ZZ)Ljava/lang/Object; @ 203 c2
Event: 7.881 Thread 0x0000019ff61fe680 DEOPT PACKING pc=0x0000019f87b0f09c sp=0x00000097abcfccb0
Event: 7.881 Thread 0x0000019ff61fe680 DEOPT UNPACKING pc=0x0000019f875823a3 sp=0x00000097abcfcbd0 mode 2
Event: 11.692 Thread 0x0000019ff61fe680 Uncommon trap: trap_request=0xffffff45 fr.pc=0x0000019f87b0ca68 relative=0x00000000000009a8
Event: 11.692 Thread 0x0000019ff61fe680 Uncommon trap: reason=unstable_if action=reinterpret pc=0x0000019f87b0ca68 method=java.util.zip.ZipCoder$UTF8ZipCoder.checkedHash([BII)I @ 27 c2
Event: 11.692 Thread 0x0000019ff61fe680 DEOPT PACKING pc=0x0000019f87b0ca68 sp=0x00000097abcfc2a0
Event: 11.692 Thread 0x0000019ff61fe680 DEOPT UNPACKING pc=0x0000019f875823a3 sp=0x00000097abcfc1e8 mode 2
Event: 11.692 Thread 0x0000019ff61fe680 Uncommon trap: trap_request=0xffffff45 fr.pc=0x0000019f87ad8b38 relative=0x00000000000001b8
Event: 11.692 Thread 0x0000019ff61fe680 Uncommon trap: reason=unstable_if action=reinterpret pc=0x0000019f87ad8b38 method=java.lang.String.hashCode()I @ 20 c2
Event: 11.692 Thread 0x0000019ff61fe680 DEOPT PACKING pc=0x0000019f87ad8b38 sp=0x00000097abcfc120
Event: 11.692 Thread 0x0000019ff61fe680 DEOPT UNPACKING pc=0x0000019f875823a3 sp=0x00000097abcfc0b0 mode 2
Event: 11.693 Thread 0x0000019ff61fe680 Uncommon trap: trap_request=0xffffff45 fr.pc=0x0000019f87b0e130 relative=0x0000000000000190
Event: 11.693 Thread 0x0000019ff61fe680 Uncommon trap: reason=unstable_if action=reinterpret pc=0x0000019f87b0e130 method=java.util.zip.ZipFile$Source.isMetaName([BII)Z @ 57 c2
Event: 11.693 Thread 0x0000019ff61fe680 DEOPT PACKING pc=0x0000019f87b0e130 sp=0x00000097abcfc330
Event: 11.693 Thread 0x0000019ff61fe680 DEOPT UNPACKING pc=0x0000019f875823a3 sp=0x00000097abcfc2c0 mode 2
Event: 11.712 Thread 0x0000019ff61fe680 DEOPT PACKING pc=0x0000019f800f6157 sp=0x00000097abcfc990
Event: 11.712 Thread 0x0000019ff61fe680 DEOPT UNPACKING pc=0x0000019f87582b43 sp=0x00000097abcfbdf0 mode 0

Classes unloaded (0 events):
No events

Classes redefined (0 events):
No events

Internal exceptions (1 events):
Event: 6.405 Thread 0x0000019ff61fe680 Exception <a 'java/lang/NoSuchMethodError'{0x00000000ffde9c20}: 'int java.lang.invoke.DirectMethodHandle$Holder.invokeStaticInit(java.lang.Object, java.lang.Object)'> (0x00000000ffde9c20) 
thrown [s\open\src\hotspot\share\interpreter\linkResolver.cpp, line 759]

VM Operations (16 events):
Event: 3.465 Executing VM operation: Cleanup
Event: 3.465 Executing VM operation: Cleanup done
Event: 3.620 Executing VM operation: HandshakeAllThreads
Event: 3.620 Executing VM operation: HandshakeAllThreads done
Event: 4.623 Executing VM operation: Cleanup
Event: 4.670 Executing VM operation: Cleanup done
Event: 5.679 Executing VM operation: Cleanup
Event: 5.695 Executing VM operation: Cleanup done
Event: 6.708 Executing VM operation: Cleanup
Event: 6.711 Executing VM operation: Cleanup done
Event: 7.723 Executing VM operation: Cleanup
Event: 7.754 Executing VM operation: Cleanup done
Event: 7.886 Executing VM operation: G1CollectForAllocation
Event: 8.049 Executing VM operation: G1CollectForAllocation done
Event: 9.062 Executing VM operation: Cleanup
Event: 9.062 Executing VM operation: Cleanup done

Events (20 events):
Event: 11.759 loading class java/lang/WeakPairMap$Pair$Weak
Event: 11.759 loading class java/lang/WeakPairMap$WeakRefPeer
Event: 11.759 loading class java/lang/WeakPairMap$WeakRefPeer done
Event: 11.759 loading class java/lang/WeakPairMap$Pair$Weak done
Event: 11.759 loading class java/lang/WeakPairMap$Pair$Weak$1
Event: 11.759 loading class java/lang/WeakPairMap$Pair$Weak$1 done
Event: 11.761 loading class java/lang/reflect/ProxyGenerator
Event: 11.761 loading class java/lang/reflect/ProxyGenerator done
Event: 11.761 loading class java/lang/reflect/ProxyGenerator$ProxyMethod
Event: 11.762 loading class java/lang/reflect/ProxyGenerator$ProxyMethod done
Event: 11.794 loading class java/lang/reflect/ProxyGenerator$PrimitiveTypeInfo
Event: 11.795 loading class java/lang/reflect/ProxyGenerator$PrimitiveTypeInfo done
Event: 11.796 loading class jdk/internal/org/objectweb/asm/Edge
Event: 11.799 loading class jdk/internal/org/objectweb/asm/Edge done
Event: 11.807 loading class java/lang/reflect/UndeclaredThrowableException
Event: 11.807 loading class java/lang/reflect/UndeclaredThrowableException done
Event: 11.807 loading class java/lang/IllegalAccessException
Event: 11.807 loading class java/lang/IllegalAccessException done
Event: 11.811 loading class java/lang/reflect/Proxy$ProxyBuilder$1
Event: 11.811 loading class java/lang/reflect/Proxy$ProxyBuilder$1 done


Dynamic libraries:
0x00007ff7296f0000 - 0x00007ff729700000 	C:\Program Files\Java\jdk-17\bin\java.exe
0x00007ff994010000 - 0x00007ff994227000 	C:\WINDOWS\SYSTEM32\ntdll.dll
0x00007ff992450000 - 0x00007ff992514000 	C:\WINDOWS\System32\KERNEL32.DLL
0x00007ff991440000 - 0x00007ff9917f9000 	C:\WINDOWS\System32\KERNELBASE.dll
0x0000000067740000 - 0x0000000067a6e000 	C:\Program Files\Norton Security\NortonData\22.20.5.39\Definitions\IPSDefs\20241129.064\IPSEng64.dll
0x00007ff9938f0000 - 0x00007ff9939a2000 	C:\WINDOWS\System32\ADVAPI32.dll
0x00007ff992cf0000 - 0x00007ff992d97000 	C:\WINDOWS\System32\msvcrt.dll
0x00007ff993b00000 - 0x00007ff993ba7000 	C:\WINDOWS\System32\sechost.dll
0x00007ff991d00000 - 0x00007ff991d28000 	C:\WINDOWS\System32\bcrypt.dll
0x00007ff991db0000 - 0x00007ff991ec4000 	C:\WINDOWS\System32\RPCRT4.dll
0x00007ff993720000 - 0x00007ff993728000 	C:\WINDOWS\System32\PSAPI.DLL
0x00007ff9918a0000 - 0x00007ff9919b1000 	C:\WINDOWS\System32\ucrtbase.dll
0x00007ff976310000 - 0x00007ff976329000 	C:\Program Files\Java\jdk-17\bin\jli.dll
0x00007ff993bb0000 - 0x00007ff993d5e000 	C:\WINDOWS\System32\USER32.dll
0x00007ff991cd0000 - 0x00007ff991cf6000 	C:\WINDOWS\System32\win32u.dll
0x00007ff993fa0000 - 0x00007ff993fc9000 	C:\WINDOWS\System32\GDI32.dll
0x00007ff9919c0000 - 0x00007ff991adb000 	C:\WINDOWS\System32\gdi32full.dll
0x00007ff991800000 - 0x00007ff99189a000 	C:\WINDOWS\System32\msvcp_win.dll
0x00007ff976260000 - 0x00007ff97627b000 	C:\Program Files\Java\jdk-17\bin\VCRUNTIME140.dll
0x00007ff96b7b0000 - 0x00007ff96ba42000 	C:\WINDOWS\WinSxS\amd64_microsoft.windows.common-controls_6595b64144ccf1df_6.0.22621.4391_none_2715d37f73803e96\COMCTL32.dll
0x00007ff97e8d0000 - 0x00007ff97e8da000 	C:\WINDOWS\SYSTEM32\VERSION.dll
0x00007ff993ac0000 - 0x00007ff993af1000 	C:\WINDOWS\System32\IMM32.DLL
0x00007ff97d800000 - 0x00007ff97d80c000 	C:\Program Files\Java\jdk-17\bin\vcruntime140_1.dll
0x00007ff939a70000 - 0x00007ff939afe000 	C:\Program Files\Java\jdk-17\bin\msvcp140.dll
0x00007ff926b40000 - 0x00007ff927720000 	C:\Program Files\Java\jdk-17\bin\server\jvm.dll
0x00007ff97c450000 - 0x00007ff97c459000 	C:\WINDOWS\SYSTEM32\WSOCK32.dll
0x00007ff9928e0000 - 0x00007ff992951000 	C:\WINDOWS\System32\WS2_32.dll
0x00007ff98ecc0000 - 0x00007ff98ecf4000 	C:\WINDOWS\SYSTEM32\WINMM.dll
0x00007ff990380000 - 0x00007ff990398000 	C:\WINDOWS\SYSTEM32\kernel.appcore.dll
0x00007ff966970000 - 0x00007ff96697a000 	C:\Program Files\Java\jdk-17\bin\jimage.dll
0x00007ff98ea80000 - 0x00007ff98ecb2000 	C:\WINDOWS\SYSTEM32\DBGHELP.DLL
0x00007ff992960000 - 0x00007ff992cef000 	C:\WINDOWS\System32\combase.dll
0x00007ff993e60000 - 0x00007ff993f37000 	C:\WINDOWS\System32\OLEAUT32.dll
0x00007ff98ea40000 - 0x00007ff98ea72000 	C:\WINDOWS\SYSTEM32\dbgcore.DLL
0x00007ff991c50000 - 0x00007ff991ccb000 	C:\WINDOWS\System32\bcryptPrimitives.dll
0x00007ff9662f0000 - 0x00007ff966315000 	C:\Program Files\Java\jdk-17\bin\java.dll
0x00007ff933de0000 - 0x00007ff933eb7000 	C:\Program Files\Java\jdk-17\bin\jsvml.dll
0x00007ff992da0000 - 0x00007ff993616000 	C:\WINDOWS\System32\SHELL32.dll
0x00007ff98f0a0000 - 0x00007ff98f9a3000 	C:\WINDOWS\SYSTEM32\windows.storage.dll
0x00007ff98f9f0000 - 0x00007ff98fb2f000 	C:\WINDOWS\SYSTEM32\wintypes.dll
0x00007ff9939c0000 - 0x00007ff993ab9000 	C:\WINDOWS\System32\SHCORE.dll
0x00007ff991ed0000 - 0x00007ff991f2e000 	C:\WINDOWS\System32\shlwapi.dll
0x00007ff991240000 - 0x00007ff99126b000 	C:\WINDOWS\SYSTEM32\profapi.dll
0x00007ff966280000 - 0x00007ff966299000 	C:\Program Files\Java\jdk-17\bin\net.dll
0x00007ff986310000 - 0x00007ff986446000 	C:\WINDOWS\SYSTEM32\WINHTTP.dll
0x00007ff990880000 - 0x00007ff9908e9000 	C:\WINDOWS\system32\mswsock.dll
0x00007ff9613d0000 - 0x00007ff9613e6000 	C:\Program Files\Java\jdk-17\bin\nio.dll
0x00007ff95d990000 - 0x00007ff95d9a8000 	C:\Program Files\Java\jdk-17\bin\zip.dll
0x00007ff966960000 - 0x00007ff966970000 	C:\Program Files\Java\jdk-17\bin\verify.dll

dbghelp: loaded successfully - version: 4.0.5 - missing functions: none
symbol engine: initialized successfully - sym options: 0x614 - pdb path: .;C:\Program Files\Java\jdk-17\bin;C:\WINDOWS\SYSTEM32;C:\Program Files\Norton Security\NortonData\22.20.5.39\Definitions\IPSDefs\20241129.064;C:\WINDOWS\WinSxS\amd64_microsoft.windows.common-controls_6595b64144ccf1df_6.0.22621.4391_none_2715d37f73803e96;C:\Program Files\Java\jdk-17\bin\server

VM Arguments:
jvm_args: -Xmx64m -Xms64m -Dorg.gradle.appname=gradlew 
java_command: org.gradle.wrapper.GradleWrapperMain app:installDebug -PreactNativeDevServerPort=8081
java_class_path (initial): C:\Users\mahco\PhoneProjects\FlyerDraft3CLI\android\\gradle\wrapper\gradle-wrapper.jar
Launcher Type: SUN_STANDARD

[Global flags]
     intx CICompilerCount                          = 4                                         {product} {ergonomic}
     uint ConcGCThreads                            = 3                                         {product} {ergonomic}
     uint G1ConcRefinementThreads                  = 10                                        {product} {ergonomic}
   size_t G1HeapRegionSize                         = 1048576                                   {product} {ergonomic}
    uintx GCDrainStackTargetSize                   = 64                                        {product} {ergonomic}
   size_t InitialHeapSize                          = 67108864                                  {product} {command line}
   size_t MarkStackSize                            = 4194304                                   {product} {ergonomic}
   size_t MaxHeapSize                              = 67108864                                  {product} {command line}
   size_t MaxNewSize                               = 39845888                                  {product} {ergonomic}
   size_t MinHeapDeltaBytes                        = 1048576                                   {product} {ergonomic}
   size_t MinHeapSize                              = 67108864                                  {product} {command line}
    uintx NonNMethodCodeHeapSize                   = 5839372                                {pd product} {ergonomic}
    uintx NonProfiledCodeHeapSize                  = 122909434                              {pd product} {ergonomic}
    uintx ProfiledCodeHeapSize                     = 122909434                              {pd product} {ergonomic}
    uintx ReservedCodeCacheSize                    = 251658240                              {pd product} {ergonomic}
     bool SegmentedCodeCache                       = true                                      {product} {ergonomic}
   size_t SoftMaxHeapSize                          = 67108864                               {manageable} {ergonomic}
     bool UseCompressedClassPointers               = true                           {product lp64_product} {ergonomic}
     bool UseCompressedOops                        = true                           {product lp64_product} {ergonomic}
     bool UseG1GC                                  = true                                      {product} {ergonomic}
     bool UseLargePagesIndividualAllocation        = false                                  {pd product} {ergonomic}

Logging:
Log output configuration:
 #0: stdout all=warning uptime,level,tags
 #1: stderr all=off uptime,level,tags

Environment Variables:
JAVA_HOME=C:\Program Files\Java\jdk-17
CLASSPATH=C:\Users\mahco\PhoneProjects\FlyerDraft3CLI\android\\gradle\wrapper\gradle-wrapper.jar
PATH=C:\Users\mahco\PhoneProjects\FlyerDraft3CLI\node_modules\.bin;C:\Users\mahco\PhoneProjects\FlyerDraft3CLI\node_modules\.bin;C:\Users\mahco\PhoneProjects\node_modules\.bin;C:\Users\mahco\node_modules\.bin;C:\Users\node_modules\.bin;C:\node_modules\.bin;C:\Users\mahco\AppData\Roaming\npm\node_modules\npm\node_modules\@npmcli\run-script\lib\node-gyp-bin;C:\Users\mahco\PhoneProjects\FlyerDraft3CLI\node_modules\.bin;C:\Users\mahco\PhoneProjects\FlyerDraft3CLI\node_modules\.bin;C:\Users\mahco\PhoneProjects\node_modules\.bin;C:\Users\mahco\node_modules\.bin;C:\Users\node_modules\.bin;C:\node_modules\.bin;C:\Users\mahco\AppData\Roaming\npm\node_modules\npm\node_modules\@npmcli\run-script\lib\node-gyp-bin;C:\Program Files\Eclipse Adoptium\jdk-17.0.13.11-hotspot\bin;C:\Python312\Scripts\;C:\Python312\;C:\Program Files\Common Files\Oracle\Java\javapath;C:\Program Files\Microsoft\jdk-11.0.16.101-hotspot\bin;C:\Windows\system32;C:\Windows;C:\Windows\System32\Wbem;C:\Windows\System32\WindowsPowerShell\v1.0\;C:\Windows\System32\OpenSSH\;C:\Program Files (x86)\NVIDIA Corporation\PhysX\Common;C:\Program Files\NVIDIA Corporation\NVIDIA NvDLISR;C:\WINDOWS\system32;C:\WINDOWS;C:\WINDOWS\System32\Wbem;C:\WINDOWS\System32\WindowsPowerShell\v1.0\;C:\WINDOWS\System32\OpenSSH\;C:\Program Files\dotnet\;C:\Program Files\Microsoft SQL Server\150\Tools\Binn\;C:\Program Files\Microsoft SQL Server\Client SDK\ODBC\170\Tools\Binn\;C:\Program Files (x86)\dotnet\;C:\WINDOWS\system32;C:\WINDOWS;C:\WINDOWS\System32\Wbem;C:\WINDOWS\System32\WindowsPowerShell\v1.0\;C:\WINDOWS\System32\OpenSSH\;C:\Program Files\Git\cmd;C:\Program Files (x86)\Microsoft SQL Server\160\Tools\Binn\;C:\Program Files\Microsoft SQL Server\160\Tools\Binn\;C:\Program Files\Microsoft SQL Server\160\DTS\Binn\;C:\Program Files (x86)\Microsoft SQL Server\160\DTS\Binn\;C:\Program Files\Azure Data Studio\bin;C:\Program Files\nodejs\;C:\ProgramData\chocolatey\bin;C:\Program Files\Java\jdk-17\bin;C:\Users\mahco\AppData\Local\Microsoft\W
USERNAME=mahco
OS=Windows_NT
PROCESSOR_IDENTIFIER=Intel64 Family 6 Model 165 Stepping 2, GenuineIntel



---------------  S Y S T E M  ---------------

OS:
 Windows 11 , 64 bit Build 22621 (10.0.22621.4391)
OS uptime: 0 days 13:46 hours
Hyper-V role detected

CPU: total 12 (initial active 12) (6 cores per cpu, 2 threads per core) family 6 model 165 stepping 2 microcode 0xf4, cx8, cmov, fxsr, ht, mmx, 3dnowpref, sse, sse2, sse3, ssse3, sse4.1, sse4.2, popcnt, lzcnt, tsc, tscinvbit, avx, avx2, aes, erms, clmul, bmi1, bmi2, adx, fma, vzeroupper, clflush, clflushopt, hv

Memory: 4k page, system-wide physical 16129M (577M free)
TotalPageFile size 44428M (AvailPageFile size 401M)
current process WorkingSet (physical memory assigned to process): 74M, peak: 75M
current process commit charge ("private bytes"): 161M, peak: 161M

vm_info: Java HotSpot(TM) 64-Bit Server VM (17.0.12+8-LTS-286) for windows-amd64 JRE (17.0.12+8-LTS-286), built on Jun  5 2024 06:46:59 by "mach5one" with MS VC++ 17.6 (VS2022)

END.
