#
# There is insufficient memory for the Java Runtime Environment to continue.
# Native memory allocation (mmap) failed to map 67108864 bytes for G1 virtual space
# Possible reasons:
#   The system is out of physical RAM or swap space
#   The process is running with CompressedOops enabled, and the Java Heap may be blocking the growth of the native heap
# Possible solutions:
#   Reduce memory load on the system
#   Increase physical memory or swap space
#   Check if swap backing store is full
#   Decrease Java heap size (-Xmx/-Xms)
#   Decrease number of Java threads
#   Decrease Java thread stack sizes (-Xss)
#   Set larger code cache with -XX:ReservedCodeCacheSize=
#   JVM is running with Unscaled Compressed Oops mode in which the Java heap is
#     placed in the first 4GB address space. The Java Heap base address is the
#     maximum limit for the native heap growth. Please use -XX:HeapBaseMinAddress
#     to set the Java Heap base and to place the Java Heap above 4GB virtual address.
# This output file may be truncated or incomplete.
#
#  Out of Memory Error (os_windows.cpp:3548), pid=44452, tid=54208
#
# JRE version:  (17.0.12+8) (build )
# Java VM: Java HotSpot(TM) 64-Bit Server VM (17.0.12+8-LTS-286, mixed mode, sharing, tiered, compressed oops, compressed class ptrs, g1 gc, windows-amd64)
# No core dump will be written. Minidumps are not enabled by default on client versions of Windows
#

---------------  S U M M A R Y ------------

Command Line: -Xmx64m -Xms64m -Dorg.gradle.appname=gradlew org.gradle.wrapper.GradleWrapperMain app:installDebug -PreactNativeDevServerPort=8081

Host: Intel(R) Core(TM) i7-10750H CPU @ 2.60GHz, 12 cores, 15G,  Windows 11 , 64 bit Build 22621 (10.0.22621.4391)
Time: Mon Dec  2 10:50:54 2024 Eastern Standard Time elapsed time: 3.558424 seconds (0d 0h 0m 3s)

---------------  T H R E A D  ---------------

Current thread (0x000001a7dbd41ba0):  JavaThread "Unknown thread" [_thread_in_vm, id=54208, stack(0x0000007ee6200000,0x0000007ee6300000)]

Stack: [0x0000007ee6200000,0x0000007ee6300000]
Native frames: (J=compiled Java code, j=interpreted, Vv=VM code, C=native code)
V  [jvm.dll+0x67a04a]
V  [jvm.dll+0x7da4ed]
V  [jvm.dll+0x7dbe33]
V  [jvm.dll+0x7dc4a3]
V  [jvm.dll+0x24508f]
V  [jvm.dll+0x677089]
V  [jvm.dll+0x66bd32]
V  [jvm.dll+0x301fa6]
V  [jvm.dll+0x309546]
V  [jvm.dll+0x359d2e]
V  [jvm.dll+0x359f5f]
V  [jvm.dll+0x2d9078]
V  [jvm.dll+0x2d9fe4]
V  [jvm.dll+0x7aca21]
V  [jvm.dll+0x367591]
V  [jvm.dll+0x78b999]
V  [jvm.dll+0x3ec83f]
V  [jvm.dll+0x3ee471]
C  [jli.dll+0x5297]
C  [ucrtbase.dll+0x29333]
C  [KERNEL32.DLL+0x1259d]
C  [ntdll.dll+0x5af38]


---------------  P R O C E S S  ---------------

Threads class SMR info:
_java_thread_list=0x00007ff9275f7a18, length=0, elements={
}

Java Threads: ( => current thread )

Other Threads:
  0x000001a7dbd60f10 GCTaskThread "GC Thread#0" [stack: 0x0000000000000000,0x0000000000000000] [id=49532]
  0x000001a7dbd62660 ConcurrentGCThread "G1 Main Marker" [stack: 0x0000007ee6400000,0x0000007ee6500000] [id=49720]
  0x000001a7dbd63070 ConcurrentGCThread "G1 Conc#0" [stack: 0x0000007ee6500000,0x0000007ee6600000] [id=40500]

[error occurred during error reporting (printing all threads), id 0xc0000005, EXCEPTION_ACCESS_VIOLATION (0xc0000005) at pc=0x00007ff926e29b67]

VM state: not at safepoint (not fully initialized)

VM Mutex/Monitor currently owned by a thread:  ([mutex/lock_event])
[0x000001a7dbd3cef0] Heap_lock - owner thread: 0x000001a7dbd41ba0

Heap address: 0x00000000fc000000, size: 64 MB, Compressed Oops mode: 32-bit

CDS archive(s) mapped at: [0x0000000000000000-0x0000000000000000-0x0000000000000000), size 0, SharedBaseAddress: 0x0000000800000000, ArchiveRelocationMode: 1.
Narrow klass base: 0x0000000000000000, Narrow klass shift: 0, Narrow klass range: 0x0

GC Precious Log:
<Empty>

Heap:
 garbage-first heap   total 0K, used 0K [0x00000000fc000000, 0x0000000100000000)
  region size 1024K, 0 young (0K), 0 survivors (0K)

[error occurred during error reporting (printing heap information), id 0xc0000005, EXCEPTION_ACCESS_VIOLATION (0xc0000005) at pc=0x00007ff927213859]

GC Heap History (0 events):
No events

Deoptimization events (0 events):
No events

Classes unloaded (0 events):
No events

Classes redefined (0 events):
No events

Internal exceptions (0 events):
No events

VM Operations (0 events):
No events

Events (1 events):
Event: 3.231 Loaded shared library C:\Program Files\Java\jdk-17\bin\java.dll


Dynamic libraries:
0x00007ff7296f0000 - 0x00007ff729700000 	C:\Program Files\Java\jdk-17\bin\java.exe
0x00007ff994010000 - 0x00007ff994227000 	C:\WINDOWS\SYSTEM32\ntdll.dll
0x00007ff992450000 - 0x00007ff992514000 	C:\WINDOWS\System32\KERNEL32.DLL
0x00007ff991440000 - 0x00007ff9917f9000 	C:\WINDOWS\System32\KERNELBASE.dll
0x0000000067740000 - 0x0000000067a6e000 	C:\Program Files\Norton Security\NortonData\22.20.5.39\Definitions\IPSDefs\20241129.064\IPSEng64.dll
0x00007ff9938f0000 - 0x00007ff9939a2000 	C:\WINDOWS\System32\ADVAPI32.dll
0x00007ff992cf0000 - 0x00007ff992d97000 	C:\WINDOWS\System32\msvcrt.dll
0x00007ff993b00000 - 0x00007ff993ba7000 	C:\WINDOWS\System32\sechost.dll
0x00007ff991d00000 - 0x00007ff991d28000 	C:\WINDOWS\System32\bcrypt.dll
0x00007ff991db0000 - 0x00007ff991ec4000 	C:\WINDOWS\System32\RPCRT4.dll
0x00007ff993720000 - 0x00007ff993728000 	C:\WINDOWS\System32\PSAPI.DLL
0x00007ff9918a0000 - 0x00007ff9919b1000 	C:\WINDOWS\System32\ucrtbase.dll
0x00007ff976310000 - 0x00007ff976329000 	C:\Program Files\Java\jdk-17\bin\jli.dll
0x00007ff993bb0000 - 0x00007ff993d5e000 	C:\WINDOWS\System32\USER32.dll
0x00007ff976260000 - 0x00007ff97627b000 	C:\Program Files\Java\jdk-17\bin\VCRUNTIME140.dll
0x00007ff96b7b0000 - 0x00007ff96ba42000 	C:\WINDOWS\WinSxS\amd64_microsoft.windows.common-controls_6595b64144ccf1df_6.0.22621.4391_none_2715d37f73803e96\COMCTL32.dll
0x00007ff991cd0000 - 0x00007ff991cf6000 	C:\WINDOWS\System32\win32u.dll
0x00007ff993fa0000 - 0x00007ff993fc9000 	C:\WINDOWS\System32\GDI32.dll
0x00007ff9919c0000 - 0x00007ff991adb000 	C:\WINDOWS\System32\gdi32full.dll
0x00007ff991800000 - 0x00007ff99189a000 	C:\WINDOWS\System32\msvcp_win.dll
0x00007ff97e8d0000 - 0x00007ff97e8da000 	C:\WINDOWS\SYSTEM32\VERSION.dll
0x00007ff993ac0000 - 0x00007ff993af1000 	C:\WINDOWS\System32\IMM32.DLL
0x00007ff97d800000 - 0x00007ff97d80c000 	C:\Program Files\Java\jdk-17\bin\vcruntime140_1.dll
0x00007ff939a70000 - 0x00007ff939afe000 	C:\Program Files\Java\jdk-17\bin\msvcp140.dll
0x00007ff926b40000 - 0x00007ff927720000 	C:\Program Files\Java\jdk-17\bin\server\jvm.dll
0x00007ff98ecc0000 - 0x00007ff98ecf4000 	C:\WINDOWS\SYSTEM32\WINMM.dll
0x00007ff97c450000 - 0x00007ff97c459000 	C:\WINDOWS\SYSTEM32\WSOCK32.dll
0x00007ff9928e0000 - 0x00007ff992951000 	C:\WINDOWS\System32\WS2_32.dll
0x00007ff990380000 - 0x00007ff990398000 	C:\WINDOWS\SYSTEM32\kernel.appcore.dll
0x00007ff966970000 - 0x00007ff96697a000 	C:\Program Files\Java\jdk-17\bin\jimage.dll
0x00007ff98ea80000 - 0x00007ff98ecb2000 	C:\WINDOWS\SYSTEM32\DBGHELP.DLL
0x00007ff992960000 - 0x00007ff992cef000 	C:\WINDOWS\System32\combase.dll
0x00007ff993e60000 - 0x00007ff993f37000 	C:\WINDOWS\System32\OLEAUT32.dll
0x00007ff98ea40000 - 0x00007ff98ea72000 	C:\WINDOWS\SYSTEM32\dbgcore.DLL
0x00007ff991c50000 - 0x00007ff991ccb000 	C:\WINDOWS\System32\bcryptPrimitives.dll
0x00007ff9662f0000 - 0x00007ff966315000 	C:\Program Files\Java\jdk-17\bin\java.dll

dbghelp: loaded successfully - version: 4.0.5 - missing functions: none
symbol engine: initialized successfully - sym options: 0x614 - pdb path: .;C:\Program Files\Java\jdk-17\bin;C:\WINDOWS\SYSTEM32;C:\Program Files\Norton Security\NortonData\22.20.5.39\Definitions\IPSDefs\20241129.064;C:\WINDOWS\WinSxS\amd64_microsoft.windows.common-controls_6595b64144ccf1df_6.0.22621.4391_none_2715d37f73803e96;C:\Program Files\Java\jdk-17\bin\server

VM Arguments:
jvm_args: -Xmx64m -Xms64m -Dorg.gradle.appname=gradlew 
java_command: org.gradle.wrapper.GradleWrapperMain app:installDebug -PreactNativeDevServerPort=8081
java_class_path (initial): C:\Users\mahco\PhoneProjects\FlyerDraft3CLI\android\\gradle\wrapper\gradle-wrapper.jar
Launcher Type: SUN_STANDARD

[Global flags]
     intx CICompilerCount                          = 4                                         {product} {ergonomic}
     uint ConcGCThreads                            = 3                                         {product} {ergonomic}
     uint G1ConcRefinementThreads                  = 10                                        {product} {ergonomic}
   size_t G1HeapRegionSize                         = 1048576                                   {product} {ergonomic}
    uintx GCDrainStackTargetSize                   = 64                                        {product} {ergonomic}
   size_t InitialHeapSize                          = 67108864                                  {product} {command line}
   size_t MarkStackSize                            = 4194304                                   {product} {ergonomic}
   size_t MaxHeapSize                              = 67108864                                  {product} {command line}
   size_t MinHeapDeltaBytes                        = 1048576                                   {product} {ergonomic}
   size_t MinHeapSize                              = 67108864                                  {product} {command line}
    uintx NonNMethodCodeHeapSize                   = 5839372                                {pd product} {ergonomic}
    uintx NonProfiledCodeHeapSize                  = 122909434                              {pd product} {ergonomic}
    uintx ProfiledCodeHeapSize                     = 122909434                              {pd product} {ergonomic}
    uintx ReservedCodeCacheSize                    = 251658240                              {pd product} {ergonomic}
     bool SegmentedCodeCache                       = true                                      {product} {ergonomic}
   size_t SoftMaxHeapSize                          = 67108864                               {manageable} {ergonomic}
     bool UseCompressedClassPointers               = true                           {product lp64_product} {ergonomic}
     bool UseCompressedOops                        = true                           {product lp64_product} {ergonomic}
     bool UseG1GC                                  = true                                      {product} {ergonomic}
     bool UseLargePagesIndividualAllocation        = false                                  {pd product} {ergonomic}

Logging:
Log output configuration:
 #0: stdout all=warning uptime,level,tags
 #1: stderr all=off uptime,level,tags

Environment Variables:
JAVA_HOME=C:\Program Files\Java\jdk-17
CLASSPATH=C:\Users\mahco\PhoneProjects\FlyerDraft3CLI\android\\gradle\wrapper\gradle-wrapper.jar
PATH=C:\Users\mahco\PhoneProjects\FlyerDraft3CLI\node_modules\.bin;C:\Users\mahco\PhoneProjects\FlyerDraft3CLI\node_modules\.bin;C:\Users\mahco\PhoneProjects\node_modules\.bin;C:\Users\mahco\node_modules\.bin;C:\Users\node_modules\.bin;C:\node_modules\.bin;C:\Users\mahco\AppData\Roaming\npm\node_modules\npm\node_modules\@npmcli\run-script\lib\node-gyp-bin;C:\Users\mahco\PhoneProjects\FlyerDraft3CLI\node_modules\.bin;C:\Users\mahco\PhoneProjects\FlyerDraft3CLI\node_modules\.bin;C:\Users\mahco\PhoneProjects\node_modules\.bin;C:\Users\mahco\node_modules\.bin;C:\Users\node_modules\.bin;C:\node_modules\.bin;C:\Users\mahco\AppData\Roaming\npm\node_modules\npm\node_modules\@npmcli\run-script\lib\node-gyp-bin;C:\Program Files\Eclipse Adoptium\jdk-17.0.13.11-hotspot\bin;C:\Python312\Scripts\;C:\Python312\;C:\Program Files\Common Files\Oracle\Java\javapath;C:\Program Files\Microsoft\jdk-11.0.16.101-hotspot\bin;C:\Windows\system32;C:\Windows;C:\Windows\System32\Wbem;C:\Windows\System32\WindowsPowerShell\v1.0\;C:\Windows\System32\OpenSSH\;C:\Program Files (x86)\NVIDIA Corporation\PhysX\Common;C:\Program Files\NVIDIA Corporation\NVIDIA NvDLISR;C:\WINDOWS\system32;C:\WINDOWS;C:\WINDOWS\System32\Wbem;C:\WINDOWS\System32\WindowsPowerShell\v1.0\;C:\WINDOWS\System32\OpenSSH\;C:\Program Files\dotnet\;C:\Program Files\Microsoft SQL Server\150\Tools\Binn\;C:\Program Files\Microsoft SQL Server\Client SDK\ODBC\170\Tools\Binn\;C:\Program Files (x86)\dotnet\;C:\WINDOWS\system32;C:\WINDOWS;C:\WINDOWS\System32\Wbem;C:\WINDOWS\System32\WindowsPowerShell\v1.0\;C:\WINDOWS\System32\OpenSSH\;C:\Program Files\Git\cmd;C:\Program Files (x86)\Microsoft SQL Server\160\Tools\Binn\;C:\Program Files\Microsoft SQL Server\160\Tools\Binn\;C:\Program Files\Microsoft SQL Server\160\DTS\Binn\;C:\Program Files (x86)\Microsoft SQL Server\160\DTS\Binn\;C:\Program Files\Azure Data Studio\bin;C:\Program Files\nodejs\;C:\ProgramData\chocolatey\bin;C:\Program Files\Java\jdk-17\bin;C:\Users\mahco\AppData\Local\Microsoft\W
USERNAME=mahco
OS=Windows_NT
PROCESSOR_IDENTIFIER=Intel64 Family 6 Model 165 Stepping 2, GenuineIntel



---------------  S Y S T E M  ---------------

OS:
 Windows 11 , 64 bit Build 22621 (10.0.22621.4391)
OS uptime: 0 days 13:46 hours
Hyper-V role detected

CPU: total 12 (initial active 12) (6 cores per cpu, 2 threads per core) family 6 model 165 stepping 2 microcode 0xf4, cx8, cmov, fxsr, ht, mmx, 3dnowpref, sse, sse2, sse3, ssse3, sse4.1, sse4.2, popcnt, lzcnt, tsc, tscinvbit, avx, avx2, aes, erms, clmul, bmi1, bmi2, adx, fma, vzeroupper, clflush, clflushopt, hv

Memory: 4k page, system-wide physical 16129M (523M free)
TotalPageFile size 44428M (AvailPageFile size 5M)
current process WorkingSet (physical memory assigned to process): 11M, peak: 11M
current process commit charge ("private bytes"): 64M, peak: 128M

vm_info: Java HotSpot(TM) 64-Bit Server VM (17.0.12+8-LTS-286) for windows-amd64 JRE (17.0.12+8-LTS-286), built on Jun  5 2024 06:46:59 by "mach5one" with MS VC++ 17.6 (VS2022)

END.
