#
# There is insufficient memory for the Java Runtime Environment to continue.
# Native memory allocation (malloc) failed to allocate 383168 bytes for Chunk::new
# Possible reasons:
#   The system is out of physical RAM or swap space
#   The process is running with CompressedOops enabled, and the Java Heap may be blocking the growth of the native heap
# Possible solutions:
#   Reduce memory load on the system
#   Increase physical memory or swap space
#   Check if swap backing store is full
#   Decrease Java heap size (-Xmx/-Xms)
#   Decrease number of Java threads
#   Decrease Java thread stack sizes (-Xss)
#   Set larger code cache with -XX:ReservedCodeCacheSize=
#   JVM is running with Unscaled Compressed Oops mode in which the Java heap is
#     placed in the first 4GB address space. The Java Heap base address is the
#     maximum limit for the native heap growth. Please use -XX:HeapBaseMinAddress
#     to set the Java Heap base and to place the Java Heap above 4GB virtual address.
# This output file may be truncated or incomplete.
#
#  Out of Memory Error (arena.cpp:189), pid=2328, tid=19784
#
# JRE version: Java(TM) SE Runtime Environment (17.0.12+8) (build 17.0.12+8-LTS-286)
# Java VM: Java HotSpot(TM) 64-Bit Server VM (17.0.12+8-LTS-286, mixed mode, sharing, tiered, compressed oops, compressed class ptrs, g1 gc, windows-amd64)
# No core dump will be written. Minidumps are not enabled by default on client versions of Windows
#

---------------  S U M M A R Y ------------

Command Line: -Xmx64m -Xms64m -Dorg.gradle.appname=gradlew org.gradle.wrapper.GradleWrapperMain app:installDebug -PreactNativeDevServerPort=8081

Host: Intel(R) Core(TM) i7-10750H CPU @ 2.60GHz, 12 cores, 15G,  Windows 11 , 64 bit Build 22621 (10.0.22621.4391)
Time: Mon Dec  2 10:50:52 2024 Eastern Standard Time elapsed time: 11.674614 seconds (0d 0h 0m 11s)

---------------  T H R E A D  ---------------

Current thread (0x000001f42d52fce0):  JavaThread "C2 CompilerThread0" daemon [_thread_in_native, id=19784, stack(0x000000f32d700000,0x000000f32d800000)]


Current CompileTask:
C2:  11674  915       4       java.util.jar.JarFile::getEntry (35 bytes)

Stack: [0x000000f32d700000,0x000000f32d800000]
Native frames: (J=compiled Java code, j=interpreted, Vv=VM code, C=native code)
V  [jvm.dll+0x67a04a]
V  [jvm.dll+0x7da4ed]
V  [jvm.dll+0x7dbe33]
V  [jvm.dll+0x7dc4a3]
V  [jvm.dll+0x24508f]
V  [jvm.dll+0xab773]
V  [jvm.dll+0xabd3c]
V  [jvm.dll+0x361bee]
V  [jvm.dll+0x1ba45a]
V  [jvm.dll+0x216997]
V  [jvm.dll+0x215c6f]
V  [jvm.dll+0x1a2960]
V  [jvm.dll+0x22610b]
V  [jvm.dll+0x2242ab]
V  [jvm.dll+0x79075c]
V  [jvm.dll+0x78abea]
V  [jvm.dll+0x678f35]
C  [ucrtbase.dll+0x29333]
C  [KERNEL32.DLL+0x1259d]
C  [ntdll.dll+0x5af38]


---------------  P R O C E S S  ---------------

Threads class SMR info:
_java_thread_list=0x000001f42d727190, length=12, elements={
0x000001f41392e480, 0x000001f42d50e340, 0x000001f42d50f310, 0x000001f42d526a40,
0x000001f42d52a530, 0x000001f42d52cf00, 0x000001f42d52d8c0, 0x000001f42d52fce0,
0x000001f42d531600, 0x000001f42d5a4e10, 0x000001f42d767dd0, 0x000001f42d76a550
}

Java Threads: ( => current thread )
  0x000001f41392e480 JavaThread "main" [_thread_in_native, id=20428, stack(0x000000f32ca00000,0x000000f32cb00000)]
  0x000001f42d50e340 JavaThread "Reference Handler" daemon [_thread_blocked, id=43428, stack(0x000000f32d100000,0x000000f32d200000)]
  0x000001f42d50f310 JavaThread "Finalizer" daemon [_thread_blocked, id=4884, stack(0x000000f32d200000,0x000000f32d300000)]
  0x000001f42d526a40 JavaThread "Signal Dispatcher" daemon [_thread_blocked, id=50200, stack(0x000000f32d300000,0x000000f32d400000)]
  0x000001f42d52a530 JavaThread "Attach Listener" daemon [_thread_blocked, id=50424, stack(0x000000f32d400000,0x000000f32d500000)]
  0x000001f42d52cf00 JavaThread "Service Thread" daemon [_thread_blocked, id=29128, stack(0x000000f32d500000,0x000000f32d600000)]
  0x000001f42d52d8c0 JavaThread "Monitor Deflation Thread" daemon [_thread_blocked, id=30980, stack(0x000000f32d600000,0x000000f32d700000)]
=>0x000001f42d52fce0 JavaThread "C2 CompilerThread0" daemon [_thread_in_native, id=19784, stack(0x000000f32d700000,0x000000f32d800000)]
  0x000001f42d531600 JavaThread "C1 CompilerThread0" daemon [_thread_blocked, id=38220, stack(0x000000f32d800000,0x000000f32d900000)]
  0x000001f42d5a4e10 JavaThread "Sweeper thread" daemon [_thread_blocked, id=46224, stack(0x000000f32d900000,0x000000f32da00000)]
  0x000001f42d767dd0 JavaThread "Notification Thread" daemon [_thread_blocked, id=45928, stack(0x000000f32da00000,0x000000f32db00000)]
  0x000001f42d76a550 JavaThread "Common-Cleaner" daemon [_thread_blocked, id=44624, stack(0x000000f32dc00000,0x000000f32dd00000)]

Other Threads:
  0x000001f42d509a80 VMThread "VM Thread" [stack: 0x000000f32d000000,0x000000f32d100000] [id=32964]
  0x000001f42d76a2c0 WatcherThread [stack: 0x000000f32db00000,0x000000f32dc00000] [id=47720]
  0x000001f41394e8c0 GCTaskThread "GC Thread#0" [stack: 0x000000f32cb00000,0x000000f32cc00000] [id=17716]
  0x000001f47316ddc0 GCTaskThread "GC Thread#1" [stack: 0x000000f32dd00000,0x000000f32de00000] [id=49820]
  0x000001f473184570 GCTaskThread "GC Thread#2" [stack: 0x000000f32de00000,0x000000f32df00000] [id=51600]
  0x000001f4731e31c0 GCTaskThread "GC Thread#3" [stack: 0x000000f32df00000,0x000000f32e000000] [id=51604]
  0x000001f413950010 ConcurrentGCThread "G1 Main Marker" [stack: 0x000000f32cc00000,0x000000f32cd00000] [id=47244]
  0x000001f413950a20 ConcurrentGCThread "G1 Conc#0" [stack: 0x000000f32cd00000,0x000000f32ce00000] [id=15820]
  0x000001f4139b8220 ConcurrentGCThread "G1 Refine#0" [stack: 0x000000f32ce00000,0x000000f32cf00000] [id=48328]
  0x000001f4139b8c50 ConcurrentGCThread "G1 Service" [stack: 0x000000f32cf00000,0x000000f32d000000] [id=47388]

Threads with active compile tasks:
C2 CompilerThread0    12400  915       4       java.util.jar.JarFile::getEntry (35 bytes)

VM state: not at safepoint (normal execution)

VM Mutex/Monitor currently owned by a thread: None

Heap address: 0x00000000fc000000, size: 64 MB, Compressed Oops mode: 32-bit

CDS archive(s) mapped at: [0x000001f42e000000-0x000001f42ebd0000-0x000001f42ebd0000), size 12386304, SharedBaseAddress: 0x000001f42e000000, ArchiveRelocationMode: 1.
Compressed class space mapped at: 0x000001f42f000000-0x000001f46f000000, reserved size: 1073741824
Narrow klass base: 0x000001f42e000000, Narrow klass shift: 0, Narrow klass range: 0x100000000

GC Precious Log:
 CPUs: 12 total, 12 available
 Memory: 16129M
 Large Page Support: Disabled
 NUMA Support: Disabled
 Compressed Oops: Enabled (32-bit)
 Heap Region Size: 1M
 Heap Min Capacity: 64M
 Heap Initial Capacity: 64M
 Heap Max Capacity: 64M
 Pre-touch: Disabled
 Parallel Workers: 10
 Concurrent Workers: 3
 Concurrent Refinement Workers: 10
 Periodic GC: Disabled

Heap:
 garbage-first heap   total 65536K, used 20764K [0x00000000fc000000, 0x0000000100000000)
  region size 1024K, 16 young (16384K), 3 survivors (3072K)
 Metaspace       used 4261K, committed 4352K, reserved 1114112K
  class space    used 541K, committed 576K, reserved 1048576K

Heap Regions: E=young(eden), S=young(survivor), O=old, HS=humongous(starts), HC=humongous(continues), CS=collection set, F=free, OA=open archive, CA=closed archive, TAMS=top-at-mark-start (previous, next)
|   0|0x00000000fc000000, 0x00000000fc100000, 0x00000000fc100000|100%| O|  |TAMS 0x00000000fc000000, 0x00000000fc000000| Untracked 
|   1|0x00000000fc100000, 0x00000000fc147200, 0x00000000fc200000| 27%| O|  |TAMS 0x00000000fc100000, 0x00000000fc100000| Untracked 
|   2|0x00000000fc200000, 0x00000000fc300000, 0x00000000fc300000|100%|HS|  |TAMS 0x00000000fc200000, 0x00000000fc200000| Complete 
|   3|0x00000000fc300000, 0x00000000fc400000, 0x00000000fc400000|100%|HC|  |TAMS 0x00000000fc300000, 0x00000000fc300000| Complete 
|   4|0x00000000fc400000, 0x00000000fc500000, 0x00000000fc500000|100%|HC|  |TAMS 0x00000000fc400000, 0x00000000fc400000| Complete 
|   5|0x00000000fc500000, 0x00000000fc600000, 0x00000000fc600000|100%|HC|  |TAMS 0x00000000fc500000, 0x00000000fc500000| Complete 
|   6|0x00000000fc600000, 0x00000000fc600000, 0x00000000fc700000|  0%| F|  |TAMS 0x00000000fc600000, 0x00000000fc600000| Untracked 
|   7|0x00000000fc700000, 0x00000000fc700000, 0x00000000fc800000|  0%| F|  |TAMS 0x00000000fc700000, 0x00000000fc700000| Untracked 
|   8|0x00000000fc800000, 0x00000000fc800000, 0x00000000fc900000|  0%| F|  |TAMS 0x00000000fc800000, 0x00000000fc800000| Untracked 
|   9|0x00000000fc900000, 0x00000000fc900000, 0x00000000fca00000|  0%| F|  |TAMS 0x00000000fc900000, 0x00000000fc900000| Untracked 
|  10|0x00000000fca00000, 0x00000000fca00000, 0x00000000fcb00000|  0%| F|  |TAMS 0x00000000fca00000, 0x00000000fca00000| Untracked 
|  11|0x00000000fcb00000, 0x00000000fcb00000, 0x00000000fcc00000|  0%| F|  |TAMS 0x00000000fcb00000, 0x00000000fcb00000| Untracked 
|  12|0x00000000fcc00000, 0x00000000fcc00000, 0x00000000fcd00000|  0%| F|  |TAMS 0x00000000fcc00000, 0x00000000fcc00000| Untracked 
|  13|0x00000000fcd00000, 0x00000000fcd00000, 0x00000000fce00000|  0%| F|  |TAMS 0x00000000fcd00000, 0x00000000fcd00000| Untracked 
|  14|0x00000000fce00000, 0x00000000fce00000, 0x00000000fcf00000|  0%| F|  |TAMS 0x00000000fce00000, 0x00000000fce00000| Untracked 
|  15|0x00000000fcf00000, 0x00000000fcf00000, 0x00000000fd000000|  0%| F|  |TAMS 0x00000000fcf00000, 0x00000000fcf00000| Untracked 
|  16|0x00000000fd000000, 0x00000000fd000000, 0x00000000fd100000|  0%| F|  |TAMS 0x00000000fd000000, 0x00000000fd000000| Untracked 
|  17|0x00000000fd100000, 0x00000000fd100000, 0x00000000fd200000|  0%| F|  |TAMS 0x00000000fd100000, 0x00000000fd100000| Untracked 
|  18|0x00000000fd200000, 0x00000000fd200000, 0x00000000fd300000|  0%| F|  |TAMS 0x00000000fd200000, 0x00000000fd200000| Untracked 
|  19|0x00000000fd300000, 0x00000000fd300000, 0x00000000fd400000|  0%| F|  |TAMS 0x00000000fd300000, 0x00000000fd300000| Untracked 
|  20|0x00000000fd400000, 0x00000000fd400000, 0x00000000fd500000|  0%| F|  |TAMS 0x00000000fd400000, 0x00000000fd400000| Untracked 
|  21|0x00000000fd500000, 0x00000000fd500000, 0x00000000fd600000|  0%| F|  |TAMS 0x00000000fd500000, 0x00000000fd500000| Untracked 
|  22|0x00000000fd600000, 0x00000000fd600000, 0x00000000fd700000|  0%| F|  |TAMS 0x00000000fd600000, 0x00000000fd600000| Untracked 
|  23|0x00000000fd700000, 0x00000000fd700000, 0x00000000fd800000|  0%| F|  |TAMS 0x00000000fd700000, 0x00000000fd700000| Untracked 
|  24|0x00000000fd800000, 0x00000000fd800000, 0x00000000fd900000|  0%| F|  |TAMS 0x00000000fd800000, 0x00000000fd800000| Untracked 
|  25|0x00000000fd900000, 0x00000000fd900000, 0x00000000fda00000|  0%| F|  |TAMS 0x00000000fd900000, 0x00000000fd900000| Untracked 
|  26|0x00000000fda00000, 0x00000000fda00000, 0x00000000fdb00000|  0%| F|  |TAMS 0x00000000fda00000, 0x00000000fda00000| Untracked 
|  27|0x00000000fdb00000, 0x00000000fdb00000, 0x00000000fdc00000|  0%| F|  |TAMS 0x00000000fdb00000, 0x00000000fdb00000| Untracked 
|  28|0x00000000fdc00000, 0x00000000fdc00000, 0x00000000fdd00000|  0%| F|  |TAMS 0x00000000fdc00000, 0x00000000fdc00000| Untracked 
|  29|0x00000000fdd00000, 0x00000000fdd00000, 0x00000000fde00000|  0%| F|  |TAMS 0x00000000fdd00000, 0x00000000fdd00000| Untracked 
|  30|0x00000000fde00000, 0x00000000fde00000, 0x00000000fdf00000|  0%| F|  |TAMS 0x00000000fde00000, 0x00000000fde00000| Untracked 
|  31|0x00000000fdf00000, 0x00000000fdf00000, 0x00000000fe000000|  0%| F|  |TAMS 0x00000000fdf00000, 0x00000000fdf00000| Untracked 
|  32|0x00000000fe000000, 0x00000000fe000000, 0x00000000fe100000|  0%| F|  |TAMS 0x00000000fe000000, 0x00000000fe000000| Untracked 
|  33|0x00000000fe100000, 0x00000000fe100000, 0x00000000fe200000|  0%| F|  |TAMS 0x00000000fe100000, 0x00000000fe100000| Untracked 
|  34|0x00000000fe200000, 0x00000000fe200000, 0x00000000fe300000|  0%| F|  |TAMS 0x00000000fe200000, 0x00000000fe200000| Untracked 
|  35|0x00000000fe300000, 0x00000000fe300000, 0x00000000fe400000|  0%| F|  |TAMS 0x00000000fe300000, 0x00000000fe300000| Untracked 
|  36|0x00000000fe400000, 0x00000000fe400000, 0x00000000fe500000|  0%| F|  |TAMS 0x00000000fe400000, 0x00000000fe400000| Untracked 
|  37|0x00000000fe500000, 0x00000000fe500000, 0x00000000fe600000|  0%| F|  |TAMS 0x00000000fe500000, 0x00000000fe500000| Untracked 
|  38|0x00000000fe600000, 0x00000000fe700000, 0x00000000fe700000|100%| S|CS|TAMS 0x00000000fe600000, 0x00000000fe600000| Complete 
|  39|0x00000000fe700000, 0x00000000fe800000, 0x00000000fe800000|100%| S|CS|TAMS 0x00000000fe700000, 0x00000000fe700000| Complete 
|  40|0x00000000fe800000, 0x00000000fe900000, 0x00000000fe900000|100%| S|CS|TAMS 0x00000000fe800000, 0x00000000fe800000| Complete 
|  41|0x00000000fe900000, 0x00000000fe900000, 0x00000000fea00000|  0%| F|  |TAMS 0x00000000fe900000, 0x00000000fe900000| Untracked 
|  42|0x00000000fea00000, 0x00000000fea00000, 0x00000000feb00000|  0%| F|  |TAMS 0x00000000fea00000, 0x00000000fea00000| Untracked 
|  43|0x00000000feb00000, 0x00000000feb00000, 0x00000000fec00000|  0%| F|  |TAMS 0x00000000feb00000, 0x00000000feb00000| Untracked 
|  44|0x00000000fec00000, 0x00000000fec00000, 0x00000000fed00000|  0%| F|  |TAMS 0x00000000fec00000, 0x00000000fec00000| Untracked 
|  45|0x00000000fed00000, 0x00000000fed00000, 0x00000000fee00000|  0%| F|  |TAMS 0x00000000fed00000, 0x00000000fed00000| Untracked 
|  46|0x00000000fee00000, 0x00000000fee00000, 0x00000000fef00000|  0%| F|  |TAMS 0x00000000fee00000, 0x00000000fee00000| Untracked 
|  47|0x00000000fef00000, 0x00000000fef00000, 0x00000000ff000000|  0%| F|  |TAMS 0x00000000fef00000, 0x00000000fef00000| Untracked 
|  48|0x00000000ff000000, 0x00000000ff000000, 0x00000000ff100000|  0%| F|  |TAMS 0x00000000ff000000, 0x00000000ff000000| Untracked 
|  49|0x00000000ff100000, 0x00000000ff100000, 0x00000000ff200000|  0%| F|  |TAMS 0x00000000ff100000, 0x00000000ff100000| Untracked 
|  50|0x00000000ff200000, 0x00000000ff200000, 0x00000000ff300000|  0%| F|  |TAMS 0x00000000ff200000, 0x00000000ff200000| Untracked 
|  51|0x00000000ff300000, 0x00000000ff380800, 0x00000000ff400000| 50%| E|  |TAMS 0x00000000ff300000, 0x00000000ff300000| Complete 
|  52|0x00000000ff400000, 0x00000000ff500000, 0x00000000ff500000|100%| E|CS|TAMS 0x00000000ff400000, 0x00000000ff400000| Complete 
|  53|0x00000000ff500000, 0x00000000ff600000, 0x00000000ff600000|100%| E|CS|TAMS 0x00000000ff500000, 0x00000000ff500000| Complete 
|  54|0x00000000ff600000, 0x00000000ff700000, 0x00000000ff700000|100%| E|CS|TAMS 0x00000000ff600000, 0x00000000ff600000| Complete 
|  55|0x00000000ff700000, 0x00000000ff800000, 0x00000000ff800000|100%| E|CS|TAMS 0x00000000ff700000, 0x00000000ff700000| Complete 
|  56|0x00000000ff800000, 0x00000000ff900000, 0x00000000ff900000|100%| E|CS|TAMS 0x00000000ff800000, 0x00000000ff800000| Complete 
|  57|0x00000000ff900000, 0x00000000ffa00000, 0x00000000ffa00000|100%| E|CS|TAMS 0x00000000ff900000, 0x00000000ff900000| Complete 
|  58|0x00000000ffa00000, 0x00000000ffb00000, 0x00000000ffb00000|100%| E|CS|TAMS 0x00000000ffa00000, 0x00000000ffa00000| Complete 
|  59|0x00000000ffb00000, 0x00000000ffc00000, 0x00000000ffc00000|100%| E|CS|TAMS 0x00000000ffb00000, 0x00000000ffb00000| Complete 
|  60|0x00000000ffc00000, 0x00000000ffd00000, 0x00000000ffd00000|100%| E|CS|TAMS 0x00000000ffc00000, 0x00000000ffc00000| Complete 
|  61|0x00000000ffd00000, 0x00000000ffe00000, 0x00000000ffe00000|100%| E|CS|TAMS 0x00000000ffd00000, 0x00000000ffd00000| Complete 
|  62|0x00000000ffe00000, 0x00000000fff00000, 0x00000000fff00000|100%| E|CS|TAMS 0x00000000ffe00000, 0x00000000ffe00000| Complete 
|  63|0x00000000fff00000, 0x0000000100000000, 0x0000000100000000|100%| E|CS|TAMS 0x00000000fff00000, 0x00000000fff00000| Complete 

Card table byte_map: [0x000001f413870000,0x000001f413890000] _byte_map_base: 0x000001f413090000

Marking Bits (Prev, Next): (CMBitMap*) 0x000001f41394eee0, (CMBitMap*) 0x000001f41394ef20
 Prev Bits: [0x000001f42a710000, 0x000001f42a810000)
 Next Bits: [0x000001f42a810000, 0x000001f42a910000)

Polling page: 0x000001f4130d0000

Metaspace:

Usage:
  Non-class:      3.63 MB used.
      Class:    541.05 KB used.
       Both:      4.16 MB used.

Virtual space:
  Non-class space:       64.00 MB reserved,       3.69 MB (  6%) committed,  1 nodes.
      Class space:        1.00 GB reserved,     576.00 KB ( <1%) committed,  1 nodes.
             Both:        1.06 GB reserved,       4.25 MB ( <1%) committed. 

Chunk freelists:
   Non-Class:  10.41 MB
       Class:  15.38 MB
        Both:  25.78 MB

MaxMetaspaceSize: unlimited
CompressedClassSpaceSize: 1.00 GB
Initial GC threshold: 21.00 MB
Current GC threshold: 21.00 MB
CDS: on
MetaspaceReclaimPolicy: balanced
 - commit_granule_bytes: 65536.
 - commit_granule_words: 8192.
 - virtual_space_node_default_size: 8388608.
 - enlarge_chunks_in_place: 1.
 - new_chunks_are_fully_committed: 0.
 - uncommit_free_chunks: 1.
 - use_allocation_guard: 0.
 - handle_deallocations: 1.


Internal statistics:

num_allocs_failed_limit: 0.
num_arena_births: 46.
num_arena_deaths: 0.
num_vsnodes_births: 2.
num_vsnodes_deaths: 0.
num_space_committed: 68.
num_space_uncommitted: 0.
num_chunks_returned_to_freelist: 0.
num_chunks_taken_from_freelist: 151.
num_chunk_merges: 0.
num_chunk_splits: 97.
num_chunks_enlarged: 79.
num_inconsistent_stats: 0.

CodeHeap 'non-profiled nmethods': size=120000Kb used=436Kb max_used=436Kb free=119563Kb
 bounds [0x000001f422c90000, 0x000001f422f00000, 0x000001f42a1c0000]
CodeHeap 'profiled nmethods': size=120000Kb used=1895Kb max_used=1895Kb free=118104Kb
 bounds [0x000001f41b1c0000, 0x000001f41b430000, 0x000001f4226f0000]
CodeHeap 'non-nmethods': size=5760Kb used=1132Kb max_used=1172Kb free=4627Kb
 bounds [0x000001f4226f0000, 0x000001f422960000, 0x000001f422c90000]
 total_blobs=1401 nmethods=984 adapters=330
 compilation: enabled
              stopped_count=0, restarted_count=0
 full_count=0

Compilation events (20 events):
Event: 10.651 Thread 0x000001f42d52fce0 nmethod 906 0x000001f422cf6a90 code [0x000001f422cf6cc0, 0x000001f422cf8358]
Event: 10.735 Thread 0x000001f42d52fce0  911       4       java.lang.String::startsWith (138 bytes)
Event: 10.742 Thread 0x000001f42d52fce0 nmethod 911 0x000001f422cf9090 code [0x000001f422cf9220, 0x000001f422cf9538]
Event: 11.295 Thread 0x000001f42d531600  912       3       jdk.internal.jimage.ImageStringsReader::hashCode (33 bytes)
Event: 11.295 Thread 0x000001f42d531600 nmethod 912 0x000001f41b373d10 code [0x000001f41b373ec0, 0x000001f41b374038]
Event: 11.581 Thread 0x000001f42d531600  913       3       java.lang.String::toCharArray (25 bytes)
Event: 11.581 Thread 0x000001f42d531600 nmethod 913 0x000001f41b374110 code [0x000001f41b3742e0, 0x000001f41b374578]
Event: 11.581 Thread 0x000001f42d531600  914       3       jdk.internal.misc.Unsafe::checkSize (32 bytes)
Event: 11.581 Thread 0x000001f42d531600 nmethod 914 0x000001f41b374690 code [0x000001f41b374840, 0x000001f41b374ac8]
Event: 11.597 Thread 0x000001f42d52fce0  915       4       java.util.jar.JarFile::getEntry (35 bytes)
Event: 11.622 Thread 0x000001f42d531600  921   !   3       java.util.jar.JarFile::getManifestFromReference (197 bytes)
Event: 11.624 Thread 0x000001f42d531600 nmethod 921 0x000001f41b374c10 code [0x000001f41b374f20, 0x000001f41b3763b8]
Event: 11.624 Thread 0x000001f42d531600  922   !   3       jdk.internal.loader.URLClassPath$JarLoader::checkResource (78 bytes)
Event: 11.625 Thread 0x000001f42d531600 nmethod 922 0x000001f41b376b10 code [0x000001f41b376d60, 0x000001f41b377788]
Event: 11.625 Thread 0x000001f42d531600  925       3       java.util.jar.JarFile::getManifest (5 bytes)
Event: 11.625 Thread 0x000001f42d531600 nmethod 925 0x000001f41b377c10 code [0x000001f41b377da0, 0x000001f41b377ee8]
Event: 11.625 Thread 0x000001f42d531600  923       3       jdk.internal.loader.URLClassPath$JarLoader$2::<init> (31 bytes)
Event: 11.625 Thread 0x000001f42d531600 nmethod 923 0x000001f41b377f90 code [0x000001f41b378140, 0x000001f41b3784b8]
Event: 11.625 Thread 0x000001f42d531600  924       3       jdk.internal.loader.Resource::<init> (5 bytes)
Event: 11.625 Thread 0x000001f42d531600 nmethod 924 0x000001f41b378590 code [0x000001f41b378720, 0x000001f41b378878]

GC Heap History (2 events):
Event: 4.424 GC heap before
{Heap before GC invocations=0 (full 0):
 garbage-first heap   total 65536K, used 22528K [0x00000000fc000000, 0x0000000100000000)
  region size 1024K, 23 young (23552K), 0 survivors (0K)
 Metaspace       used 1816K, committed 1920K, reserved 1114112K
  class space    used 158K, committed 192K, reserved 1048576K
}
Event: 5.236 GC heap after
{Heap after GC invocations=1 (full 0):
 garbage-first heap   total 65536K, used 4380K [0x00000000fc000000, 0x0000000100000000)
  region size 1024K, 3 young (3072K), 3 survivors (3072K)
 Metaspace       used 1816K, committed 1920K, reserved 1114112K
  class space    used 158K, committed 192K, reserved 1048576K
}

Deoptimization events (20 events):
Event: 8.901 Thread 0x000001f41392e480 Uncommon trap: trap_request=0xffffffde fr.pc=0x000001f422cadb3c relative=0x000000000000031c
Event: 8.901 Thread 0x000001f41392e480 Uncommon trap: reason=class_check action=maybe_recompile pc=0x000001f422cadb3c method=java.util.regex.Matcher.match(II)Z @ 121 c2
Event: 8.901 Thread 0x000001f41392e480 DEOPT PACKING pc=0x000001f422cadb3c sp=0x000000f32cafdb10
Event: 8.901 Thread 0x000001f41392e480 DEOPT UNPACKING pc=0x000001f4227423a3 sp=0x000000f32cafdaa8 mode 2
Event: 8.901 Thread 0x000001f41392e480 Uncommon trap: trap_request=0xffffffde fr.pc=0x000001f422cadb3c relative=0x000000000000031c
Event: 8.901 Thread 0x000001f41392e480 Uncommon trap: reason=class_check action=maybe_recompile pc=0x000001f422cadb3c method=java.util.regex.Matcher.match(II)Z @ 121 c2
Event: 8.901 Thread 0x000001f41392e480 DEOPT PACKING pc=0x000001f422cadb3c sp=0x000000f32cafdb10
Event: 8.901 Thread 0x000001f41392e480 DEOPT UNPACKING pc=0x000001f4227423a3 sp=0x000000f32cafdaa8 mode 2
Event: 9.254 Thread 0x000001f41392e480 Uncommon trap: trap_request=0xffffff45 fr.pc=0x000001f422c9cfd8 relative=0x0000000000000058
Event: 9.254 Thread 0x000001f41392e480 Uncommon trap: reason=unstable_if action=reinterpret pc=0x000001f422c9cfd8 method=java.util.regex.Pattern.has(I)Z @ 6 c2
Event: 9.254 Thread 0x000001f41392e480 DEOPT PACKING pc=0x000001f422c9cfd8 sp=0x000000f32cafd890
Event: 9.254 Thread 0x000001f41392e480 DEOPT UNPACKING pc=0x000001f4227423a3 sp=0x000000f32cafd820 mode 2
Event: 11.597 Thread 0x000001f41392e480 Uncommon trap: trap_request=0xffffff45 fr.pc=0x000001f422cb7a14 relative=0x0000000000000454
Event: 11.597 Thread 0x000001f41392e480 Uncommon trap: reason=unstable_if action=reinterpret pc=0x000001f422cb7a14 method=java.util.Properties.loadConvert([CIILjava/lang/StringBuilder;)Ljava/lang/String; @ 26 c2
Event: 11.597 Thread 0x000001f41392e480 DEOPT PACKING pc=0x000001f422cb7a14 sp=0x000000f32cafc250
Event: 11.597 Thread 0x000001f41392e480 DEOPT UNPACKING pc=0x000001f4227423a3 sp=0x000000f32cafc210 mode 2
Event: 11.597 Thread 0x000001f41392e480 Uncommon trap: trap_request=0xffffff45 fr.pc=0x000001f422cf5030 relative=0x0000000000000450
Event: 11.597 Thread 0x000001f41392e480 Uncommon trap: reason=unstable_if action=reinterpret pc=0x000001f422cf5030 method=java.util.regex.Matcher.match(II)Z @ 76 c2
Event: 11.597 Thread 0x000001f41392e480 DEOPT PACKING pc=0x000001f422cf5030 sp=0x000000f32cafc2e0
Event: 11.597 Thread 0x000001f41392e480 DEOPT UNPACKING pc=0x000001f4227423a3 sp=0x000000f32cafc298 mode 2

Classes unloaded (0 events):
No events

Classes redefined (0 events):
No events

Internal exceptions (3 events):
Event: 1.088 Thread 0x000001f41392e480 Exception <a 'java/lang/NoSuchMethodError'{0x00000000ffde9548}: 'int java.lang.invoke.DirectMethodHandle$Holder.invokeStaticInit(java.lang.Object, java.lang.Object)'> (0x00000000ffde9548) 
thrown [s\open\src\hotspot\share\interpreter\linkResolver.cpp, line 759]
Event: 9.256 Thread 0x000001f41392e480 Exception <a 'java/lang/NoSuchMethodError'{0x00000000ff66eef8}: 'void java.lang.invoke.DirectMethodHandle$Holder.invokeStatic(java.lang.Object, java.lang.Object)'> (0x00000000ff66eef8) 
thrown [s\open\src\hotspot\share\interpreter\linkResolver.cpp, line 759]
Event: 11.623 Thread 0x000001f41392e480 Exception <a 'java/lang/NoClassDefFoundError'{0x00000000ff528590}: org/slf4j/impl/StaticMarkerBinder> (0x00000000ff528590) 
thrown [s\open\src\hotspot\share\classfile\systemDictionary.cpp, line 245]

VM Operations (20 events):
Event: 1.476 Executing VM operation: Cleanup
Event: 1.476 Executing VM operation: Cleanup done
Event: 4.424 Executing VM operation: G1CollectForAllocation
Event: 5.236 Executing VM operation: G1CollectForAllocation done
Event: 6.247 Executing VM operation: Cleanup
Event: 6.308 Executing VM operation: Cleanup done
Event: 7.321 Executing VM operation: Cleanup
Event: 7.337 Executing VM operation: Cleanup done
Event: 7.990 Executing VM operation: HandshakeAllThreads
Event: 7.990 Executing VM operation: HandshakeAllThreads done
Event: 9.003 Executing VM operation: Cleanup
Event: 9.005 Executing VM operation: Cleanup done
Event: 10.017 Executing VM operation: Cleanup
Event: 10.049 Executing VM operation: Cleanup done
Event: 11.059 Executing VM operation: Cleanup
Event: 11.097 Executing VM operation: Cleanup done
Event: 11.580 Executing VM operation: HandshakeAllThreads
Event: 11.580 Executing VM operation: HandshakeAllThreads done
Event: 11.581 Executing VM operation: HandshakeAllThreads
Event: 11.581 Executing VM operation: HandshakeAllThreads done

Events (20 events):
Event: 11.097 loading class java/util/regex/Pattern$Prolog
Event: 11.110 loading class java/util/regex/Pattern$Prolog done
Event: 11.295 loading class java/net/URLClassLoader$2
Event: 11.405 loading class java/net/URLClassLoader$2 done
Event: 11.406 loading class sun/net/www/protocol/jar/JarURLConnection
Event: 11.436 loading class java/net/JarURLConnection
Event: 11.459 loading class java/net/JarURLConnection done
Event: 11.459 loading class sun/net/www/protocol/jar/JarURLConnection done
Event: 11.459 loading class sun/net/www/protocol/jar/JarFileFactory
Event: 11.526 loading class sun/net/www/protocol/jar/URLJarFile$URLJarFileCloseController
Event: 11.568 loading class sun/net/www/protocol/jar/URLJarFile$URLJarFileCloseController done
Event: 11.568 loading class sun/net/www/protocol/jar/JarFileFactory done
Event: 11.568 loading class sun/net/www/protocol/jar/URLJarFile
Event: 11.580 loading class sun/net/www/protocol/jar/URLJarFile done
Event: 11.581 loading class sun/net/www/protocol/jar/URLJarFile$URLJarFileEntry
Event: 11.587 loading class sun/net/www/protocol/jar/URLJarFile$URLJarFileEntry done
Event: 11.587 loading class sun/net/www/protocol/jar/JarURLConnection$JarURLInputStream
Event: 11.597 loading class sun/net/www/protocol/jar/JarURLConnection$JarURLInputStream done
Event: 11.598 loading class java/util/Formatter$FixedString
Event: 11.613 loading class java/util/Formatter$FixedString done


Dynamic libraries:
0x00007ff7296f0000 - 0x00007ff729700000 	C:\Program Files\Java\jdk-17\bin\java.exe
0x00007ff994010000 - 0x00007ff994227000 	C:\WINDOWS\SYSTEM32\ntdll.dll
0x00007ff992450000 - 0x00007ff992514000 	C:\WINDOWS\System32\KERNEL32.DLL
0x00007ff991440000 - 0x00007ff9917f9000 	C:\WINDOWS\System32\KERNELBASE.dll
0x0000000067740000 - 0x0000000067a6e000 	C:\Program Files\Norton Security\NortonData\22.20.5.39\Definitions\IPSDefs\20241129.064\IPSEng64.dll
0x00007ff9938f0000 - 0x00007ff9939a2000 	C:\WINDOWS\System32\ADVAPI32.dll
0x00007ff992cf0000 - 0x00007ff992d97000 	C:\WINDOWS\System32\msvcrt.dll
0x00007ff993b00000 - 0x00007ff993ba7000 	C:\WINDOWS\System32\sechost.dll
0x00007ff991d00000 - 0x00007ff991d28000 	C:\WINDOWS\System32\bcrypt.dll
0x00007ff991db0000 - 0x00007ff991ec4000 	C:\WINDOWS\System32\RPCRT4.dll
0x00007ff993720000 - 0x00007ff993728000 	C:\WINDOWS\System32\PSAPI.DLL
0x00007ff9918a0000 - 0x00007ff9919b1000 	C:\WINDOWS\System32\ucrtbase.dll
0x00007ff976310000 - 0x00007ff976329000 	C:\Program Files\Java\jdk-17\bin\jli.dll
0x00007ff993bb0000 - 0x00007ff993d5e000 	C:\WINDOWS\System32\USER32.dll
0x00007ff991cd0000 - 0x00007ff991cf6000 	C:\WINDOWS\System32\win32u.dll
0x00007ff993fa0000 - 0x00007ff993fc9000 	C:\WINDOWS\System32\GDI32.dll
0x00007ff9919c0000 - 0x00007ff991adb000 	C:\WINDOWS\System32\gdi32full.dll
0x00007ff976260000 - 0x00007ff97627b000 	C:\Program Files\Java\jdk-17\bin\VCRUNTIME140.dll
0x00007ff991800000 - 0x00007ff99189a000 	C:\WINDOWS\System32\msvcp_win.dll
0x00007ff96b7b0000 - 0x00007ff96ba42000 	C:\WINDOWS\WinSxS\amd64_microsoft.windows.common-controls_6595b64144ccf1df_6.0.22621.4391_none_2715d37f73803e96\COMCTL32.dll
0x00007ff97e8d0000 - 0x00007ff97e8da000 	C:\WINDOWS\SYSTEM32\VERSION.dll
0x00007ff993ac0000 - 0x00007ff993af1000 	C:\WINDOWS\System32\IMM32.DLL
0x00007ff97d800000 - 0x00007ff97d80c000 	C:\Program Files\Java\jdk-17\bin\vcruntime140_1.dll
0x00007ff939a70000 - 0x00007ff939afe000 	C:\Program Files\Java\jdk-17\bin\msvcp140.dll
0x00007ff926b40000 - 0x00007ff927720000 	C:\Program Files\Java\jdk-17\bin\server\jvm.dll
0x00007ff97c450000 - 0x00007ff97c459000 	C:\WINDOWS\SYSTEM32\WSOCK32.dll
0x00007ff9928e0000 - 0x00007ff992951000 	C:\WINDOWS\System32\WS2_32.dll
0x00007ff98ecc0000 - 0x00007ff98ecf4000 	C:\WINDOWS\SYSTEM32\WINMM.dll
0x00007ff990380000 - 0x00007ff990398000 	C:\WINDOWS\SYSTEM32\kernel.appcore.dll
0x00007ff966970000 - 0x00007ff96697a000 	C:\Program Files\Java\jdk-17\bin\jimage.dll
0x00007ff98ea80000 - 0x00007ff98ecb2000 	C:\WINDOWS\SYSTEM32\DBGHELP.DLL
0x00007ff992960000 - 0x00007ff992cef000 	C:\WINDOWS\System32\combase.dll
0x00007ff993e60000 - 0x00007ff993f37000 	C:\WINDOWS\System32\OLEAUT32.dll
0x00007ff98ea40000 - 0x00007ff98ea72000 	C:\WINDOWS\SYSTEM32\dbgcore.DLL
0x00007ff991c50000 - 0x00007ff991ccb000 	C:\WINDOWS\System32\bcryptPrimitives.dll
0x00007ff9662f0000 - 0x00007ff966315000 	C:\Program Files\Java\jdk-17\bin\java.dll
0x00007ff933de0000 - 0x00007ff933eb7000 	C:\Program Files\Java\jdk-17\bin\jsvml.dll
0x00007ff992da0000 - 0x00007ff993616000 	C:\WINDOWS\System32\SHELL32.dll
0x00007ff98f0a0000 - 0x00007ff98f9a3000 	C:\WINDOWS\SYSTEM32\windows.storage.dll
0x00007ff98f9f0000 - 0x00007ff98fb2f000 	C:\WINDOWS\SYSTEM32\wintypes.dll
0x00007ff9939c0000 - 0x00007ff993ab9000 	C:\WINDOWS\System32\SHCORE.dll
0x00007ff991ed0000 - 0x00007ff991f2e000 	C:\WINDOWS\System32\shlwapi.dll
0x00007ff991240000 - 0x00007ff99126b000 	C:\WINDOWS\SYSTEM32\profapi.dll
0x00007ff966280000 - 0x00007ff966299000 	C:\Program Files\Java\jdk-17\bin\net.dll
0x00007ff986310000 - 0x00007ff986446000 	C:\WINDOWS\SYSTEM32\WINHTTP.dll
0x00007ff990880000 - 0x00007ff9908e9000 	C:\WINDOWS\system32\mswsock.dll
0x00007ff9613d0000 - 0x00007ff9613e6000 	C:\Program Files\Java\jdk-17\bin\nio.dll
0x00007ff95d990000 - 0x00007ff95d9a8000 	C:\Program Files\Java\jdk-17\bin\zip.dll
0x00007ff966960000 - 0x00007ff966970000 	C:\Program Files\Java\jdk-17\bin\verify.dll
0x00007ff93f6e0000 - 0x00007ff93f707000 	C:\Users\mahco\.gradle\native\c067742578af261105cb4f569cf0c3c89f3d7b1fecec35dd04571415982c5e48\windows-amd64\native-platform.dll

dbghelp: loaded successfully - version: 4.0.5 - missing functions: none
symbol engine: initialized successfully - sym options: 0x614 - pdb path: .;C:\Program Files\Java\jdk-17\bin;C:\WINDOWS\SYSTEM32;C:\Program Files\Norton Security\NortonData\22.20.5.39\Definitions\IPSDefs\20241129.064;C:\WINDOWS\WinSxS\amd64_microsoft.windows.common-controls_6595b64144ccf1df_6.0.22621.4391_none_2715d37f73803e96;C:\Program Files\Java\jdk-17\bin\server;C:\Users\mahco\.gradle\native\c067742578af261105cb4f569cf0c3c89f3d7b1fecec35dd04571415982c5e48\windows-amd64

VM Arguments:
jvm_args: -Xmx64m -Xms64m -Dorg.gradle.appname=gradlew 
java_command: org.gradle.wrapper.GradleWrapperMain app:installDebug -PreactNativeDevServerPort=8081
java_class_path (initial): C:\Users\mahco\PhoneProjects\FlyerDraft3CLI\android\\gradle\wrapper\gradle-wrapper.jar
Launcher Type: SUN_STANDARD

[Global flags]
     intx CICompilerCount                          = 4                                         {product} {ergonomic}
     uint ConcGCThreads                            = 3                                         {product} {ergonomic}
     uint G1ConcRefinementThreads                  = 10                                        {product} {ergonomic}
   size_t G1HeapRegionSize                         = 1048576                                   {product} {ergonomic}
    uintx GCDrainStackTargetSize                   = 64                                        {product} {ergonomic}
   size_t InitialHeapSize                          = 67108864                                  {product} {command line}
   size_t MarkStackSize                            = 4194304                                   {product} {ergonomic}
   size_t MaxHeapSize                              = 67108864                                  {product} {command line}
   size_t MaxNewSize                               = 39845888                                  {product} {ergonomic}
   size_t MinHeapDeltaBytes                        = 1048576                                   {product} {ergonomic}
   size_t MinHeapSize                              = 67108864                                  {product} {command line}
    uintx NonNMethodCodeHeapSize                   = 5839372                                {pd product} {ergonomic}
    uintx NonProfiledCodeHeapSize                  = 122909434                              {pd product} {ergonomic}
    uintx ProfiledCodeHeapSize                     = 122909434                              {pd product} {ergonomic}
    uintx ReservedCodeCacheSize                    = 251658240                              {pd product} {ergonomic}
     bool SegmentedCodeCache                       = true                                      {product} {ergonomic}
   size_t SoftMaxHeapSize                          = 67108864                               {manageable} {ergonomic}
     bool UseCompressedClassPointers               = true                           {product lp64_product} {ergonomic}
     bool UseCompressedOops                        = true                           {product lp64_product} {ergonomic}
     bool UseG1GC                                  = true                                      {product} {ergonomic}
     bool UseLargePagesIndividualAllocation        = false                                  {pd product} {ergonomic}

Logging:
Log output configuration:
 #0: stdout all=warning uptime,level,tags
 #1: stderr all=off uptime,level,tags

Environment Variables:
JAVA_HOME=C:\Program Files\Java\jdk-17
CLASSPATH=C:\Users\mahco\PhoneProjects\FlyerDraft3CLI\android\\gradle\wrapper\gradle-wrapper.jar
PATH=C:\Users\mahco\PhoneProjects\FlyerDraft3CLI\node_modules\.bin;C:\Users\mahco\PhoneProjects\FlyerDraft3CLI\node_modules\.bin;C:\Users\mahco\PhoneProjects\node_modules\.bin;C:\Users\mahco\node_modules\.bin;C:\Users\node_modules\.bin;C:\node_modules\.bin;C:\Users\mahco\AppData\Roaming\npm\node_modules\npm\node_modules\@npmcli\run-script\lib\node-gyp-bin;C:\Users\mahco\PhoneProjects\FlyerDraft3CLI\node_modules\.bin;C:\Users\mahco\PhoneProjects\FlyerDraft3CLI\node_modules\.bin;C:\Users\mahco\PhoneProjects\node_modules\.bin;C:\Users\mahco\node_modules\.bin;C:\Users\node_modules\.bin;C:\node_modules\.bin;C:\Users\mahco\AppData\Roaming\npm\node_modules\npm\node_modules\@npmcli\run-script\lib\node-gyp-bin;C:\Program Files\Eclipse Adoptium\jdk-17.0.13.11-hotspot\bin;C:\Python312\Scripts\;C:\Python312\;C:\Program Files\Common Files\Oracle\Java\javapath;C:\Program Files\Microsoft\jdk-11.0.16.101-hotspot\bin;C:\Windows\system32;C:\Windows;C:\Windows\System32\Wbem;C:\Windows\System32\WindowsPowerShell\v1.0\;C:\Windows\System32\OpenSSH\;C:\Program Files (x86)\NVIDIA Corporation\PhysX\Common;C:\Program Files\NVIDIA Corporation\NVIDIA NvDLISR;C:\WINDOWS\system32;C:\WINDOWS;C:\WINDOWS\System32\Wbem;C:\WINDOWS\System32\WindowsPowerShell\v1.0\;C:\WINDOWS\System32\OpenSSH\;C:\Program Files\dotnet\;C:\Program Files\Microsoft SQL Server\150\Tools\Binn\;C:\Program Files\Microsoft SQL Server\Client SDK\ODBC\170\Tools\Binn\;C:\Program Files (x86)\dotnet\;C:\WINDOWS\system32;C:\WINDOWS;C:\WINDOWS\System32\Wbem;C:\WINDOWS\System32\WindowsPowerShell\v1.0\;C:\WINDOWS\System32\OpenSSH\;C:\Program Files\Git\cmd;C:\Program Files (x86)\Microsoft SQL Server\160\Tools\Binn\;C:\Program Files\Microsoft SQL Server\160\Tools\Binn\;C:\Program Files\Microsoft SQL Server\160\DTS\Binn\;C:\Program Files (x86)\Microsoft SQL Server\160\DTS\Binn\;C:\Program Files\Azure Data Studio\bin;C:\Program Files\nodejs\;C:\ProgramData\chocolatey\bin;C:\Program Files\Java\jdk-17\bin;C:\Users\mahco\AppData\Local\Microsoft\W
USERNAME=mahco
OS=Windows_NT
PROCESSOR_IDENTIFIER=Intel64 Family 6 Model 165 Stepping 2, GenuineIntel



---------------  S Y S T E M  ---------------

OS:
 Windows 11 , 64 bit Build 22621 (10.0.22621.4391)
OS uptime: 0 days 13:46 hours
Hyper-V role detected

CPU: total 12 (initial active 12) (6 cores per cpu, 2 threads per core) family 6 model 165 stepping 2 microcode 0xf4, cx8, cmov, fxsr, ht, mmx, 3dnowpref, sse, sse2, sse3, ssse3, sse4.1, sse4.2, popcnt, lzcnt, tsc, tscinvbit, avx, avx2, aes, erms, clmul, bmi1, bmi2, adx, fma, vzeroupper, clflush, clflushopt, hv

Memory: 4k page, system-wide physical 16129M (366M free)
TotalPageFile size 44428M (AvailPageFile size 697M)
current process WorkingSet (physical memory assigned to process): 67M, peak: 87M
current process commit charge ("private bytes"): 164M, peak: 169M

vm_info: Java HotSpot(TM) 64-Bit Server VM (17.0.12+8-LTS-286) for windows-amd64 JRE (17.0.12+8-LTS-286), built on Jun  5 2024 06:46:59 by "mach5one" with MS VC++ 17.6 (VS2022)

END.
